2022-12-11T23:07:49.241Z (2723da79-1660-454b-98ef-dac0769f94f1) Extended Request Id: dARe2GZQIAMF2og=
2022-12-11T23:07:49.241Z (2723da79-1660-454b-98ef-dac0769f94f1) Verifying Usage Plan for request: 2723da79-1660-454b-98ef-dac0769f94f1. API Key:  API Stage: h6da3w6ume/production
2022-12-11T23:07:49.242Z (2723da79-1660-454b-98ef-dac0769f94f1) API Key  authorized because method 'PUT /chargers' does not require API Key. Request will not contribute to throttle or quota limits
2022-12-11T23:07:49.242Z (2723da79-1660-454b-98ef-dac0769f94f1) Usage Plan check succeeded for API Key  and API Stage h6da3w6ume/production
2022-12-11T23:07:49.242Z (2723da79-1660-454b-98ef-dac0769f94f1) Starting execution for request: 2723da79-1660-454b-98ef-dac0769f94f1
2022-12-11T23:07:49.242Z (2723da79-1660-454b-98ef-dac0769f94f1) HTTP Method: PUT, Resource Path: /chargers/
2022-12-11T23:07:49.242Z (2723da79-1660-454b-98ef-dac0769f94f1) Method request path: {}
2022-12-11T23:07:49.242Z (2723da79-1660-454b-98ef-dac0769f94f1) Method request query string: {City=Korsa, Model=c12a, Output=22, PostCode=19021, SN=MD139F647H, Street=Korsveien 3, id=4}
2022-12-11T23:07:49.242Z (2723da79-1660-454b-98ef-dac0769f94f1) Method request headers: {Accept=*/*, User-Agent=python-requests/2.22.0, X-Forwarded-Proto=https, X-Forwarded-For=185.78.69.118, Host=api.elbrusgroup.net, Accept-Encoding=gzip, deflate, X-Forwarded-Port=443, X-Amzn-Trace-Id=Root=1-639662c5-723a35b82b89663456e90b6f}
2022-12-11T23:07:49.242Z (2723da79-1660-454b-98ef-dac0769f94f1) Method request body before transformations: 
2022-12-11T23:07:49.243Z (2723da79-1660-454b-98ef-dac0769f94f1) Endpoint request URI: https://lambda.us-east-1.amazonaws.com/2015-03-31/functions/arn:aws:lambda:us-east-1:391035843039:function:ChargingNetworkPutLF/invocations
2022-12-11T23:07:49.243Z (2723da79-1660-454b-98ef-dac0769f94f1) Endpoint request headers: {X-Amz-Date=20221211T230749Z, x-amzn-apigateway-api-id=h6da3w6ume, Accept=application/json, User-Agent=AmazonAPIGateway_h6da3w6ume, Host=lambda.us-east-1.amazonaws.com, X-Amz-Content-Sha256=03961605d00032d57a06222f2b4240f7e1e2be587f8f9027fc8e28a50da10230, X-Amzn-Trace-Id=Root=1-639662c5-723a35b82b89663456e90b6f, x-amzn-lambda-integration-tag=2723da79-1660-454b-98ef-dac0769f94f1, Authorization=*********************************************************************************************************************************************************************************************************************************************************************************************************************************************d200ba, X-Amz-Source-Arn=arn:aws:execute-api:us-east-1:391035843039:h6da3w6ume/production/PUT/chargers, X-Amz-Security-Token=IQoJb3JpZ2luX2VjEG8aCXVzLWVhc3QtMSJIMEYCIQD5WoFfBg4lnMrFSUkdzW2pHnn2kS7IDXcOfxT2KoRp8AIhAPTUtZyYiVizBHW53YcmVK11pBuLlDEBOeQKZ0Jyyf39KtUECJf///// [TRUNCATED]
2022-12-11T23:07:49.243Z (2723da79-1660-454b-98ef-dac0769f94f1) Endpoint request body after transformations: {
"id":  "4",
"City":  "Korsa",
"Model":  "c12a",
"Street":  "Korsveien 3",
"SN":  "MD139F647H",
"Output":  "22",
"PostCode": "19021"
}

2022-12-11T23:07:49.243Z (2723da79-1660-454b-98ef-dac0769f94f1) Sending request to https://lambda.us-east-1.amazonaws.com/2015-03-31/functions/arn:aws:lambda:us-east-1:391035843039:function:ChargingNetworkPutLF/invocations
2022-12-11T23:07:49.260Z (2723da79-1660-454b-98ef-dac0769f94f1) Received response. Status: 200, Integration latency: 17 ms
2022-12-11T23:07:49.260Z (2723da79-1660-454b-98ef-dac0769f94f1) Endpoint response headers: {Date=Sun, 11 Dec 2022 23:07:49 GMT, Content-Type=application/json, Content-Length=104, Connection=keep-alive, x-amzn-RequestId=13dcf633-a00f-423a-a9ea-b55cd5e5ce05, x-amzn-Remapped-Content-Length=0, X-Amz-Executed-Version=$LATEST, X-Amzn-Trace-Id=root=1-639662c5-723a35b82b89663456e90b6f;sampled=0}
2022-12-11T23:07:49.260Z (2723da79-1660-454b-98ef-dac0769f94f1) Endpoint response body before transformations: {"statusCode": 200, "body": "\"\\\"errorMessage\\\": \\\"One or more parameter values are not valid!\""}
2022-12-11T23:07:49.260Z (2723da79-1660-454b-98ef-dac0769f94f1) Method response body after transformations: {"statusCode": 200, "body": "\"\\\"errorMessage\\\": \\\"One or more parameter values are not valid!\""}
2022-12-11T23:07:49.260Z (2723da79-1660-454b-98ef-dac0769f94f1) Method response headers: {X-Amzn-Trace-Id=Root=1-639662c5-723a35b82b89663456e90b6f;Sampled=0, Content-Type=application/json}
2022-12-11T23:07:49.260Z (2723da79-1660-454b-98ef-dac0769f94f1) Successfully completed execution
2022-12-11T23:07:49.260Z (2723da79-1660-454b-98ef-dac0769f94f1) Method completed with status: 200
2022-12-11T23:07:49.260Z (2723da79-1660-454b-98ef-dac0769f94f1) AWS Integration Endpoint RequestId : 13dcf633-a00f-423a-a9ea-b55cd5e5ce05
