2022-12-01T13:55:19.070Z (c21506af-dfdd-48b7-bff5-d02bac144726) Extended Request Id: ceDLIEXoIAMFiSA=
2022-12-01T13:55:19.070Z (c21506af-dfdd-48b7-bff5-d02bac144726) Verifying Usage Plan for request: c21506af-dfdd-48b7-bff5-d02bac144726. API Key:  API Stage: h6da3w6ume/production
2022-12-01T13:55:19.071Z (c21506af-dfdd-48b7-bff5-d02bac144726) API Key  authorized because method 'PUT /chargers' does not require API Key. Request will not contribute to throttle or quota limits
2022-12-01T13:55:19.071Z (c21506af-dfdd-48b7-bff5-d02bac144726) Usage Plan check succeeded for API Key  and API Stage h6da3w6ume/production
2022-12-01T13:55:19.072Z (c21506af-dfdd-48b7-bff5-d02bac144726) Starting execution for request: c21506af-dfdd-48b7-bff5-d02bac144726
2022-12-01T13:55:19.072Z (c21506af-dfdd-48b7-bff5-d02bac144726) HTTP Method: PUT, Resource Path: /chargers
2022-12-01T13:55:19.072Z (c21506af-dfdd-48b7-bff5-d02bac144726) Method request path: {}
2022-12-01T13:55:19.072Z (c21506af-dfdd-48b7-bff5-d02bac144726) Method request query string: {City=Vola, Model=c12bs, Output=48, PostCode=19024, SN=AD129F232M, Street=Kulturplass 62, id=23}
2022-12-01T13:55:19.072Z (c21506af-dfdd-48b7-bff5-d02bac144726) Method request headers: {Accept=*/*, User-Agent=python-requests/2.22.0, X-Forwarded-Proto=https, X-Forwarded-For=195.159.241.26, Host=api.elbrusgroup.net, Accept-Encoding=gzip, deflate, X-Forwarded-Port=443, X-Amzn-Trace-Id=Root=1-6388b247-7030aed37d67c442235843b3}
2022-12-01T13:55:19.072Z (c21506af-dfdd-48b7-bff5-d02bac144726) Method request body before transformations: 
2022-12-01T13:55:19.072Z (c21506af-dfdd-48b7-bff5-d02bac144726) Endpoint request URI: https://lambda.us-east-1.amazonaws.com/2015-03-31/functions/arn:aws:lambda:us-east-1:391035843039:function:ChargingNetworkPutLF/invocations
2022-12-01T13:55:19.072Z (c21506af-dfdd-48b7-bff5-d02bac144726) Endpoint request headers: {X-Amz-Date=20221201T135519Z, x-amzn-apigateway-api-id=h6da3w6ume, Accept=application/json, User-Agent=AmazonAPIGateway_h6da3w6ume, Host=lambda.us-east-1.amazonaws.com, X-Amz-Content-Sha256=8303c0fd6c06c7d898380ca9e30d92573899e6ba88de3d5e72634e48a3b15fe6, X-Amzn-Trace-Id=Root=1-6388b247-7030aed37d67c442235843b3, x-amzn-lambda-integration-tag=c21506af-dfdd-48b7-bff5-d02bac144726, Authorization=*********************************************************************************************************************************************************************************************************************************************************************************************************************************************57391a, X-Amz-Source-Arn=arn:aws:execute-api:us-east-1:391035843039:h6da3w6ume/production/PUT/chargers, X-Amz-Security-Token=IQoJb3JpZ2luX2VjEHYaCXVzLWVhc3QtMSJIMEYCIQD//f1YwwKffpnl+QXAxPqQJZO3NlPoBQ5GgYDBOYgvHAIhANrZJ34c3IzT+nK4wNlgP5+V/17b/e/vzCdzhc70Ak17KtYECI7///// [TRUNCATED]
2022-12-01T13:55:19.072Z (c21506af-dfdd-48b7-bff5-d02bac144726) Endpoint request body after transformations: {
"id":  "23",
"City":  "Vola",
"Model":  "c12bs",
"Street":  "Kulturplass 62",
"SN":  "AD129F232M",
"Output":  "48",
"PostCode": "19024"
}

2022-12-01T13:55:19.072Z (c21506af-dfdd-48b7-bff5-d02bac144726) Sending request to https://lambda.us-east-1.amazonaws.com/2015-03-31/functions/arn:aws:lambda:us-east-1:391035843039:function:ChargingNetworkPutLF/invocations
2022-12-01T13:55:19.084Z (c21506af-dfdd-48b7-bff5-d02bac144726) Received response. Status: 200, Integration latency: 12 ms
2022-12-01T13:55:19.084Z (c21506af-dfdd-48b7-bff5-d02bac144726) Endpoint response headers: {Date=Thu, 01 Dec 2022 13:55:19 GMT, Content-Type=application/json, Content-Length=104, Connection=keep-alive, x-amzn-RequestId=75ec73b7-7557-4a24-b12e-3d0413d5366d, x-amzn-Remapped-Content-Length=0, X-Amz-Executed-Version=$LATEST, X-Amzn-Trace-Id=root=1-6388b247-7030aed37d67c442235843b3;sampled=0}
2022-12-01T13:55:19.084Z (c21506af-dfdd-48b7-bff5-d02bac144726) Endpoint response body before transformations: {"statusCode": 200, "body": "\"\\\"errorMessage\\\": \\\"One or more parameter values are not valid!\""}
2022-12-01T13:55:19.084Z (c21506af-dfdd-48b7-bff5-d02bac144726) Method response body after transformations: {"statusCode": 200, "body": "\"\\\"errorMessage\\\": \\\"One or more parameter values are not valid!\""}
2022-12-01T13:55:19.084Z (c21506af-dfdd-48b7-bff5-d02bac144726) Method response headers: {X-Amzn-Trace-Id=Root=1-6388b247-7030aed37d67c442235843b3;Sampled=0, Content-Type=application/json}
2022-12-01T13:55:19.084Z (c21506af-dfdd-48b7-bff5-d02bac144726) Successfully completed execution
2022-12-01T13:55:19.084Z (c21506af-dfdd-48b7-bff5-d02bac144726) Method completed with status: 200
2022-12-01T13:55:19.084Z (c21506af-dfdd-48b7-bff5-d02bac144726) AWS Integration Endpoint RequestId : 75ec73b7-7557-4a24-b12e-3d0413d5366d
