2022-12-11T23:08:01.676Z (f11209c6-556d-4069-a555-c6a457b8f462) Extended Request Id: dARgyG9uoAMFo1A=
2022-12-11T23:08:01.676Z (f11209c6-556d-4069-a555-c6a457b8f462) Verifying Usage Plan for request: f11209c6-556d-4069-a555-c6a457b8f462. API Key:  API Stage: h6da3w6ume/production
2022-12-11T23:08:01.678Z (f11209c6-556d-4069-a555-c6a457b8f462) API Key  authorized because method 'PUT /chargers' does not require API Key. Request will not contribute to throttle or quota limits
2022-12-11T23:08:01.678Z (f11209c6-556d-4069-a555-c6a457b8f462) Usage Plan check succeeded for API Key  and API Stage h6da3w6ume/production
2022-12-11T23:08:01.678Z (f11209c6-556d-4069-a555-c6a457b8f462) Starting execution for request: f11209c6-556d-4069-a555-c6a457b8f462
2022-12-11T23:08:01.678Z (f11209c6-556d-4069-a555-c6a457b8f462) HTTP Method: PUT, Resource Path: /chargers/
2022-12-11T23:08:01.678Z (f11209c6-556d-4069-a555-c6a457b8f462) Method request path: {}
2022-12-11T23:08:01.678Z (f11209c6-556d-4069-a555-c6a457b8f462) Method request query string: {City=Vola, Model=c12bs, Output=48, PostCode=19024, SN=AD129F294S, Street=Kulturplass 62, id=25}
2022-12-11T23:08:01.678Z (f11209c6-556d-4069-a555-c6a457b8f462) Method request headers: {Accept=*/*, User-Agent=python-requests/2.22.0, X-Forwarded-Proto=https, X-Forwarded-For=185.78.69.118, Host=api.elbrusgroup.net, Accept-Encoding=gzip, deflate, X-Forwarded-Port=443, X-Amzn-Trace-Id=Root=1-639662d1-5dcdd539381d919a4c80da33}
2022-12-11T23:08:01.678Z (f11209c6-556d-4069-a555-c6a457b8f462) Method request body before transformations: 
2022-12-11T23:08:01.678Z (f11209c6-556d-4069-a555-c6a457b8f462) Endpoint request URI: https://lambda.us-east-1.amazonaws.com/2015-03-31/functions/arn:aws:lambda:us-east-1:391035843039:function:ChargingNetworkPutLF/invocations
2022-12-11T23:08:01.678Z (f11209c6-556d-4069-a555-c6a457b8f462) Endpoint request headers: {X-Amz-Date=20221211T230801Z, x-amzn-apigateway-api-id=h6da3w6ume, Accept=application/json, User-Agent=AmazonAPIGateway_h6da3w6ume, Host=lambda.us-east-1.amazonaws.com, X-Amz-Content-Sha256=eb6777428d2fc4809fcdca0328db52466094e23d6f1ebb7864fa8a33d5e44f23, X-Amzn-Trace-Id=Root=1-639662d1-5dcdd539381d919a4c80da33, x-amzn-lambda-integration-tag=f11209c6-556d-4069-a555-c6a457b8f462, Authorization=*********************************************************************************************************************************************************************************************************************************************************************************************************************************************db178c, X-Amz-Source-Arn=arn:aws:execute-api:us-east-1:391035843039:h6da3w6ume/production/PUT/chargers, X-Amz-Security-Token=IQoJb3JpZ2luX2VjEG8aCXVzLWVhc3QtMSJHMEUCIDcTsITLlEQJ6OiRhiJRrZgE67fhHcjSeVtC9MwUR8HMAiEA/KnaL+2Okxcvnzg/sI3ECaiZ6NE6OaipTzTNjWgLj+kq1gQIl/////// [TRUNCATED]
2022-12-11T23:08:01.678Z (f11209c6-556d-4069-a555-c6a457b8f462) Endpoint request body after transformations: {
"id":  "25",
"City":  "Vola",
"Model":  "c12bs",
"Street":  "Kulturplass 62",
"SN":  "AD129F294S",
"Output":  "48",
"PostCode": "19024"
}

2022-12-11T23:08:01.678Z (f11209c6-556d-4069-a555-c6a457b8f462) Sending request to https://lambda.us-east-1.amazonaws.com/2015-03-31/functions/arn:aws:lambda:us-east-1:391035843039:function:ChargingNetworkPutLF/invocations
2022-12-11T23:08:01.694Z (f11209c6-556d-4069-a555-c6a457b8f462) Received response. Status: 200, Integration latency: 16 ms
2022-12-11T23:08:01.694Z (f11209c6-556d-4069-a555-c6a457b8f462) Endpoint response headers: {Date=Sun, 11 Dec 2022 23:08:01 GMT, Content-Type=application/json, Content-Length=104, Connection=keep-alive, x-amzn-RequestId=72eca8df-8ebc-41c1-9d96-a1f918d65d26, x-amzn-Remapped-Content-Length=0, X-Amz-Executed-Version=$LATEST, X-Amzn-Trace-Id=root=1-639662d1-5dcdd539381d919a4c80da33;sampled=0}
2022-12-11T23:08:01.694Z (f11209c6-556d-4069-a555-c6a457b8f462) Endpoint response body before transformations: {"statusCode": 200, "body": "\"\\\"errorMessage\\\": \\\"One or more parameter values are not valid!\""}
2022-12-11T23:08:01.694Z (f11209c6-556d-4069-a555-c6a457b8f462) Method response body after transformations: {"statusCode": 200, "body": "\"\\\"errorMessage\\\": \\\"One or more parameter values are not valid!\""}
2022-12-11T23:08:01.694Z (f11209c6-556d-4069-a555-c6a457b8f462) Method response headers: {X-Amzn-Trace-Id=Root=1-639662d1-5dcdd539381d919a4c80da33;Sampled=0, Content-Type=application/json}
2022-12-11T23:08:01.694Z (f11209c6-556d-4069-a555-c6a457b8f462) Successfully completed execution
2022-12-11T23:08:01.694Z (f11209c6-556d-4069-a555-c6a457b8f462) Method completed with status: 200
2022-12-11T23:08:01.694Z (f11209c6-556d-4069-a555-c6a457b8f462) AWS Integration Endpoint RequestId : 72eca8df-8ebc-41c1-9d96-a1f918d65d26
