2022-12-11T23:07:50.695Z (f6eb3d80-89f9-4e82-bf51-9d442a04fe35) Extended Request Id: dARfEFHeoAMFkeA=
2022-12-11T23:07:50.695Z (f6eb3d80-89f9-4e82-bf51-9d442a04fe35) Verifying Usage Plan for request: f6eb3d80-89f9-4e82-bf51-9d442a04fe35. API Key:  API Stage: h6da3w6ume/production
2022-12-11T23:07:50.697Z (f6eb3d80-89f9-4e82-bf51-9d442a04fe35) API Key  authorized because method 'PUT /chargers' does not require API Key. Request will not contribute to throttle or quota limits
2022-12-11T23:07:50.697Z (f6eb3d80-89f9-4e82-bf51-9d442a04fe35) Usage Plan check succeeded for API Key  and API Stage h6da3w6ume/production
2022-12-11T23:07:50.697Z (f6eb3d80-89f9-4e82-bf51-9d442a04fe35) Starting execution for request: f6eb3d80-89f9-4e82-bf51-9d442a04fe35
2022-12-11T23:07:50.697Z (f6eb3d80-89f9-4e82-bf51-9d442a04fe35) HTTP Method: PUT, Resource Path: /chargers/
2022-12-11T23:07:50.697Z (f6eb3d80-89f9-4e82-bf51-9d442a04fe35) Method request path: {}
2022-12-11T23:07:50.697Z (f6eb3d80-89f9-4e82-bf51-9d442a04fe35) Method request query string: {City=Korsa, Model=c12a, Output=22, PostCode=19021, SN=MD329F667H, Street=Korsveien 3, id=6}
2022-12-11T23:07:50.697Z (f6eb3d80-89f9-4e82-bf51-9d442a04fe35) Method request headers: {Accept=*/*, User-Agent=python-requests/2.22.0, X-Forwarded-Proto=https, X-Forwarded-For=185.78.69.118, Host=api.elbrusgroup.net, Accept-Encoding=gzip, deflate, X-Forwarded-Port=443, X-Amzn-Trace-Id=Root=1-639662c6-059e018774c2c5d006823cc7}
2022-12-11T23:07:50.697Z (f6eb3d80-89f9-4e82-bf51-9d442a04fe35) Method request body before transformations: 
2022-12-11T23:07:50.698Z (f6eb3d80-89f9-4e82-bf51-9d442a04fe35) Endpoint request URI: https://lambda.us-east-1.amazonaws.com/2015-03-31/functions/arn:aws:lambda:us-east-1:391035843039:function:ChargingNetworkPutLF/invocations
2022-12-11T23:07:50.698Z (f6eb3d80-89f9-4e82-bf51-9d442a04fe35) Endpoint request headers: {X-Amz-Date=20221211T230750Z, x-amzn-apigateway-api-id=h6da3w6ume, Accept=application/json, User-Agent=AmazonAPIGateway_h6da3w6ume, Host=lambda.us-east-1.amazonaws.com, X-Amz-Content-Sha256=91d24654de2237204ca5effed0e0b8e6cac6a4a33ac6640245801750ea0931d2, X-Amzn-Trace-Id=Root=1-639662c6-059e018774c2c5d006823cc7, x-amzn-lambda-integration-tag=f6eb3d80-89f9-4e82-bf51-9d442a04fe35, Authorization=*********************************************************************************************************************************************************************************************************************************************************************************************************************************************431b6c, X-Amz-Source-Arn=arn:aws:execute-api:us-east-1:391035843039:h6da3w6ume/production/PUT/chargers, X-Amz-Security-Token=IQoJb3JpZ2luX2VjEG8aCXVzLWVhc3QtMSJGMEQCIGSzi/W0MnEHJsTdZN3Rq1HfilDUOT0IyLK/9bXTV7MnAiBZPSWknlfeJVNPxXKBxTn47XAPHqEcvfzvSuFlELucZyrWBAiX//////// [TRUNCATED]
2022-12-11T23:07:50.698Z (f6eb3d80-89f9-4e82-bf51-9d442a04fe35) Endpoint request body after transformations: {
"id":  "6",
"City":  "Korsa",
"Model":  "c12a",
"Street":  "Korsveien 3",
"SN":  "MD329F667H",
"Output":  "22",
"PostCode": "19021"
}

2022-12-11T23:07:50.698Z (f6eb3d80-89f9-4e82-bf51-9d442a04fe35) Sending request to https://lambda.us-east-1.amazonaws.com/2015-03-31/functions/arn:aws:lambda:us-east-1:391035843039:function:ChargingNetworkPutLF/invocations
2022-12-11T23:07:50.713Z (f6eb3d80-89f9-4e82-bf51-9d442a04fe35) Received response. Status: 200, Integration latency: 15 ms
2022-12-11T23:07:50.713Z (f6eb3d80-89f9-4e82-bf51-9d442a04fe35) Endpoint response headers: {Date=Sun, 11 Dec 2022 23:07:50 GMT, Content-Type=application/json, Content-Length=104, Connection=keep-alive, x-amzn-RequestId=188bbfc5-d9ee-4d09-afd5-c388de7f77e6, x-amzn-Remapped-Content-Length=0, X-Amz-Executed-Version=$LATEST, X-Amzn-Trace-Id=root=1-639662c6-059e018774c2c5d006823cc7;sampled=0}
2022-12-11T23:07:50.713Z (f6eb3d80-89f9-4e82-bf51-9d442a04fe35) Endpoint response body before transformations: {"statusCode": 200, "body": "\"\\\"errorMessage\\\": \\\"One or more parameter values are not valid!\""}
2022-12-11T23:07:50.713Z (f6eb3d80-89f9-4e82-bf51-9d442a04fe35) Method response body after transformations: {"statusCode": 200, "body": "\"\\\"errorMessage\\\": \\\"One or more parameter values are not valid!\""}
2022-12-11T23:07:50.713Z (f6eb3d80-89f9-4e82-bf51-9d442a04fe35) Method response headers: {X-Amzn-Trace-Id=Root=1-639662c6-059e018774c2c5d006823cc7;Sampled=0, Content-Type=application/json}
2022-12-11T23:07:50.713Z (f6eb3d80-89f9-4e82-bf51-9d442a04fe35) Successfully completed execution
2022-12-11T23:07:50.713Z (f6eb3d80-89f9-4e82-bf51-9d442a04fe35) Method completed with status: 200
2022-12-11T23:07:50.713Z (f6eb3d80-89f9-4e82-bf51-9d442a04fe35) AWS Integration Endpoint RequestId : 188bbfc5-d9ee-4d09-afd5-c388de7f77e6
