2022-12-01T13:55:13.363Z (7ccd8c59-4d50-4193-9595-2a98007ac544) Extended Request Id: ceDKPGyxIAMFn3Q=
2022-12-01T13:55:13.364Z (7ccd8c59-4d50-4193-9595-2a98007ac544) Verifying Usage Plan for request: 7ccd8c59-4d50-4193-9595-2a98007ac544. API Key:  API Stage: h6da3w6ume/production
2022-12-01T13:55:13.365Z (7ccd8c59-4d50-4193-9595-2a98007ac544) API Key  authorized because method 'PUT /chargers' does not require API Key. Request will not contribute to throttle or quota limits
2022-12-01T13:55:13.365Z (7ccd8c59-4d50-4193-9595-2a98007ac544) Usage Plan check succeeded for API Key  and API Stage h6da3w6ume/production
2022-12-01T13:55:13.365Z (7ccd8c59-4d50-4193-9595-2a98007ac544) Starting execution for request: 7ccd8c59-4d50-4193-9595-2a98007ac544
2022-12-01T13:55:13.365Z (7ccd8c59-4d50-4193-9595-2a98007ac544) HTTP Method: PUT, Resource Path: /chargers
2022-12-01T13:55:13.365Z (7ccd8c59-4d50-4193-9595-2a98007ac544) Method request path: {}
2022-12-01T13:55:13.365Z (7ccd8c59-4d50-4193-9595-2a98007ac544) Method request query string: {City=Korsa, Model=c12b, Output=50, PostCode=19021, SN=MD129F646C, Street=Solli 29, id=10}
2022-12-01T13:55:13.365Z (7ccd8c59-4d50-4193-9595-2a98007ac544) Method request headers: {Accept=*/*, User-Agent=python-requests/2.22.0, X-Forwarded-Proto=https, X-Forwarded-For=195.159.241.26, Host=api.elbrusgroup.net, Accept-Encoding=gzip, deflate, X-Forwarded-Port=443, X-Amzn-Trace-Id=Root=1-6388b241-023c754e53fef8ff50767b1e}
2022-12-01T13:55:13.365Z (7ccd8c59-4d50-4193-9595-2a98007ac544) Method request body before transformations: 
2022-12-01T13:55:13.365Z (7ccd8c59-4d50-4193-9595-2a98007ac544) Endpoint request URI: https://lambda.us-east-1.amazonaws.com/2015-03-31/functions/arn:aws:lambda:us-east-1:391035843039:function:ChargingNetworkPutLF/invocations
2022-12-01T13:55:13.365Z (7ccd8c59-4d50-4193-9595-2a98007ac544) Endpoint request headers: {X-Amz-Date=20221201T135513Z, x-amzn-apigateway-api-id=h6da3w6ume, Accept=application/json, User-Agent=AmazonAPIGateway_h6da3w6ume, Host=lambda.us-east-1.amazonaws.com, X-Amz-Content-Sha256=509c05ecc2b8c468814caad2b4a3b32eaa433893774db6af65d41b80cd904414, X-Amzn-Trace-Id=Root=1-6388b241-023c754e53fef8ff50767b1e, x-amzn-lambda-integration-tag=7ccd8c59-4d50-4193-9595-2a98007ac544, Authorization=*********************************************************************************************************************************************************************************************************************************************************************************************************************************************6ef2f7, X-Amz-Source-Arn=arn:aws:execute-api:us-east-1:391035843039:h6da3w6ume/production/PUT/chargers, X-Amz-Security-Token=IQoJb3JpZ2luX2VjEHYaCXVzLWVhc3QtMSJHMEUCIQD6/w6ascSvTgmEDbnBBpDmLweO9OW5N3oDbknX7pJpjwIgYVMcuIFm9geTBQ7ogroLvVyJvXphcHDKgISOPLd4Dk0q1gQIjv////// [TRUNCATED]
2022-12-01T13:55:13.365Z (7ccd8c59-4d50-4193-9595-2a98007ac544) Endpoint request body after transformations: {
"id":  "10",
"City":  "Korsa",
"Model":  "c12b",
"Street":  "Solli 29",
"SN":  "MD129F646C",
"Output":  "50",
"PostCode": "19021"
}

2022-12-01T13:55:13.365Z (7ccd8c59-4d50-4193-9595-2a98007ac544) Sending request to https://lambda.us-east-1.amazonaws.com/2015-03-31/functions/arn:aws:lambda:us-east-1:391035843039:function:ChargingNetworkPutLF/invocations
2022-12-01T13:55:13.376Z (7ccd8c59-4d50-4193-9595-2a98007ac544) Received response. Status: 200, Integration latency: 11 ms
2022-12-01T13:55:13.376Z (7ccd8c59-4d50-4193-9595-2a98007ac544) Endpoint response headers: {Date=Thu, 01 Dec 2022 13:55:13 GMT, Content-Type=application/json, Content-Length=104, Connection=keep-alive, x-amzn-RequestId=33a6e52f-b1e7-4407-9221-74e7b1c07c9c, x-amzn-Remapped-Content-Length=0, X-Amz-Executed-Version=$LATEST, X-Amzn-Trace-Id=root=1-6388b241-023c754e53fef8ff50767b1e;sampled=0}
2022-12-01T13:55:13.376Z (7ccd8c59-4d50-4193-9595-2a98007ac544) Endpoint response body before transformations: {"statusCode": 200, "body": "\"\\\"errorMessage\\\": \\\"One or more parameter values are not valid!\""}
2022-12-01T13:55:13.376Z (7ccd8c59-4d50-4193-9595-2a98007ac544) Method response body after transformations: {"statusCode": 200, "body": "\"\\\"errorMessage\\\": \\\"One or more parameter values are not valid!\""}
2022-12-01T13:55:13.376Z (7ccd8c59-4d50-4193-9595-2a98007ac544) Method response headers: {X-Amzn-Trace-Id=Root=1-6388b241-023c754e53fef8ff50767b1e;Sampled=0, Content-Type=application/json}
2022-12-01T13:55:13.376Z (7ccd8c59-4d50-4193-9595-2a98007ac544) Successfully completed execution
2022-12-01T13:55:13.376Z (7ccd8c59-4d50-4193-9595-2a98007ac544) Method completed with status: 200
2022-12-01T13:55:13.376Z (7ccd8c59-4d50-4193-9595-2a98007ac544) AWS Integration Endpoint RequestId : 33a6e52f-b1e7-4407-9221-74e7b1c07c9c
