2022-12-11T23:07:56.283Z (4b0e1d39-3d1b-4ea3-b385-f9a293842e3e) Extended Request Id: dARf8EYHoAMFnKw=
2022-12-11T23:07:56.283Z (4b0e1d39-3d1b-4ea3-b385-f9a293842e3e) Verifying Usage Plan for request: 4b0e1d39-3d1b-4ea3-b385-f9a293842e3e. API Key:  API Stage: h6da3w6ume/production
2022-12-11T23:07:56.283Z (4b0e1d39-3d1b-4ea3-b385-f9a293842e3e) API Key  authorized because method 'PUT /chargers' does not require API Key. Request will not contribute to throttle or quota limits
2022-12-11T23:07:56.283Z (4b0e1d39-3d1b-4ea3-b385-f9a293842e3e) Usage Plan check succeeded for API Key  and API Stage h6da3w6ume/production
2022-12-11T23:07:56.284Z (4b0e1d39-3d1b-4ea3-b385-f9a293842e3e) Starting execution for request: 4b0e1d39-3d1b-4ea3-b385-f9a293842e3e
2022-12-11T23:07:56.284Z (4b0e1d39-3d1b-4ea3-b385-f9a293842e3e) HTTP Method: PUT, Resource Path: /chargers/
2022-12-11T23:07:56.284Z (4b0e1d39-3d1b-4ea3-b385-f9a293842e3e) Method request path: {}
2022-12-11T23:07:56.284Z (4b0e1d39-3d1b-4ea3-b385-f9a293842e3e) Method request query string: {City=Vola, Model=c12b, Output=50, PostCode=19024, SN=MD129F547C, Street=Smievegen 16, id=16}
2022-12-11T23:07:56.284Z (4b0e1d39-3d1b-4ea3-b385-f9a293842e3e) Method request headers: {Accept=*/*, User-Agent=python-requests/2.22.0, X-Forwarded-Proto=https, X-Forwarded-For=185.78.69.118, Host=api.elbrusgroup.net, Accept-Encoding=gzip, deflate, X-Forwarded-Port=443, X-Amzn-Trace-Id=Root=1-639662cc-271a63574e7963491eb41aac}
2022-12-11T23:07:56.284Z (4b0e1d39-3d1b-4ea3-b385-f9a293842e3e) Method request body before transformations: 
2022-12-11T23:07:56.284Z (4b0e1d39-3d1b-4ea3-b385-f9a293842e3e) Endpoint request URI: https://lambda.us-east-1.amazonaws.com/2015-03-31/functions/arn:aws:lambda:us-east-1:391035843039:function:ChargingNetworkPutLF/invocations
2022-12-11T23:07:56.284Z (4b0e1d39-3d1b-4ea3-b385-f9a293842e3e) Endpoint request headers: {X-Amz-Date=20221211T230756Z, x-amzn-apigateway-api-id=h6da3w6ume, Accept=application/json, User-Agent=AmazonAPIGateway_h6da3w6ume, Host=lambda.us-east-1.amazonaws.com, X-Amz-Content-Sha256=ac8340b697b490a4491907439b2ce5800728900a23d53a9c0a51bc0e55c66dcd, X-Amzn-Trace-Id=Root=1-639662cc-271a63574e7963491eb41aac, x-amzn-lambda-integration-tag=4b0e1d39-3d1b-4ea3-b385-f9a293842e3e, Authorization=*********************************************************************************************************************************************************************************************************************************************************************************************************************************************b5d919, X-Amz-Source-Arn=arn:aws:execute-api:us-east-1:391035843039:h6da3w6ume/production/PUT/chargers, X-Amz-Security-Token=IQoJb3JpZ2luX2VjEG4aCXVzLWVhc3QtMSJGMEQCIHNpWyhO6Uc2kbl+w/vlMDZ5V2xFKWBnPUfL6H1I5JTMAiAc3JYaOf3jhSqDzXr9vthdnOQ5rZd0lBtoxv6fcOgalSrWBAiX//////// [TRUNCATED]
2022-12-11T23:07:56.284Z (4b0e1d39-3d1b-4ea3-b385-f9a293842e3e) Endpoint request body after transformations: {
"id":  "16",
"City":  "Vola",
"Model":  "c12b",
"Street":  "Smievegen 16",
"SN":  "MD129F547C",
"Output":  "50",
"PostCode": "19024"
}

2022-12-11T23:07:56.284Z (4b0e1d39-3d1b-4ea3-b385-f9a293842e3e) Sending request to https://lambda.us-east-1.amazonaws.com/2015-03-31/functions/arn:aws:lambda:us-east-1:391035843039:function:ChargingNetworkPutLF/invocations
2022-12-11T23:07:56.303Z (4b0e1d39-3d1b-4ea3-b385-f9a293842e3e) Received response. Status: 200, Integration latency: 19 ms
2022-12-11T23:07:56.303Z (4b0e1d39-3d1b-4ea3-b385-f9a293842e3e) Endpoint response headers: {Date=Sun, 11 Dec 2022 23:07:56 GMT, Content-Type=application/json, Content-Length=104, Connection=keep-alive, x-amzn-RequestId=2f82a657-c9a7-4d76-9643-ff2d3a185a6c, x-amzn-Remapped-Content-Length=0, X-Amz-Executed-Version=$LATEST, X-Amzn-Trace-Id=root=1-639662cc-271a63574e7963491eb41aac;sampled=0}
2022-12-11T23:07:56.303Z (4b0e1d39-3d1b-4ea3-b385-f9a293842e3e) Endpoint response body before transformations: {"statusCode": 200, "body": "\"\\\"errorMessage\\\": \\\"One or more parameter values are not valid!\""}
2022-12-11T23:07:56.303Z (4b0e1d39-3d1b-4ea3-b385-f9a293842e3e) Method response body after transformations: {"statusCode": 200, "body": "\"\\\"errorMessage\\\": \\\"One or more parameter values are not valid!\""}
2022-12-11T23:07:56.303Z (4b0e1d39-3d1b-4ea3-b385-f9a293842e3e) Method response headers: {X-Amzn-Trace-Id=Root=1-639662cc-271a63574e7963491eb41aac;Sampled=0, Content-Type=application/json}
2022-12-11T23:07:56.303Z (4b0e1d39-3d1b-4ea3-b385-f9a293842e3e) Successfully completed execution
2022-12-11T23:07:56.303Z (4b0e1d39-3d1b-4ea3-b385-f9a293842e3e) Method completed with status: 200
2022-12-11T23:07:56.303Z (4b0e1d39-3d1b-4ea3-b385-f9a293842e3e) AWS Integration Endpoint RequestId : 2f82a657-c9a7-4d76-9643-ff2d3a185a6c
