2022-12-01T13:55:11.172Z (46134b5f-b48d-4e87-b22d-12c769031dc1) Extended Request Id: ceDJ5EYAoAMFy1g=
2022-12-01T13:55:11.172Z (46134b5f-b48d-4e87-b22d-12c769031dc1) Verifying Usage Plan for request: 46134b5f-b48d-4e87-b22d-12c769031dc1. API Key:  API Stage: h6da3w6ume/production
2022-12-01T13:55:11.175Z (46134b5f-b48d-4e87-b22d-12c769031dc1) API Key  authorized because method 'PUT /chargers' does not require API Key. Request will not contribute to throttle or quota limits
2022-12-01T13:55:11.175Z (46134b5f-b48d-4e87-b22d-12c769031dc1) Usage Plan check succeeded for API Key  and API Stage h6da3w6ume/production
2022-12-01T13:55:11.175Z (46134b5f-b48d-4e87-b22d-12c769031dc1) Starting execution for request: 46134b5f-b48d-4e87-b22d-12c769031dc1
2022-12-01T13:55:11.175Z (46134b5f-b48d-4e87-b22d-12c769031dc1) HTTP Method: PUT, Resource Path: /chargers
2022-12-01T13:55:11.175Z (46134b5f-b48d-4e87-b22d-12c769031dc1) Method request path: {}
2022-12-01T13:55:11.175Z (46134b5f-b48d-4e87-b22d-12c769031dc1) Method request query string: {City=Korsa, Model=c12a, Output=22, PostCode=19021, SN=MD729F871H, Street=Korsveien 3, id=5}
2022-12-01T13:55:11.175Z (46134b5f-b48d-4e87-b22d-12c769031dc1) Method request headers: {Accept=*/*, User-Agent=python-requests/2.22.0, X-Forwarded-Proto=https, X-Forwarded-For=195.159.241.26, Host=api.elbrusgroup.net, Accept-Encoding=gzip, deflate, X-Forwarded-Port=443, X-Amzn-Trace-Id=Root=1-6388b23f-0ef812276d479a9e1d385dd4}
2022-12-01T13:55:11.175Z (46134b5f-b48d-4e87-b22d-12c769031dc1) Method request body before transformations: 
2022-12-01T13:55:11.175Z (46134b5f-b48d-4e87-b22d-12c769031dc1) Endpoint request URI: https://lambda.us-east-1.amazonaws.com/2015-03-31/functions/arn:aws:lambda:us-east-1:391035843039:function:ChargingNetworkPutLF/invocations
2022-12-01T13:55:11.175Z (46134b5f-b48d-4e87-b22d-12c769031dc1) Endpoint request headers: {X-Amz-Date=20221201T135511Z, x-amzn-apigateway-api-id=h6da3w6ume, Accept=application/json, User-Agent=AmazonAPIGateway_h6da3w6ume, Host=lambda.us-east-1.amazonaws.com, X-Amz-Content-Sha256=d70eebb8ce8d753eb3be1172911eedf9b0b0634dac43e0cdbf15db42bbd19e38, X-Amzn-Trace-Id=Root=1-6388b23f-0ef812276d479a9e1d385dd4, x-amzn-lambda-integration-tag=46134b5f-b48d-4e87-b22d-12c769031dc1, Authorization=*********************************************************************************************************************************************************************************************************************************************************************************************************************************************0a8bca, X-Amz-Source-Arn=arn:aws:execute-api:us-east-1:391035843039:h6da3w6ume/production/PUT/chargers, X-Amz-Security-Token=IQoJb3JpZ2luX2VjEHUaCXVzLWVhc3QtMSJGMEQCIHCer4ueHOCoJiTjcT9h9CYKP5yeoG3cZchqLwsFyFmCAiB4NJ8hI18i8AtGvkZJ6R8P/+4SaBcJ6YPIqQGz04qVBSrVBAiN//////// [TRUNCATED]
2022-12-01T13:55:11.175Z (46134b5f-b48d-4e87-b22d-12c769031dc1) Endpoint request body after transformations: {
"id":  "5",
"City":  "Korsa",
"Model":  "c12a",
"Street":  "Korsveien 3",
"SN":  "MD729F871H",
"Output":  "22",
"PostCode": "19021"
}

2022-12-01T13:55:11.175Z (46134b5f-b48d-4e87-b22d-12c769031dc1) Sending request to https://lambda.us-east-1.amazonaws.com/2015-03-31/functions/arn:aws:lambda:us-east-1:391035843039:function:ChargingNetworkPutLF/invocations
2022-12-01T13:55:11.191Z (46134b5f-b48d-4e87-b22d-12c769031dc1) Received response. Status: 200, Integration latency: 16 ms
2022-12-01T13:55:11.191Z (46134b5f-b48d-4e87-b22d-12c769031dc1) Endpoint response headers: {Date=Thu, 01 Dec 2022 13:55:11 GMT, Content-Type=application/json, Content-Length=104, Connection=keep-alive, x-amzn-RequestId=1c8e0194-bc7c-4fb2-ac31-5014ef207259, x-amzn-Remapped-Content-Length=0, X-Amz-Executed-Version=$LATEST, X-Amzn-Trace-Id=root=1-6388b23f-0ef812276d479a9e1d385dd4;sampled=0}
2022-12-01T13:55:11.191Z (46134b5f-b48d-4e87-b22d-12c769031dc1) Endpoint response body before transformations: {"statusCode": 200, "body": "\"\\\"errorMessage\\\": \\\"One or more parameter values are not valid!\""}
2022-12-01T13:55:11.191Z (46134b5f-b48d-4e87-b22d-12c769031dc1) Method response body after transformations: {"statusCode": 200, "body": "\"\\\"errorMessage\\\": \\\"One or more parameter values are not valid!\""}
2022-12-01T13:55:11.191Z (46134b5f-b48d-4e87-b22d-12c769031dc1) Method response headers: {X-Amzn-Trace-Id=Root=1-6388b23f-0ef812276d479a9e1d385dd4;Sampled=0, Content-Type=application/json}
2022-12-01T13:55:11.191Z (46134b5f-b48d-4e87-b22d-12c769031dc1) Successfully completed execution
2022-12-01T13:55:11.191Z (46134b5f-b48d-4e87-b22d-12c769031dc1) Method completed with status: 200
2022-12-01T13:55:11.191Z (46134b5f-b48d-4e87-b22d-12c769031dc1) AWS Integration Endpoint RequestId : 1c8e0194-bc7c-4fb2-ac31-5014ef207259
