2022-12-01T13:55:12.484Z (fbdfc502-15f1-4382-acff-cc6608141d31) Extended Request Id: ceDKGHsXoAMFnIA=
2022-12-01T13:55:12.485Z (fbdfc502-15f1-4382-acff-cc6608141d31) Verifying Usage Plan for request: fbdfc502-15f1-4382-acff-cc6608141d31. API Key:  API Stage: h6da3w6ume/production
2022-12-01T13:55:12.486Z (fbdfc502-15f1-4382-acff-cc6608141d31) API Key  authorized because method 'PUT /chargers' does not require API Key. Request will not contribute to throttle or quota limits
2022-12-01T13:55:12.486Z (fbdfc502-15f1-4382-acff-cc6608141d31) Usage Plan check succeeded for API Key  and API Stage h6da3w6ume/production
2022-12-01T13:55:12.487Z (fbdfc502-15f1-4382-acff-cc6608141d31) Starting execution for request: fbdfc502-15f1-4382-acff-cc6608141d31
2022-12-01T13:55:12.487Z (fbdfc502-15f1-4382-acff-cc6608141d31) HTTP Method: PUT, Resource Path: /chargers
2022-12-01T13:55:12.487Z (fbdfc502-15f1-4382-acff-cc6608141d31) Method request path: {}
2022-12-01T13:55:12.487Z (fbdfc502-15f1-4382-acff-cc6608141d31) Method request query string: {City=Korsa, Model=c12xl, Output=150, PostCode=19021, SN=MD129F651X, Street=Solli 29, id=8}
2022-12-01T13:55:12.487Z (fbdfc502-15f1-4382-acff-cc6608141d31) Method request headers: {Accept=*/*, User-Agent=python-requests/2.22.0, X-Forwarded-Proto=https, X-Forwarded-For=195.159.241.26, Host=api.elbrusgroup.net, Accept-Encoding=gzip, deflate, X-Forwarded-Port=443, X-Amzn-Trace-Id=Root=1-6388b240-615e5aac5d72459140508890}
2022-12-01T13:55:12.487Z (fbdfc502-15f1-4382-acff-cc6608141d31) Method request body before transformations: 
2022-12-01T13:55:12.487Z (fbdfc502-15f1-4382-acff-cc6608141d31) Endpoint request URI: https://lambda.us-east-1.amazonaws.com/2015-03-31/functions/arn:aws:lambda:us-east-1:391035843039:function:ChargingNetworkPutLF/invocations
2022-12-01T13:55:12.487Z (fbdfc502-15f1-4382-acff-cc6608141d31) Endpoint request headers: {X-Amz-Date=20221201T135512Z, x-amzn-apigateway-api-id=h6da3w6ume, Accept=application/json, User-Agent=AmazonAPIGateway_h6da3w6ume, Host=lambda.us-east-1.amazonaws.com, X-Amz-Content-Sha256=316e71fce5098cdb7aecd71a009258afd832f8bbec070ce4296547efb967f6b1, X-Amzn-Trace-Id=Root=1-6388b240-615e5aac5d72459140508890, x-amzn-lambda-integration-tag=fbdfc502-15f1-4382-acff-cc6608141d31, Authorization=*********************************************************************************************************************************************************************************************************************************************************************************************************************************************5a770f, X-Amz-Source-Arn=arn:aws:execute-api:us-east-1:391035843039:h6da3w6ume/production/PUT/chargers, X-Amz-Security-Token=IQoJb3JpZ2luX2VjEHUaCXVzLWVhc3QtMSJHMEUCIHjg6Ol8xRyRnEDvANdBRNcuPApV7U94CB9928ihkOzXAiEA7BSNYHfxoXrct3Jma65TG8DLgR7Odc5lido9VJm0Cg4q1gQIjv////// [TRUNCATED]
2022-12-01T13:55:12.487Z (fbdfc502-15f1-4382-acff-cc6608141d31) Endpoint request body after transformations: {
"id":  "8",
"City":  "Korsa",
"Model":  "c12xl",
"Street":  "Solli 29",
"SN":  "MD129F651X",
"Output":  "150",
"PostCode": "19021"
}

2022-12-01T13:55:12.487Z (fbdfc502-15f1-4382-acff-cc6608141d31) Sending request to https://lambda.us-east-1.amazonaws.com/2015-03-31/functions/arn:aws:lambda:us-east-1:391035843039:function:ChargingNetworkPutLF/invocations
2022-12-01T13:55:12.503Z (fbdfc502-15f1-4382-acff-cc6608141d31) Received response. Status: 200, Integration latency: 16 ms
2022-12-01T13:55:12.503Z (fbdfc502-15f1-4382-acff-cc6608141d31) Endpoint response headers: {Date=Thu, 01 Dec 2022 13:55:12 GMT, Content-Type=application/json, Content-Length=104, Connection=keep-alive, x-amzn-RequestId=2dfe692d-6b45-4e2a-a2e1-1ebbb290ad0d, x-amzn-Remapped-Content-Length=0, X-Amz-Executed-Version=$LATEST, X-Amzn-Trace-Id=root=1-6388b240-615e5aac5d72459140508890;sampled=0}
2022-12-01T13:55:12.503Z (fbdfc502-15f1-4382-acff-cc6608141d31) Endpoint response body before transformations: {"statusCode": 200, "body": "\"\\\"errorMessage\\\": \\\"One or more parameter values are not valid!\""}
2022-12-01T13:55:12.503Z (fbdfc502-15f1-4382-acff-cc6608141d31) Method response body after transformations: {"statusCode": 200, "body": "\"\\\"errorMessage\\\": \\\"One or more parameter values are not valid!\""}
2022-12-01T13:55:12.503Z (fbdfc502-15f1-4382-acff-cc6608141d31) Method response headers: {X-Amzn-Trace-Id=Root=1-6388b240-615e5aac5d72459140508890;Sampled=0, Content-Type=application/json}
2022-12-01T13:55:12.503Z (fbdfc502-15f1-4382-acff-cc6608141d31) Successfully completed execution
2022-12-01T13:55:12.503Z (fbdfc502-15f1-4382-acff-cc6608141d31) Method completed with status: 200
2022-12-01T13:55:12.503Z (fbdfc502-15f1-4382-acff-cc6608141d31) AWS Integration Endpoint RequestId : 2dfe692d-6b45-4e2a-a2e1-1ebbb290ad0d
