2022-12-11T23:07:52.573Z (33b87b13-9f79-455f-8add-f0a9f65d5cce) Extended Request Id: dARfXHVoIAMF4Aw=
2022-12-11T23:07:52.573Z (33b87b13-9f79-455f-8add-f0a9f65d5cce) Verifying Usage Plan for request: 33b87b13-9f79-455f-8add-f0a9f65d5cce. API Key:  API Stage: h6da3w6ume/production
2022-12-11T23:07:52.575Z (33b87b13-9f79-455f-8add-f0a9f65d5cce) API Key  authorized because method 'PUT /chargers' does not require API Key. Request will not contribute to throttle or quota limits
2022-12-11T23:07:52.575Z (33b87b13-9f79-455f-8add-f0a9f65d5cce) Usage Plan check succeeded for API Key  and API Stage h6da3w6ume/production
2022-12-11T23:07:52.575Z (33b87b13-9f79-455f-8add-f0a9f65d5cce) Starting execution for request: 33b87b13-9f79-455f-8add-f0a9f65d5cce
2022-12-11T23:07:52.575Z (33b87b13-9f79-455f-8add-f0a9f65d5cce) HTTP Method: PUT, Resource Path: /chargers/
2022-12-11T23:07:52.575Z (33b87b13-9f79-455f-8add-f0a9f65d5cce) Method request path: {}
2022-12-11T23:07:52.575Z (33b87b13-9f79-455f-8add-f0a9f65d5cce) Method request query string: {City=Korsa, Model=c12xl, Output=150, PostCode=19021, SN=MD129F641B, Street=Solli 29, id=9}
2022-12-11T23:07:52.575Z (33b87b13-9f79-455f-8add-f0a9f65d5cce) Method request headers: {Accept=*/*, User-Agent=python-requests/2.22.0, X-Forwarded-Proto=https, X-Forwarded-For=185.78.69.118, Host=api.elbrusgroup.net, Accept-Encoding=gzip, deflate, X-Forwarded-Port=443, X-Amzn-Trace-Id=Root=1-639662c8-402b6f943e6185056054ebbe}
2022-12-11T23:07:52.575Z (33b87b13-9f79-455f-8add-f0a9f65d5cce) Method request body before transformations: 
2022-12-11T23:07:52.575Z (33b87b13-9f79-455f-8add-f0a9f65d5cce) Endpoint request URI: https://lambda.us-east-1.amazonaws.com/2015-03-31/functions/arn:aws:lambda:us-east-1:391035843039:function:ChargingNetworkPutLF/invocations
2022-12-11T23:07:52.575Z (33b87b13-9f79-455f-8add-f0a9f65d5cce) Endpoint request headers: {X-Amz-Date=20221211T230752Z, x-amzn-apigateway-api-id=h6da3w6ume, Accept=application/json, User-Agent=AmazonAPIGateway_h6da3w6ume, Host=lambda.us-east-1.amazonaws.com, X-Amz-Content-Sha256=ef28f14924015ceaf4f8ece10218353736c9a1e0a0137cf0452c094431611b4b, X-Amzn-Trace-Id=Root=1-639662c8-402b6f943e6185056054ebbe, x-amzn-lambda-integration-tag=33b87b13-9f79-455f-8add-f0a9f65d5cce, Authorization=*********************************************************************************************************************************************************************************************************************************************************************************************************************************************daa766, X-Amz-Source-Arn=arn:aws:execute-api:us-east-1:391035843039:h6da3w6ume/production/PUT/chargers, X-Amz-Security-Token=IQoJb3JpZ2luX2VjEG8aCXVzLWVhc3QtMSJGMEQCIBhW4Y+ftPz0K1084wCxpMmcSpwn+xpnV9440VMdEhzgAiAOdA6J2xwpjm5srNrndwgOnxknJYKsHIIudEkYH3gO1irVBAiX//////// [TRUNCATED]
2022-12-11T23:07:52.575Z (33b87b13-9f79-455f-8add-f0a9f65d5cce) Endpoint request body after transformations: {
"id":  "9",
"City":  "Korsa",
"Model":  "c12xl",
"Street":  "Solli 29",
"SN":  "MD129F641B",
"Output":  "150",
"PostCode": "19021"
}

2022-12-11T23:07:52.575Z (33b87b13-9f79-455f-8add-f0a9f65d5cce) Sending request to https://lambda.us-east-1.amazonaws.com/2015-03-31/functions/arn:aws:lambda:us-east-1:391035843039:function:ChargingNetworkPutLF/invocations
2022-12-11T23:07:52.588Z (33b87b13-9f79-455f-8add-f0a9f65d5cce) Received response. Status: 200, Integration latency: 13 ms
2022-12-11T23:07:52.588Z (33b87b13-9f79-455f-8add-f0a9f65d5cce) Endpoint response headers: {Date=Sun, 11 Dec 2022 23:07:52 GMT, Content-Type=application/json, Content-Length=104, Connection=keep-alive, x-amzn-RequestId=d749659f-262f-4ed6-8805-4483c25177dc, x-amzn-Remapped-Content-Length=0, X-Amz-Executed-Version=$LATEST, X-Amzn-Trace-Id=root=1-639662c8-402b6f943e6185056054ebbe;sampled=0}
2022-12-11T23:07:52.588Z (33b87b13-9f79-455f-8add-f0a9f65d5cce) Endpoint response body before transformations: {"statusCode": 200, "body": "\"\\\"errorMessage\\\": \\\"One or more parameter values are not valid!\""}
2022-12-11T23:07:52.588Z (33b87b13-9f79-455f-8add-f0a9f65d5cce) Method response body after transformations: {"statusCode": 200, "body": "\"\\\"errorMessage\\\": \\\"One or more parameter values are not valid!\""}
2022-12-11T23:07:52.588Z (33b87b13-9f79-455f-8add-f0a9f65d5cce) Method response headers: {X-Amzn-Trace-Id=Root=1-639662c8-402b6f943e6185056054ebbe;Sampled=0, Content-Type=application/json}
2022-12-11T23:07:52.588Z (33b87b13-9f79-455f-8add-f0a9f65d5cce) Successfully completed execution
2022-12-11T23:07:52.588Z (33b87b13-9f79-455f-8add-f0a9f65d5cce) Method completed with status: 200
2022-12-11T23:07:52.588Z (33b87b13-9f79-455f-8add-f0a9f65d5cce) AWS Integration Endpoint RequestId : d749659f-262f-4ed6-8805-4483c25177dc
