2022-11-28T20:09:14.755Z (0d918d1a-8193-411a-aee4-61b43c61645c) Extended Request Id: cVBItHBooAMFgbw=
2022-11-28T20:09:14.755Z (0d918d1a-8193-411a-aee4-61b43c61645c) Verifying Usage Plan for request: 0d918d1a-8193-411a-aee4-61b43c61645c. API Key:  API Stage: h6da3w6ume/production
2022-11-28T20:09:14.756Z (0d918d1a-8193-411a-aee4-61b43c61645c) API Key  authorized because method 'GET /chargers' does not require API Key. Request will not contribute to throttle or quota limits
2022-11-28T20:09:14.756Z (0d918d1a-8193-411a-aee4-61b43c61645c) Usage Plan check succeeded for API Key  and API Stage h6da3w6ume/production
2022-11-28T20:09:14.757Z (0d918d1a-8193-411a-aee4-61b43c61645c) Starting execution for request: 0d918d1a-8193-411a-aee4-61b43c61645c
2022-11-28T20:09:14.757Z (0d918d1a-8193-411a-aee4-61b43c61645c) HTTP Method: GET, Resource Path: /chargers/
2022-11-28T20:09:14.757Z (0d918d1a-8193-411a-aee4-61b43c61645c) Method request path: {}
2022-11-28T20:09:14.757Z (0d918d1a-8193-411a-aee4-61b43c61645c) Method request query string: {id=1}
2022-11-28T20:09:14.757Z (0d918d1a-8193-411a-aee4-61b43c61645c) Method request headers: {sec-fetch-mode=navigate, sec-fetch-site=none, accept-language=en-US,en;q=0.5, User-Agent=Mozilla/5.0 (X11; Ubuntu; Linux x86_64; rv:107.0) Gecko/20100101 Firefox/107.0, X-Forwarded-Proto=https, Host=api.elbrusgroup.net, sec-fetch-user=?1, X-Forwarded-Port=443, X-Amzn-Trace-Id=Root=1-6385156a-644990a82d9465c276d8b71f, accept=text/html,application/xhtml+xml,application/xml;q=0.9,image/avif,image/webp,*/*;q=0.8, upgrade-insecure-requests=1, X-Forwarded-For=185.78.69.118, accept-encoding=gzip, deflate, br, sec-fetch-dest=document}
2022-11-28T20:09:14.757Z (0d918d1a-8193-411a-aee4-61b43c61645c) Method request body before transformations: 
2022-11-28T20:09:14.757Z (0d918d1a-8193-411a-aee4-61b43c61645c) Endpoint request URI: https://lambda.us-east-1.amazonaws.com/2015-03-31/functions/arn:aws:lambda:us-east-1:391035843039:function:ChargingNetworkGetLF/invocations
2022-11-28T20:09:14.757Z (0d918d1a-8193-411a-aee4-61b43c61645c) Endpoint request headers: {X-Amz-Date=20221128T200914Z, x-amzn-apigateway-api-id=h6da3w6ume, Accept=application/json, User-Agent=AmazonAPIGateway_h6da3w6ume, Host=lambda.us-east-1.amazonaws.com, X-Amz-Content-Sha256=9f6ff083bcc20d419bdcb7ba1d2f05d7fb69ec38d7394a16b8d5798cc22236f8, X-Amzn-Trace-Id=Root=1-6385156a-644990a82d9465c276d8b71f, x-amzn-lambda-integration-tag=0d918d1a-8193-411a-aee4-61b43c61645c, Authorization=*********************************************************************************************************************************************************************************************************************************************************************************************************************************************7c3106, X-Amz-Source-Arn=arn:aws:execute-api:us-east-1:391035843039:h6da3w6ume/production/GET/chargers, X-Amz-Security-Token=IQoJb3JpZ2luX2VjEDMaCXVzLWVhc3QtMSJHMEUCICV4xSTrhBIm85h4pdEkDYFakiutErdeaWPVK0BOVcVrAiEAmV9xa0MooI2KCTyoTPL3QQJYnV3QaN0hA37wLbKgJfkqzQQITBAAGgwz [TRUNCATED]
2022-11-28T20:09:14.757Z (0d918d1a-8193-411a-aee4-61b43c61645c) Endpoint request body after transformations: {
  "id":  "1"
}
2022-11-28T20:09:14.757Z (0d918d1a-8193-411a-aee4-61b43c61645c) Sending request to https://lambda.us-east-1.amazonaws.com/2015-03-31/functions/arn:aws:lambda:us-east-1:391035843039:function:ChargingNetworkGetLF/invocations
2022-11-28T20:09:14.973Z (0d918d1a-8193-411a-aee4-61b43c61645c) Received response. Status: 200, Integration latency: 216 ms
2022-11-28T20:09:14.973Z (0d918d1a-8193-411a-aee4-61b43c61645c) Endpoint response headers: {Date=Mon, 28 Nov 2022 20:09:14 GMT, Content-Type=application/json, Content-Length=104, Connection=keep-alive, x-amzn-RequestId=51bfefde-41e3-485c-b0ef-4e6184b0dbbe, x-amzn-Remapped-Content-Length=0, X-Amz-Executed-Version=$LATEST, X-Amzn-Trace-Id=root=1-6385156a-644990a82d9465c276d8b71f;sampled=0}
2022-11-28T20:09:14.973Z (0d918d1a-8193-411a-aee4-61b43c61645c) Endpoint response body before transformations: {"statusCode": 200, "body": "\"\\\"errorMessage\\\": \\\"One or more parameter values are not valid!\""}
2022-11-28T20:09:14.973Z (0d918d1a-8193-411a-aee4-61b43c61645c) Method response body after transformations: {"statusCode": 200, "body": "\"\\\"errorMessage\\\": \\\"One or more parameter values are not valid!\""}
2022-11-28T20:09:14.973Z (0d918d1a-8193-411a-aee4-61b43c61645c) Method response headers: {X-Amzn-Trace-Id=Root=1-6385156a-644990a82d9465c276d8b71f;Sampled=0, Content-Type=application/json}
2022-11-28T20:09:14.973Z (0d918d1a-8193-411a-aee4-61b43c61645c) Successfully completed execution
2022-11-28T20:09:14.973Z (0d918d1a-8193-411a-aee4-61b43c61645c) Method completed with status: 200
2022-11-28T20:09:14.973Z (0d918d1a-8193-411a-aee4-61b43c61645c) AWS Integration Endpoint RequestId : 51bfefde-41e3-485c-b0ef-4e6184b0dbbe
