2022-12-11T23:05:16.535Z (a22e6dab-aed2-41aa-89ad-0fd11565dbef) Extended Request Id: dARG_G6RoAMFwCg=
2022-12-11T23:05:16.535Z (a22e6dab-aed2-41aa-89ad-0fd11565dbef) Verifying Usage Plan for request: a22e6dab-aed2-41aa-89ad-0fd11565dbef. API Key:  API Stage: h6da3w6ume/production
2022-12-11T23:05:16.537Z (a22e6dab-aed2-41aa-89ad-0fd11565dbef) API Key  authorized because method 'GET /chargers' does not require API Key. Request will not contribute to throttle or quota limits
2022-12-11T23:05:16.537Z (a22e6dab-aed2-41aa-89ad-0fd11565dbef) Usage Plan check succeeded for API Key  and API Stage h6da3w6ume/production
2022-12-11T23:05:16.538Z (a22e6dab-aed2-41aa-89ad-0fd11565dbef) Starting execution for request: a22e6dab-aed2-41aa-89ad-0fd11565dbef
2022-12-11T23:05:16.538Z (a22e6dab-aed2-41aa-89ad-0fd11565dbef) HTTP Method: GET, Resource Path: /chargers/
2022-12-11T23:05:16.538Z (a22e6dab-aed2-41aa-89ad-0fd11565dbef) Method request path: {}
2022-12-11T23:05:16.538Z (a22e6dab-aed2-41aa-89ad-0fd11565dbef) Method request query string: {id=1}
2022-12-11T23:05:16.538Z (a22e6dab-aed2-41aa-89ad-0fd11565dbef) Method request headers: {sec-fetch-mode=navigate, sec-fetch-site=none, accept-language=en-US,en;q=0.5, User-Agent=Mozilla/5.0 (X11; Ubuntu; Linux x86_64; rv:107.0) Gecko/20100101 Firefox/107.0, X-Forwarded-Proto=https, Host=api.elbrusgroup.net, sec-fetch-user=?1, X-Forwarded-Port=443, X-Amzn-Trace-Id=Root=1-6396622c-5a214e3d40d7d68f40c3617f, accept=text/html,application/xhtml+xml,application/xml;q=0.9,image/avif,image/webp,*/*;q=0.8, upgrade-insecure-requests=1, X-Forwarded-For=185.78.69.118, accept-encoding=gzip, deflate, br, sec-fetch-dest=document}
2022-12-11T23:05:16.538Z (a22e6dab-aed2-41aa-89ad-0fd11565dbef) Method request body before transformations: 
2022-12-11T23:05:16.538Z (a22e6dab-aed2-41aa-89ad-0fd11565dbef) Endpoint request URI: https://lambda.us-east-1.amazonaws.com/2015-03-31/functions/arn:aws:lambda:us-east-1:391035843039:function:ChargingNetworkGetLF/invocations
2022-12-11T23:05:16.538Z (a22e6dab-aed2-41aa-89ad-0fd11565dbef) Endpoint request headers: {X-Amz-Date=20221211T230516Z, x-amzn-apigateway-api-id=h6da3w6ume, Accept=application/json, User-Agent=AmazonAPIGateway_h6da3w6ume, Host=lambda.us-east-1.amazonaws.com, X-Amz-Content-Sha256=9f6ff083bcc20d419bdcb7ba1d2f05d7fb69ec38d7394a16b8d5798cc22236f8, X-Amzn-Trace-Id=Root=1-6396622c-5a214e3d40d7d68f40c3617f, x-amzn-lambda-integration-tag=a22e6dab-aed2-41aa-89ad-0fd11565dbef, Authorization=*********************************************************************************************************************************************************************************************************************************************************************************************************************************************1a856b, X-Amz-Source-Arn=arn:aws:execute-api:us-east-1:391035843039:h6da3w6ume/production/GET/chargers, X-Amz-Security-Token=IQoJb3JpZ2luX2VjEG4aCXVzLWVhc3QtMSJHMEUCIQCJ4zVVx0lfytPjNG9FviqpH/6EHAl5HHjX+cYfjUMbDAIgaonnksrVOh0wJimME/gsRYkNBPPkCnf7QJGCUPExlrQq1QQIl/////// [TRUNCATED]
2022-12-11T23:05:16.538Z (a22e6dab-aed2-41aa-89ad-0fd11565dbef) Endpoint request body after transformations: {
  "id":  "1"
}
2022-12-11T23:05:16.538Z (a22e6dab-aed2-41aa-89ad-0fd11565dbef) Sending request to https://lambda.us-east-1.amazonaws.com/2015-03-31/functions/arn:aws:lambda:us-east-1:391035843039:function:ChargingNetworkGetLF/invocations
2022-12-11T23:05:16.814Z (a22e6dab-aed2-41aa-89ad-0fd11565dbef) Received response. Status: 200, Integration latency: 276 ms
2022-12-11T23:05:16.814Z (a22e6dab-aed2-41aa-89ad-0fd11565dbef) Endpoint response headers: {Date=Sun, 11 Dec 2022 23:05:16 GMT, Content-Type=application/json, Content-Length=104, Connection=keep-alive, x-amzn-RequestId=2084037c-b6ab-41ab-8d22-94bda60de8c8, x-amzn-Remapped-Content-Length=0, X-Amz-Executed-Version=$LATEST, X-Amzn-Trace-Id=root=1-6396622c-5a214e3d40d7d68f40c3617f;sampled=0}
2022-12-11T23:05:16.814Z (a22e6dab-aed2-41aa-89ad-0fd11565dbef) Endpoint response body before transformations: {"statusCode": 200, "body": "\"\\\"errorMessage\\\": \\\"One or more parameter values are not valid!\""}
2022-12-11T23:05:16.814Z (a22e6dab-aed2-41aa-89ad-0fd11565dbef) Method response body after transformations: {"statusCode": 200, "body": "\"\\\"errorMessage\\\": \\\"One or more parameter values are not valid!\""}
2022-12-11T23:05:16.814Z (a22e6dab-aed2-41aa-89ad-0fd11565dbef) Method response headers: {X-Amzn-Trace-Id=Root=1-6396622c-5a214e3d40d7d68f40c3617f;Sampled=0, Content-Type=application/json}
2022-12-11T23:05:16.814Z (a22e6dab-aed2-41aa-89ad-0fd11565dbef) Successfully completed execution
2022-12-11T23:05:16.814Z (a22e6dab-aed2-41aa-89ad-0fd11565dbef) Method completed with status: 200
2022-12-11T23:05:16.814Z (a22e6dab-aed2-41aa-89ad-0fd11565dbef) AWS Integration Endpoint RequestId : 2084037c-b6ab-41ab-8d22-94bda60de8c8
