2022-11-28T21:49:58.925Z (2f403cd0-996d-4450-84f4-2b4420ce95bf) Extended Request Id: cVP5HF53oAMFwUQ=
2022-11-28T21:49:58.925Z (2f403cd0-996d-4450-84f4-2b4420ce95bf) Verifying Usage Plan for request: 2f403cd0-996d-4450-84f4-2b4420ce95bf. API Key:  API Stage: h6da3w6ume/production
2022-11-28T21:49:58.979Z (2f403cd0-996d-4450-84f4-2b4420ce95bf) API Key  authorized because method 'PUT /chargers' does not require API Key. Request will not contribute to throttle or quota limits
2022-11-28T21:49:58.979Z (2f403cd0-996d-4450-84f4-2b4420ce95bf) Usage Plan check succeeded for API Key  and API Stage h6da3w6ume/production
2022-11-28T21:49:58.979Z (2f403cd0-996d-4450-84f4-2b4420ce95bf) Starting execution for request: 2f403cd0-996d-4450-84f4-2b4420ce95bf
2022-11-28T21:49:58.979Z (2f403cd0-996d-4450-84f4-2b4420ce95bf) HTTP Method: PUT, Resource Path: /chargers
2022-11-28T21:49:58.979Z (2f403cd0-996d-4450-84f4-2b4420ce95bf) Method request path: {}
2022-11-28T21:49:58.979Z (2f403cd0-996d-4450-84f4-2b4420ce95bf) Method request query string: {City=Korsa, Model=c12a, Output=22, PostCode=19021, SN=MD129X649H, Street=Korsveien 3, id=7}
2022-11-28T21:49:58.979Z (2f403cd0-996d-4450-84f4-2b4420ce95bf) Method request headers: {Accept=*/*, User-Agent=python-requests/2.22.0, X-Forwarded-Proto=https, X-Forwarded-For=185.78.69.118, Host=api.elbrusgroup.net, Accept-Encoding=gzip, deflate, X-Forwarded-Port=443, X-Amzn-Trace-Id=Root=1-63852d06-749b94bf4381c850316a5519}
2022-11-28T21:49:58.979Z (2f403cd0-996d-4450-84f4-2b4420ce95bf) Method request body before transformations: 
2022-11-28T21:49:58.980Z (2f403cd0-996d-4450-84f4-2b4420ce95bf) Endpoint request URI: https://lambda.us-east-1.amazonaws.com/2015-03-31/functions/arn:aws:lambda:us-east-1:391035843039:function:ChargingNetworkPutLF/invocations
2022-11-28T21:49:58.980Z (2f403cd0-996d-4450-84f4-2b4420ce95bf) Endpoint request headers: {X-Amz-Date=20221128T214958Z, x-amzn-apigateway-api-id=h6da3w6ume, Accept=application/json, User-Agent=AmazonAPIGateway_h6da3w6ume, Host=lambda.us-east-1.amazonaws.com, X-Amz-Content-Sha256=56bf3e7a47a27f7002587c58c6d732d01fdbf27d8b735ac793414a51cdd3af3c, X-Amzn-Trace-Id=Root=1-63852d06-749b94bf4381c850316a5519, x-amzn-lambda-integration-tag=2f403cd0-996d-4450-84f4-2b4420ce95bf, Authorization=*********************************************************************************************************************************************************************************************************************************************************************************************************************************************31775f, X-Amz-Source-Arn=arn:aws:execute-api:us-east-1:391035843039:h6da3w6ume/production/PUT/chargers, X-Amz-Security-Token=IQoJb3JpZ2luX2VjEDYaCXVzLWVhc3QtMSJGMEQCIAHBXsKii6TUuhpi1IVqZR1q+g+mPkuAuC2bLEXuVb6FAiAiVtykEz/2en4pqKfc9CJFy0lQaQMR3MxiNAiFXVVhSCrMBAhOEAAaDDM5 [TRUNCATED]
2022-11-28T21:49:58.980Z (2f403cd0-996d-4450-84f4-2b4420ce95bf) Endpoint request body after transformations: {
"id":  "7",
"City":  "Korsa",
"Model":  "c12a",
"Street":  "Korsveien 3",
"SN":  "MD129X649H",
"Output":  "22",
"PostCode": "19021"
}

2022-11-28T21:49:58.980Z (2f403cd0-996d-4450-84f4-2b4420ce95bf) Sending request to https://lambda.us-east-1.amazonaws.com/2015-03-31/functions/arn:aws:lambda:us-east-1:391035843039:function:ChargingNetworkPutLF/invocations
2022-11-28T21:49:58.993Z (2f403cd0-996d-4450-84f4-2b4420ce95bf) Received response. Status: 200, Integration latency: 13 ms
2022-11-28T21:49:58.993Z (2f403cd0-996d-4450-84f4-2b4420ce95bf) Endpoint response headers: {Date=Mon, 28 Nov 2022 21:49:58 GMT, Content-Type=application/json, Content-Length=104, Connection=keep-alive, x-amzn-RequestId=dadb3a50-ad07-4536-aeef-96116d6d9de3, x-amzn-Remapped-Content-Length=0, X-Amz-Executed-Version=$LATEST, X-Amzn-Trace-Id=root=1-63852d06-749b94bf4381c850316a5519;sampled=0}
2022-11-28T21:49:58.993Z (2f403cd0-996d-4450-84f4-2b4420ce95bf) Endpoint response body before transformations: {"statusCode": 200, "body": "\"\\\"errorMessage\\\": \\\"One or more parameter values are not valid!\""}
2022-11-28T21:49:58.993Z (2f403cd0-996d-4450-84f4-2b4420ce95bf) Method response body after transformations: {"statusCode": 200, "body": "\"\\\"errorMessage\\\": \\\"One or more parameter values are not valid!\""}
2022-11-28T21:49:58.993Z (2f403cd0-996d-4450-84f4-2b4420ce95bf) Method response headers: {X-Amzn-Trace-Id=Root=1-63852d06-749b94bf4381c850316a5519;Sampled=0, Content-Type=application/json}
2022-11-28T21:49:58.993Z (2f403cd0-996d-4450-84f4-2b4420ce95bf) Successfully completed execution
2022-11-28T21:49:58.993Z (2f403cd0-996d-4450-84f4-2b4420ce95bf) Method completed with status: 200
2022-11-28T21:49:58.993Z (2f403cd0-996d-4450-84f4-2b4420ce95bf) AWS Integration Endpoint RequestId : dadb3a50-ad07-4536-aeef-96116d6d9de3
