2022-12-11T23:07:59.699Z (8697cb56-3741-4d1c-94e7-a5ab1e042abe) Extended Request Id: dARgeFzDoAMFoJg=
2022-12-11T23:07:59.700Z (8697cb56-3741-4d1c-94e7-a5ab1e042abe) Verifying Usage Plan for request: 8697cb56-3741-4d1c-94e7-a5ab1e042abe. API Key:  API Stage: h6da3w6ume/production
2022-12-11T23:07:59.700Z (8697cb56-3741-4d1c-94e7-a5ab1e042abe) API Key  authorized because method 'PUT /chargers' does not require API Key. Request will not contribute to throttle or quota limits
2022-12-11T23:07:59.700Z (8697cb56-3741-4d1c-94e7-a5ab1e042abe) Usage Plan check succeeded for API Key  and API Stage h6da3w6ume/production
2022-12-11T23:07:59.701Z (8697cb56-3741-4d1c-94e7-a5ab1e042abe) Starting execution for request: 8697cb56-3741-4d1c-94e7-a5ab1e042abe
2022-12-11T23:07:59.701Z (8697cb56-3741-4d1c-94e7-a5ab1e042abe) HTTP Method: PUT, Resource Path: /chargers/
2022-12-11T23:07:59.701Z (8697cb56-3741-4d1c-94e7-a5ab1e042abe) Method request path: {}
2022-12-11T23:07:59.701Z (8697cb56-3741-4d1c-94e7-a5ab1e042abe) Method request query string: {City=Vola, Model=c12bs, Output=48, PostCode=19024, SN=AD129F245K, Street=Kulturplass 62, id=21}
2022-12-11T23:07:59.701Z (8697cb56-3741-4d1c-94e7-a5ab1e042abe) Method request headers: {Accept=*/*, User-Agent=python-requests/2.22.0, X-Forwarded-Proto=https, X-Forwarded-For=185.78.69.118, Host=api.elbrusgroup.net, Accept-Encoding=gzip, deflate, X-Forwarded-Port=443, X-Amzn-Trace-Id=Root=1-639662cf-246e2e660c5618447a7e32e3}
2022-12-11T23:07:59.701Z (8697cb56-3741-4d1c-94e7-a5ab1e042abe) Method request body before transformations: 
2022-12-11T23:07:59.701Z (8697cb56-3741-4d1c-94e7-a5ab1e042abe) Endpoint request URI: https://lambda.us-east-1.amazonaws.com/2015-03-31/functions/arn:aws:lambda:us-east-1:391035843039:function:ChargingNetworkPutLF/invocations
2022-12-11T23:07:59.701Z (8697cb56-3741-4d1c-94e7-a5ab1e042abe) Endpoint request headers: {X-Amz-Date=20221211T230759Z, x-amzn-apigateway-api-id=h6da3w6ume, Accept=application/json, User-Agent=AmazonAPIGateway_h6da3w6ume, Host=lambda.us-east-1.amazonaws.com, X-Amz-Content-Sha256=b28601933e692222adc0c8758122d87431b28e6ac58fc90319177800c0e4123a, X-Amzn-Trace-Id=Root=1-639662cf-246e2e660c5618447a7e32e3, x-amzn-lambda-integration-tag=8697cb56-3741-4d1c-94e7-a5ab1e042abe, Authorization=*********************************************************************************************************************************************************************************************************************************************************************************************************************************************e2e4f1, X-Amz-Source-Arn=arn:aws:execute-api:us-east-1:391035843039:h6da3w6ume/production/PUT/chargers, X-Amz-Security-Token=IQoJb3JpZ2luX2VjEG4aCXVzLWVhc3QtMSJGMEQCIEQHEZmWSI5z36kUlgQ5t6OomC8fSbvuFSaBXSneQ48RAiAhG00B1HXBb6QdNWKM6ArSkrD3Y64gsCpRAO+1w9J1tyrWBAiX//////// [TRUNCATED]
2022-12-11T23:07:59.701Z (8697cb56-3741-4d1c-94e7-a5ab1e042abe) Endpoint request body after transformations: {
"id":  "21",
"City":  "Vola",
"Model":  "c12bs",
"Street":  "Kulturplass 62",
"SN":  "AD129F245K",
"Output":  "48",
"PostCode": "19024"
}

2022-12-11T23:07:59.701Z (8697cb56-3741-4d1c-94e7-a5ab1e042abe) Sending request to https://lambda.us-east-1.amazonaws.com/2015-03-31/functions/arn:aws:lambda:us-east-1:391035843039:function:ChargingNetworkPutLF/invocations
2022-12-11T23:07:59.715Z (8697cb56-3741-4d1c-94e7-a5ab1e042abe) Received response. Status: 200, Integration latency: 14 ms
2022-12-11T23:07:59.715Z (8697cb56-3741-4d1c-94e7-a5ab1e042abe) Endpoint response headers: {Date=Sun, 11 Dec 2022 23:07:59 GMT, Content-Type=application/json, Content-Length=104, Connection=keep-alive, x-amzn-RequestId=27332807-1bfb-48ee-9c6b-a0641f2787b7, x-amzn-Remapped-Content-Length=0, X-Amz-Executed-Version=$LATEST, X-Amzn-Trace-Id=root=1-639662cf-246e2e660c5618447a7e32e3;sampled=0}
2022-12-11T23:07:59.715Z (8697cb56-3741-4d1c-94e7-a5ab1e042abe) Endpoint response body before transformations: {"statusCode": 200, "body": "\"\\\"errorMessage\\\": \\\"One or more parameter values are not valid!\""}
2022-12-11T23:07:59.715Z (8697cb56-3741-4d1c-94e7-a5ab1e042abe) Method response body after transformations: {"statusCode": 200, "body": "\"\\\"errorMessage\\\": \\\"One or more parameter values are not valid!\""}
2022-12-11T23:07:59.715Z (8697cb56-3741-4d1c-94e7-a5ab1e042abe) Method response headers: {X-Amzn-Trace-Id=Root=1-639662cf-246e2e660c5618447a7e32e3;Sampled=0, Content-Type=application/json}
2022-12-11T23:07:59.715Z (8697cb56-3741-4d1c-94e7-a5ab1e042abe) Successfully completed execution
2022-12-11T23:07:59.715Z (8697cb56-3741-4d1c-94e7-a5ab1e042abe) Method completed with status: 200
2022-12-11T23:07:59.715Z (8697cb56-3741-4d1c-94e7-a5ab1e042abe) AWS Integration Endpoint RequestId : 27332807-1bfb-48ee-9c6b-a0641f2787b7
