2022-12-11T23:07:58.862Z (814bae38-7f64-4e0f-9193-915623647c5c) Extended Request Id: dARgWEEUoAMF_dw=
2022-12-11T23:07:58.863Z (814bae38-7f64-4e0f-9193-915623647c5c) Verifying Usage Plan for request: 814bae38-7f64-4e0f-9193-915623647c5c. API Key:  API Stage: h6da3w6ume/production
2022-12-11T23:07:58.865Z (814bae38-7f64-4e0f-9193-915623647c5c) API Key  authorized because method 'PUT /chargers' does not require API Key. Request will not contribute to throttle or quota limits
2022-12-11T23:07:58.865Z (814bae38-7f64-4e0f-9193-915623647c5c) Usage Plan check succeeded for API Key  and API Stage h6da3w6ume/production
2022-12-11T23:07:58.865Z (814bae38-7f64-4e0f-9193-915623647c5c) Starting execution for request: 814bae38-7f64-4e0f-9193-915623647c5c
2022-12-11T23:07:58.865Z (814bae38-7f64-4e0f-9193-915623647c5c) HTTP Method: PUT, Resource Path: /chargers/
2022-12-11T23:07:58.865Z (814bae38-7f64-4e0f-9193-915623647c5c) Method request path: {}
2022-12-11T23:07:58.865Z (814bae38-7f64-4e0f-9193-915623647c5c) Method request query string: {City=Vola, Model=c12b, Output=50, PostCode=19024, SN=AD129F246J, Street=Kulturplass 62, id=20}
2022-12-11T23:07:58.865Z (814bae38-7f64-4e0f-9193-915623647c5c) Method request headers: {Accept=*/*, User-Agent=python-requests/2.22.0, X-Forwarded-Proto=https, X-Forwarded-For=185.78.69.118, Host=api.elbrusgroup.net, Accept-Encoding=gzip, deflate, X-Forwarded-Port=443, X-Amzn-Trace-Id=Root=1-639662ce-1d24dd012ebdc6fd762040be}
2022-12-11T23:07:58.865Z (814bae38-7f64-4e0f-9193-915623647c5c) Method request body before transformations: 
2022-12-11T23:07:58.866Z (814bae38-7f64-4e0f-9193-915623647c5c) Endpoint request URI: https://lambda.us-east-1.amazonaws.com/2015-03-31/functions/arn:aws:lambda:us-east-1:391035843039:function:ChargingNetworkPutLF/invocations
2022-12-11T23:07:58.866Z (814bae38-7f64-4e0f-9193-915623647c5c) Endpoint request headers: {X-Amz-Date=20221211T230758Z, x-amzn-apigateway-api-id=h6da3w6ume, Accept=application/json, User-Agent=AmazonAPIGateway_h6da3w6ume, Host=lambda.us-east-1.amazonaws.com, X-Amz-Content-Sha256=08161de6b546d811b831a8babdfa04e048cf9e0b1510894b1e38880cb44b44e4, X-Amzn-Trace-Id=Root=1-639662ce-1d24dd012ebdc6fd762040be, x-amzn-lambda-integration-tag=814bae38-7f64-4e0f-9193-915623647c5c, Authorization=*********************************************************************************************************************************************************************************************************************************************************************************************************************************************55c340, X-Amz-Source-Arn=arn:aws:execute-api:us-east-1:391035843039:h6da3w6ume/production/PUT/chargers, X-Amz-Security-Token=IQoJb3JpZ2luX2VjEG8aCXVzLWVhc3QtMSJHMEUCIQDg0tihmdnjOfnxFlg5DmIOypZy1/KCrQNFqSz5gSluxAIgJFcvyuec68ttFoVfOAfGc66P56NkzBcmQoHy8mB4qR8q1QQImP////// [TRUNCATED]
2022-12-11T23:07:58.866Z (814bae38-7f64-4e0f-9193-915623647c5c) Endpoint request body after transformations: {
"id":  "20",
"City":  "Vola",
"Model":  "c12b",
"Street":  "Kulturplass 62",
"SN":  "AD129F246J",
"Output":  "50",
"PostCode": "19024"
}

2022-12-11T23:07:58.866Z (814bae38-7f64-4e0f-9193-915623647c5c) Sending request to https://lambda.us-east-1.amazonaws.com/2015-03-31/functions/arn:aws:lambda:us-east-1:391035843039:function:ChargingNetworkPutLF/invocations
2022-12-11T23:07:58.883Z (814bae38-7f64-4e0f-9193-915623647c5c) Received response. Status: 200, Integration latency: 17 ms
2022-12-11T23:07:58.883Z (814bae38-7f64-4e0f-9193-915623647c5c) Endpoint response headers: {Date=Sun, 11 Dec 2022 23:07:58 GMT, Content-Type=application/json, Content-Length=104, Connection=keep-alive, x-amzn-RequestId=3a93639e-d3be-4465-8bdc-45822a8a8d94, x-amzn-Remapped-Content-Length=0, X-Amz-Executed-Version=$LATEST, X-Amzn-Trace-Id=root=1-639662ce-1d24dd012ebdc6fd762040be;sampled=0}
2022-12-11T23:07:58.883Z (814bae38-7f64-4e0f-9193-915623647c5c) Endpoint response body before transformations: {"statusCode": 200, "body": "\"\\\"errorMessage\\\": \\\"One or more parameter values are not valid!\""}
2022-12-11T23:07:58.883Z (814bae38-7f64-4e0f-9193-915623647c5c) Method response body after transformations: {"statusCode": 200, "body": "\"\\\"errorMessage\\\": \\\"One or more parameter values are not valid!\""}
2022-12-11T23:07:58.883Z (814bae38-7f64-4e0f-9193-915623647c5c) Method response headers: {X-Amzn-Trace-Id=Root=1-639662ce-1d24dd012ebdc6fd762040be;Sampled=0, Content-Type=application/json}
2022-12-11T23:07:58.883Z (814bae38-7f64-4e0f-9193-915623647c5c) Successfully completed execution
2022-12-11T23:07:58.883Z (814bae38-7f64-4e0f-9193-915623647c5c) Method completed with status: 200
2022-12-11T23:07:58.883Z (814bae38-7f64-4e0f-9193-915623647c5c) AWS Integration Endpoint RequestId : 3a93639e-d3be-4465-8bdc-45822a8a8d94
