2022-12-01T13:55:12.043Z (db76f8ab-62c0-4671-93ee-7c8aec9047ab) Extended Request Id: ceDKCHkVoAMFiDA=
2022-12-01T13:55:12.043Z (db76f8ab-62c0-4671-93ee-7c8aec9047ab) Verifying Usage Plan for request: db76f8ab-62c0-4671-93ee-7c8aec9047ab. API Key:  API Stage: h6da3w6ume/production
2022-12-01T13:55:12.044Z (db76f8ab-62c0-4671-93ee-7c8aec9047ab) API Key  authorized because method 'PUT /chargers' does not require API Key. Request will not contribute to throttle or quota limits
2022-12-01T13:55:12.044Z (db76f8ab-62c0-4671-93ee-7c8aec9047ab) Usage Plan check succeeded for API Key  and API Stage h6da3w6ume/production
2022-12-01T13:55:12.045Z (db76f8ab-62c0-4671-93ee-7c8aec9047ab) Starting execution for request: db76f8ab-62c0-4671-93ee-7c8aec9047ab
2022-12-01T13:55:12.045Z (db76f8ab-62c0-4671-93ee-7c8aec9047ab) HTTP Method: PUT, Resource Path: /chargers
2022-12-01T13:55:12.045Z (db76f8ab-62c0-4671-93ee-7c8aec9047ab) Method request path: {}
2022-12-01T13:55:12.045Z (db76f8ab-62c0-4671-93ee-7c8aec9047ab) Method request query string: {City=Korsa, Model=c12a, Output=22, PostCode=19021, SN=MD129X649H, Street=Korsveien 3, id=7}
2022-12-01T13:55:12.045Z (db76f8ab-62c0-4671-93ee-7c8aec9047ab) Method request headers: {Accept=*/*, User-Agent=python-requests/2.22.0, X-Forwarded-Proto=https, X-Forwarded-For=195.159.241.26, Host=api.elbrusgroup.net, Accept-Encoding=gzip, deflate, X-Forwarded-Port=443, X-Amzn-Trace-Id=Root=1-6388b240-607fa72f5076721e0735350d}
2022-12-01T13:55:12.045Z (db76f8ab-62c0-4671-93ee-7c8aec9047ab) Method request body before transformations: 
2022-12-01T13:55:12.045Z (db76f8ab-62c0-4671-93ee-7c8aec9047ab) Endpoint request URI: https://lambda.us-east-1.amazonaws.com/2015-03-31/functions/arn:aws:lambda:us-east-1:391035843039:function:ChargingNetworkPutLF/invocations
2022-12-01T13:55:12.045Z (db76f8ab-62c0-4671-93ee-7c8aec9047ab) Endpoint request headers: {X-Amz-Date=20221201T135512Z, x-amzn-apigateway-api-id=h6da3w6ume, Accept=application/json, User-Agent=AmazonAPIGateway_h6da3w6ume, Host=lambda.us-east-1.amazonaws.com, X-Amz-Content-Sha256=56bf3e7a47a27f7002587c58c6d732d01fdbf27d8b735ac793414a51cdd3af3c, X-Amzn-Trace-Id=Root=1-6388b240-607fa72f5076721e0735350d, x-amzn-lambda-integration-tag=db76f8ab-62c0-4671-93ee-7c8aec9047ab, Authorization=*********************************************************************************************************************************************************************************************************************************************************************************************************************************************44b202, X-Amz-Source-Arn=arn:aws:execute-api:us-east-1:391035843039:h6da3w6ume/production/PUT/chargers, X-Amz-Security-Token=IQoJb3JpZ2luX2VjEHUaCXVzLWVhc3QtMSJHMEUCIEev9Br61ap8SXgrJFMzjJQHpMpKP9BohnPsaUnRdstsAiEA4IHhedi+oMSq95evbbqZyBBiksqm0+XpNYtIdpIQyAcq1gQIjv////// [TRUNCATED]
2022-12-01T13:55:12.045Z (db76f8ab-62c0-4671-93ee-7c8aec9047ab) Endpoint request body after transformations: {
"id":  "7",
"City":  "Korsa",
"Model":  "c12a",
"Street":  "Korsveien 3",
"SN":  "MD129X649H",
"Output":  "22",
"PostCode": "19021"
}

2022-12-01T13:55:12.045Z (db76f8ab-62c0-4671-93ee-7c8aec9047ab) Sending request to https://lambda.us-east-1.amazonaws.com/2015-03-31/functions/arn:aws:lambda:us-east-1:391035843039:function:ChargingNetworkPutLF/invocations
2022-12-01T13:55:12.061Z (db76f8ab-62c0-4671-93ee-7c8aec9047ab) Received response. Status: 200, Integration latency: 16 ms
2022-12-01T13:55:12.061Z (db76f8ab-62c0-4671-93ee-7c8aec9047ab) Endpoint response headers: {Date=Thu, 01 Dec 2022 13:55:12 GMT, Content-Type=application/json, Content-Length=104, Connection=keep-alive, x-amzn-RequestId=9316d5c2-df34-4591-93fb-994cf6575b14, x-amzn-Remapped-Content-Length=0, X-Amz-Executed-Version=$LATEST, X-Amzn-Trace-Id=root=1-6388b240-607fa72f5076721e0735350d;sampled=0}
2022-12-01T13:55:12.061Z (db76f8ab-62c0-4671-93ee-7c8aec9047ab) Endpoint response body before transformations: {"statusCode": 200, "body": "\"\\\"errorMessage\\\": \\\"One or more parameter values are not valid!\""}
2022-12-01T13:55:12.061Z (db76f8ab-62c0-4671-93ee-7c8aec9047ab) Method response body after transformations: {"statusCode": 200, "body": "\"\\\"errorMessage\\\": \\\"One or more parameter values are not valid!\""}
2022-12-01T13:55:12.061Z (db76f8ab-62c0-4671-93ee-7c8aec9047ab) Method response headers: {X-Amzn-Trace-Id=Root=1-6388b240-607fa72f5076721e0735350d;Sampled=0, Content-Type=application/json}
2022-12-01T13:55:12.061Z (db76f8ab-62c0-4671-93ee-7c8aec9047ab) Successfully completed execution
2022-12-01T13:55:12.061Z (db76f8ab-62c0-4671-93ee-7c8aec9047ab) Method completed with status: 200
2022-12-01T13:55:12.061Z (db76f8ab-62c0-4671-93ee-7c8aec9047ab) AWS Integration Endpoint RequestId : 9316d5c2-df34-4591-93fb-994cf6575b14
