2022-11-28T21:50:20.647Z (016f1054-fdc3-42a4-8018-409725b301b4) Extended Request Id: cVP8gGBRIAMF0-A=
2022-11-28T21:50:20.647Z (016f1054-fdc3-42a4-8018-409725b301b4) Verifying Usage Plan for request: 016f1054-fdc3-42a4-8018-409725b301b4. API Key: **********************************5SgLnc API Stage: h6da3w6ume/production
2022-11-28T21:50:20.659Z (016f1054-fdc3-42a4-8018-409725b301b4) Usage Plan check succeeded for API Key **********************************5SgLnc and API Stage h6da3w6ume/production
2022-11-28T21:50:20.659Z (016f1054-fdc3-42a4-8018-409725b301b4) Starting execution for request: 016f1054-fdc3-42a4-8018-409725b301b4
2022-11-28T21:50:20.659Z (016f1054-fdc3-42a4-8018-409725b301b4) HTTP Method: DELETE, Resource Path: /chargers/
2022-11-28T21:50:20.659Z (016f1054-fdc3-42a4-8018-409725b301b4) API Key: **********************************5SgLnc
2022-11-28T21:50:20.659Z (016f1054-fdc3-42a4-8018-409725b301b4) API Key ID: mn33y0mpha
2022-11-28T21:50:20.659Z (016f1054-fdc3-42a4-8018-409725b301b4) Method request path: {}
2022-11-28T21:50:20.659Z (016f1054-fdc3-42a4-8018-409725b301b4) Method request query string: {id=1}
2022-11-28T21:50:20.659Z (016f1054-fdc3-42a4-8018-409725b301b4) Method request headers: {Accept=*/*, x-api-key=**********************************5SgLnc, User-Agent=python-requests/2.22.0, X-Forwarded-Proto=https, X-Forwarded-For=185.78.69.118, Host=api.elbrusgroup.net, Accept-Encoding=gzip, deflate, X-Forwarded-Port=443, X-Amzn-Trace-Id=Root=1-63852d1c-15e47e8a4ace10171267ec51}
2022-11-28T21:50:20.659Z (016f1054-fdc3-42a4-8018-409725b301b4) Method request body before transformations: 
2022-11-28T21:50:20.659Z (016f1054-fdc3-42a4-8018-409725b301b4) Endpoint request URI: https://lambda.us-east-1.amazonaws.com/2015-03-31/functions/arn:aws:lambda:us-east-1:391035843039:function:ChargingNetworkDeleteLF/invocations
2022-11-28T21:50:20.659Z (016f1054-fdc3-42a4-8018-409725b301b4) Endpoint request headers: {x-amzn-lambda-integration-tag=016f1054-fdc3-42a4-8018-409725b301b4, Authorization=***********************************************************************************************************************************************************************************************************************************************************************************************************0af181, X-Amz-Date=20221128T215020Z, x-amzn-apigateway-api-id=h6da3w6ume, X-Amz-Source-Arn=arn:aws:execute-api:us-east-1:391035843039:h6da3w6ume/production/DELETE/chargers, Accept=application/json, User-Agent=AmazonAPIGateway_h6da3w6ume, X-Amz-Security-Token=IQoJb3JpZ2luX2VjEDUaCXVzLWVhc3QtMSJHMEUCIQD8OWKWF9paBV9nApY6CKzfr0qIB0RUHdndQxGSn7yFfQIgbqeTsK25fSZVXUOPX9FNJo29X2X7XuM+RQ1WFsxDMiUqzAQIThAAGgwzOTIyMjA1NzY2NTAiDOjMh66McGGdjmZJ8SqpBDw2+PZY73QXMYxnfdRpedL5RkO9du7aPizJ9L63xuhgWTjfiIgQPqrsDINffVf/l1r1QtBXfgvyZJziClcQWcv2yNrX9ztutAooPDH/T5mZKO5kpwD2tgxLawI75ZcoJMpouSL3PEChQUTFIcayoQYcaYuwFrmyNz7aAe+QStvsQtLdx [TRUNCATED]
2022-11-28T21:50:20.659Z (016f1054-fdc3-42a4-8018-409725b301b4) Endpoint request body after transformations: 
2022-11-28T21:50:20.659Z (016f1054-fdc3-42a4-8018-409725b301b4) Sending request to https://lambda.us-east-1.amazonaws.com/2015-03-31/functions/arn:aws:lambda:us-east-1:391035843039:function:ChargingNetworkDeleteLF/invocations
2022-11-28T21:50:20.679Z (016f1054-fdc3-42a4-8018-409725b301b4) Received response. Status: 200, Integration latency: 20 ms
2022-11-28T21:50:20.679Z (016f1054-fdc3-42a4-8018-409725b301b4) Endpoint response headers: {Date=Mon, 28 Nov 2022 21:50:20 GMT, Content-Type=application/json, Content-Length=110, Connection=keep-alive, x-amzn-RequestId=e141d867-c9d9-436f-a897-645cdd1b8028, x-amzn-Remapped-Content-Length=0, X-Amz-Executed-Version=$LATEST, X-Amzn-Trace-Id=root=1-63852d1c-15e47e8a4ace10171267ec51;sampled=0}
2022-11-28T21:50:20.679Z (016f1054-fdc3-42a4-8018-409725b301b4) Endpoint response body before transformations: {"statusCode": 200, "body": "\"One or more parameter values are not valid! Please, use correct formatting!\""}
2022-11-28T21:50:20.680Z (016f1054-fdc3-42a4-8018-409725b301b4) Method response body after transformations: {"statusCode": 200, "body": "\"One or more parameter values are not valid! Please, use correct formatting!\""}
2022-11-28T21:50:20.680Z (016f1054-fdc3-42a4-8018-409725b301b4) Method response headers: {X-Amzn-Trace-Id=Root=1-63852d1c-15e47e8a4ace10171267ec51;Sampled=0, Content-Type=application/json}
2022-11-28T21:50:20.680Z (016f1054-fdc3-42a4-8018-409725b301b4) Successfully completed execution
2022-11-28T21:50:20.680Z (016f1054-fdc3-42a4-8018-409725b301b4) Method completed with status: 200
2022-11-28T21:50:20.680Z (016f1054-fdc3-42a4-8018-409725b301b4) AWS Integration Endpoint RequestId : e141d867-c9d9-436f-a897-645cdd1b8028
