2022-11-28T17:17:20.184Z (14b496a8-df42-452a-af9b-2f7605870f9d) Extended Request Id: cUn9DEbXoAMFwJw=
2022-11-28T17:17:20.184Z (14b496a8-df42-452a-af9b-2f7605870f9d) Verifying Usage Plan for request: 14b496a8-df42-452a-af9b-2f7605870f9d. API Key:  API Stage: h6da3w6ume/production
2022-11-28T17:17:20.186Z (14b496a8-df42-452a-af9b-2f7605870f9d) API Key  authorized because method 'GET /chargers' does not require API Key. Request will not contribute to throttle or quota limits
2022-11-28T17:17:20.186Z (14b496a8-df42-452a-af9b-2f7605870f9d) Usage Plan check succeeded for API Key  and API Stage h6da3w6ume/production
2022-11-28T17:17:20.186Z (14b496a8-df42-452a-af9b-2f7605870f9d) Starting execution for request: 14b496a8-df42-452a-af9b-2f7605870f9d
2022-11-28T17:17:20.186Z (14b496a8-df42-452a-af9b-2f7605870f9d) HTTP Method: GET, Resource Path: /chargers/
2022-11-28T17:17:20.186Z (14b496a8-df42-452a-af9b-2f7605870f9d) Method request path: {}
2022-11-28T17:17:20.186Z (14b496a8-df42-452a-af9b-2f7605870f9d) Method request query string: {id=1}
2022-11-28T17:17:20.186Z (14b496a8-df42-452a-af9b-2f7605870f9d) Method request headers: {sec-fetch-mode=navigate, sec-fetch-site=none, accept-language=en-US,en;q=0.5, User-Agent=Mozilla/5.0 (X11; Ubuntu; Linux x86_64; rv:107.0) Gecko/20100101 Firefox/107.0, X-Forwarded-Proto=https, Host=api.elbrusgroup.net, sec-fetch-user=?1, X-Forwarded-Port=443, X-Amzn-Trace-Id=Root=1-6384ed20-7eda17ff51ea928340e68333, accept=text/html,application/xhtml+xml,application/xml;q=0.9,image/avif,image/webp,*/*;q=0.8, upgrade-insecure-requests=1, X-Forwarded-For=185.78.69.118, accept-encoding=gzip, deflate, br, sec-fetch-dest=document}
2022-11-28T17:17:20.186Z (14b496a8-df42-452a-af9b-2f7605870f9d) Method request body before transformations: 
2022-11-28T17:17:20.186Z (14b496a8-df42-452a-af9b-2f7605870f9d) Endpoint request URI: https://lambda.us-east-1.amazonaws.com/2015-03-31/functions/arn:aws:lambda:us-east-1:391035843039:function:ChargingNetworkGetLF/invocations
2022-11-28T17:17:20.186Z (14b496a8-df42-452a-af9b-2f7605870f9d) Endpoint request headers: {X-Amz-Date=20221128T171720Z, x-amzn-apigateway-api-id=h6da3w6ume, Accept=application/json, User-Agent=AmazonAPIGateway_h6da3w6ume, Host=lambda.us-east-1.amazonaws.com, X-Amz-Content-Sha256=9f6ff083bcc20d419bdcb7ba1d2f05d7fb69ec38d7394a16b8d5798cc22236f8, X-Amzn-Trace-Id=Root=1-6384ed20-7eda17ff51ea928340e68333, x-amzn-lambda-integration-tag=14b496a8-df42-452a-af9b-2f7605870f9d, Authorization=*********************************************************************************************************************************************************************************************************************************************************************************************************************************************f7d890, X-Amz-Source-Arn=arn:aws:execute-api:us-east-1:391035843039:h6da3w6ume/production/GET/chargers, X-Amz-Security-Token=IQoJb3JpZ2luX2VjEDEaCXVzLWVhc3QtMSJGMEQCIGtWE9Et5pyGuFaIQQzRHcOOshb+ceErLsisYPewCILnAiB8xFRXo8FDa9Q0DfMalwilFZFv05MuQDd4s5olvJ3TXyrMBAhJEAAaDDM5 [TRUNCATED]
2022-11-28T17:17:20.186Z (14b496a8-df42-452a-af9b-2f7605870f9d) Endpoint request body after transformations: {
  "id":  "1"
}
2022-11-28T17:17:20.186Z (14b496a8-df42-452a-af9b-2f7605870f9d) Sending request to https://lambda.us-east-1.amazonaws.com/2015-03-31/functions/arn:aws:lambda:us-east-1:391035843039:function:ChargingNetworkGetLF/invocations
2022-11-28T17:17:20.468Z (14b496a8-df42-452a-af9b-2f7605870f9d) Received response. Status: 200, Integration latency: 281 ms
2022-11-28T17:17:20.468Z (14b496a8-df42-452a-af9b-2f7605870f9d) Endpoint response headers: {Date=Mon, 28 Nov 2022 17:17:20 GMT, Content-Type=application/json, Content-Length=104, Connection=keep-alive, x-amzn-RequestId=c0f474f1-77a4-43f9-886d-6eb0cd26f8df, x-amzn-Remapped-Content-Length=0, X-Amz-Executed-Version=$LATEST, X-Amzn-Trace-Id=root=1-6384ed20-7eda17ff51ea928340e68333;sampled=0}
2022-11-28T17:17:20.468Z (14b496a8-df42-452a-af9b-2f7605870f9d) Endpoint response body before transformations: {"statusCode": 200, "body": "\"\\\"errorMessage\\\": \\\"One or more parameter values are not valid!\""}
2022-11-28T17:17:20.468Z (14b496a8-df42-452a-af9b-2f7605870f9d) Method response body after transformations: {"statusCode": 200, "body": "\"\\\"errorMessage\\\": \\\"One or more parameter values are not valid!\""}
2022-11-28T17:17:20.468Z (14b496a8-df42-452a-af9b-2f7605870f9d) Method response headers: {X-Amzn-Trace-Id=Root=1-6384ed20-7eda17ff51ea928340e68333;Sampled=0, Content-Type=application/json}
2022-11-28T17:17:20.468Z (14b496a8-df42-452a-af9b-2f7605870f9d) Successfully completed execution
2022-11-28T17:17:20.468Z (14b496a8-df42-452a-af9b-2f7605870f9d) Method completed with status: 200
2022-11-28T17:17:20.468Z (14b496a8-df42-452a-af9b-2f7605870f9d) AWS Integration Endpoint RequestId : c0f474f1-77a4-43f9-886d-6eb0cd26f8df
