2022-12-11T23:07:47.996Z (02d36b3f-7e0c-47d1-97cf-32d515cd947d) Extended Request Id: dARepGTKoAMFsEg=
2022-12-11T23:07:47.996Z (02d36b3f-7e0c-47d1-97cf-32d515cd947d) Verifying Usage Plan for request: 02d36b3f-7e0c-47d1-97cf-32d515cd947d. API Key:  API Stage: h6da3w6ume/production
2022-12-11T23:07:47.997Z (02d36b3f-7e0c-47d1-97cf-32d515cd947d) API Key  authorized because method 'PUT /chargers' does not require API Key. Request will not contribute to throttle or quota limits
2022-12-11T23:07:47.997Z (02d36b3f-7e0c-47d1-97cf-32d515cd947d) Usage Plan check succeeded for API Key  and API Stage h6da3w6ume/production
2022-12-11T23:07:47.998Z (02d36b3f-7e0c-47d1-97cf-32d515cd947d) Starting execution for request: 02d36b3f-7e0c-47d1-97cf-32d515cd947d
2022-12-11T23:07:47.998Z (02d36b3f-7e0c-47d1-97cf-32d515cd947d) HTTP Method: PUT, Resource Path: /chargers/
2022-12-11T23:07:47.998Z (02d36b3f-7e0c-47d1-97cf-32d515cd947d) Method request path: {}
2022-12-11T23:07:47.998Z (02d36b3f-7e0c-47d1-97cf-32d515cd947d) Method request query string: {City=Korsa, Model=c12a, Output=22, PostCode=19021, SN=MD129F643H, Street=Korsveien 3, id=2}
2022-12-11T23:07:47.998Z (02d36b3f-7e0c-47d1-97cf-32d515cd947d) Method request headers: {Accept=*/*, User-Agent=python-requests/2.22.0, X-Forwarded-Proto=https, X-Forwarded-For=185.78.69.118, Host=api.elbrusgroup.net, Accept-Encoding=gzip, deflate, X-Forwarded-Port=443, X-Amzn-Trace-Id=Root=1-639662c3-5fedde104fb829bf135646b8}
2022-12-11T23:07:47.998Z (02d36b3f-7e0c-47d1-97cf-32d515cd947d) Method request body before transformations: 
2022-12-11T23:07:47.998Z (02d36b3f-7e0c-47d1-97cf-32d515cd947d) Endpoint request URI: https://lambda.us-east-1.amazonaws.com/2015-03-31/functions/arn:aws:lambda:us-east-1:391035843039:function:ChargingNetworkPutLF/invocations
2022-12-11T23:07:47.998Z (02d36b3f-7e0c-47d1-97cf-32d515cd947d) Endpoint request headers: {X-Amz-Date=20221211T230747Z, x-amzn-apigateway-api-id=h6da3w6ume, Accept=application/json, User-Agent=AmazonAPIGateway_h6da3w6ume, Host=lambda.us-east-1.amazonaws.com, X-Amz-Content-Sha256=d27b5e443d3fea288b5490a91178a757d733fca61cb6ff5b9ee012d585920bf8, X-Amzn-Trace-Id=Root=1-639662c3-5fedde104fb829bf135646b8, x-amzn-lambda-integration-tag=02d36b3f-7e0c-47d1-97cf-32d515cd947d, Authorization=*********************************************************************************************************************************************************************************************************************************************************************************************************************************************d83d05, X-Amz-Source-Arn=arn:aws:execute-api:us-east-1:391035843039:h6da3w6ume/production/PUT/chargers, X-Amz-Security-Token=IQoJb3JpZ2luX2VjEG4aCXVzLWVhc3QtMSJHMEUCIQDQK0tJ6Av90j9fHsGHEW0SucP2cJPR+jHvuxg/ufdhXAIgdbrDvM7pn9Ma6pLEpcR2+XZ9VJNtslzBrQfmpSsq2BMq1gQIl/////// [TRUNCATED]
2022-12-11T23:07:47.998Z (02d36b3f-7e0c-47d1-97cf-32d515cd947d) Endpoint request body after transformations: {
"id":  "2",
"City":  "Korsa",
"Model":  "c12a",
"Street":  "Korsveien 3",
"SN":  "MD129F643H",
"Output":  "22",
"PostCode": "19021"
}

2022-12-11T23:07:47.998Z (02d36b3f-7e0c-47d1-97cf-32d515cd947d) Sending request to https://lambda.us-east-1.amazonaws.com/2015-03-31/functions/arn:aws:lambda:us-east-1:391035843039:function:ChargingNetworkPutLF/invocations
2022-12-11T23:07:48.012Z (02d36b3f-7e0c-47d1-97cf-32d515cd947d) Received response. Status: 200, Integration latency: 14 ms
2022-12-11T23:07:48.012Z (02d36b3f-7e0c-47d1-97cf-32d515cd947d) Endpoint response headers: {Date=Sun, 11 Dec 2022 23:07:48 GMT, Content-Type=application/json, Content-Length=104, Connection=keep-alive, x-amzn-RequestId=3dbb66d4-a05d-436a-942a-86c52d07d202, x-amzn-Remapped-Content-Length=0, X-Amz-Executed-Version=$LATEST, X-Amzn-Trace-Id=root=1-639662c3-5fedde104fb829bf135646b8;sampled=0}
2022-12-11T23:07:48.012Z (02d36b3f-7e0c-47d1-97cf-32d515cd947d) Endpoint response body before transformations: {"statusCode": 200, "body": "\"\\\"errorMessage\\\": \\\"One or more parameter values are not valid!\""}
2022-12-11T23:07:48.012Z (02d36b3f-7e0c-47d1-97cf-32d515cd947d) Method response body after transformations: {"statusCode": 200, "body": "\"\\\"errorMessage\\\": \\\"One or more parameter values are not valid!\""}
2022-12-11T23:07:48.012Z (02d36b3f-7e0c-47d1-97cf-32d515cd947d) Method response headers: {X-Amzn-Trace-Id=Root=1-639662c3-5fedde104fb829bf135646b8;Sampled=0, Content-Type=application/json}
2022-12-11T23:07:48.012Z (02d36b3f-7e0c-47d1-97cf-32d515cd947d) Successfully completed execution
2022-12-11T23:07:48.012Z (02d36b3f-7e0c-47d1-97cf-32d515cd947d) Method completed with status: 200
2022-12-11T23:07:48.012Z (02d36b3f-7e0c-47d1-97cf-32d515cd947d) AWS Integration Endpoint RequestId : 3dbb66d4-a05d-436a-942a-86c52d07d202
