2022-11-28T21:49:57.997Z (4ae0f186-f76d-42f6-b337-80905e7dc7ed) Extended Request Id: cVP49GcmoAMFdVg=
2022-11-28T21:49:57.997Z (4ae0f186-f76d-42f6-b337-80905e7dc7ed) Verifying Usage Plan for request: 4ae0f186-f76d-42f6-b337-80905e7dc7ed. API Key:  API Stage: h6da3w6ume/production
2022-11-28T21:49:57.999Z (4ae0f186-f76d-42f6-b337-80905e7dc7ed) API Key  authorized because method 'PUT /chargers' does not require API Key. Request will not contribute to throttle or quota limits
2022-11-28T21:49:57.999Z (4ae0f186-f76d-42f6-b337-80905e7dc7ed) Usage Plan check succeeded for API Key  and API Stage h6da3w6ume/production
2022-11-28T21:49:57.999Z (4ae0f186-f76d-42f6-b337-80905e7dc7ed) Starting execution for request: 4ae0f186-f76d-42f6-b337-80905e7dc7ed
2022-11-28T21:49:57.999Z (4ae0f186-f76d-42f6-b337-80905e7dc7ed) HTTP Method: PUT, Resource Path: /chargers
2022-11-28T21:49:57.999Z (4ae0f186-f76d-42f6-b337-80905e7dc7ed) Method request path: {}
2022-11-28T21:49:57.999Z (4ae0f186-f76d-42f6-b337-80905e7dc7ed) Method request query string: {City=Korsa, Model=c12a, Output=22, PostCode=19021, SN=MD729F871H, Street=Korsveien 3, id=5}
2022-11-28T21:49:57.999Z (4ae0f186-f76d-42f6-b337-80905e7dc7ed) Method request headers: {Accept=*/*, User-Agent=python-requests/2.22.0, X-Forwarded-Proto=https, X-Forwarded-For=185.78.69.118, Host=api.elbrusgroup.net, Accept-Encoding=gzip, deflate, X-Forwarded-Port=443, X-Amzn-Trace-Id=Root=1-63852d05-3d6ea3a508e29b2b341ec4df}
2022-11-28T21:49:57.999Z (4ae0f186-f76d-42f6-b337-80905e7dc7ed) Method request body before transformations: 
2022-11-28T21:49:58.000Z (4ae0f186-f76d-42f6-b337-80905e7dc7ed) Endpoint request URI: https://lambda.us-east-1.amazonaws.com/2015-03-31/functions/arn:aws:lambda:us-east-1:391035843039:function:ChargingNetworkPutLF/invocations
2022-11-28T21:49:58.000Z (4ae0f186-f76d-42f6-b337-80905e7dc7ed) Endpoint request headers: {X-Amz-Date=20221128T214958Z, x-amzn-apigateway-api-id=h6da3w6ume, Accept=application/json, User-Agent=AmazonAPIGateway_h6da3w6ume, Host=lambda.us-east-1.amazonaws.com, X-Amz-Content-Sha256=d70eebb8ce8d753eb3be1172911eedf9b0b0634dac43e0cdbf15db42bbd19e38, X-Amzn-Trace-Id=Root=1-63852d05-3d6ea3a508e29b2b341ec4df, x-amzn-lambda-integration-tag=4ae0f186-f76d-42f6-b337-80905e7dc7ed, Authorization=*********************************************************************************************************************************************************************************************************************************************************************************************************************************************db6737, X-Amz-Source-Arn=arn:aws:execute-api:us-east-1:391035843039:h6da3w6ume/production/PUT/chargers, X-Amz-Security-Token=IQoJb3JpZ2luX2VjEDYaCXVzLWVhc3QtMSJHMEUCIBFNqdixGlNVpKczvIy8jEywBNOABnwInABbCD8IRB8sAiEAoUvVvACYO2RCc7ywpnzDQnaCjDmZ9mLE+PjCXP3cjAsqzAQIThAAGgwz [TRUNCATED]
2022-11-28T21:49:58.000Z (4ae0f186-f76d-42f6-b337-80905e7dc7ed) Endpoint request body after transformations: {
"id":  "5",
"City":  "Korsa",
"Model":  "c12a",
"Street":  "Korsveien 3",
"SN":  "MD729F871H",
"Output":  "22",
"PostCode": "19021"
}

2022-11-28T21:49:58.000Z (4ae0f186-f76d-42f6-b337-80905e7dc7ed) Sending request to https://lambda.us-east-1.amazonaws.com/2015-03-31/functions/arn:aws:lambda:us-east-1:391035843039:function:ChargingNetworkPutLF/invocations
2022-11-28T21:49:58.012Z (4ae0f186-f76d-42f6-b337-80905e7dc7ed) Received response. Status: 200, Integration latency: 11 ms
2022-11-28T21:49:58.012Z (4ae0f186-f76d-42f6-b337-80905e7dc7ed) Endpoint response headers: {Date=Mon, 28 Nov 2022 21:49:58 GMT, Content-Type=application/json, Content-Length=104, Connection=keep-alive, x-amzn-RequestId=716e6d95-0d4e-4742-b7ab-4e171862e6d4, x-amzn-Remapped-Content-Length=0, X-Amz-Executed-Version=$LATEST, X-Amzn-Trace-Id=root=1-63852d05-3d6ea3a508e29b2b341ec4df;sampled=0}
2022-11-28T21:49:58.012Z (4ae0f186-f76d-42f6-b337-80905e7dc7ed) Endpoint response body before transformations: {"statusCode": 200, "body": "\"\\\"errorMessage\\\": \\\"One or more parameter values are not valid!\""}
2022-11-28T21:49:58.012Z (4ae0f186-f76d-42f6-b337-80905e7dc7ed) Method response body after transformations: {"statusCode": 200, "body": "\"\\\"errorMessage\\\": \\\"One or more parameter values are not valid!\""}
2022-11-28T21:49:58.012Z (4ae0f186-f76d-42f6-b337-80905e7dc7ed) Method response headers: {X-Amzn-Trace-Id=Root=1-63852d05-3d6ea3a508e29b2b341ec4df;Sampled=0, Content-Type=application/json}
2022-11-28T21:49:58.012Z (4ae0f186-f76d-42f6-b337-80905e7dc7ed) Successfully completed execution
2022-11-28T21:49:58.012Z (4ae0f186-f76d-42f6-b337-80905e7dc7ed) Method completed with status: 200
2022-11-28T21:49:58.012Z (4ae0f186-f76d-42f6-b337-80905e7dc7ed) AWS Integration Endpoint RequestId : 716e6d95-0d4e-4742-b7ab-4e171862e6d4
