2022-11-28T21:50:25.371Z (2dd8fe16-7e6c-42b0-ac18-1052493797d8) Extended Request Id: cVP9PF1LIAMFnog=
2022-11-28T21:50:25.371Z (2dd8fe16-7e6c-42b0-ac18-1052493797d8) Verifying Usage Plan for request: 2dd8fe16-7e6c-42b0-ac18-1052493797d8. API Key: **********************************5SgLnc API Stage: h6da3w6ume/production
2022-11-28T21:50:25.374Z (2dd8fe16-7e6c-42b0-ac18-1052493797d8) Usage Plan check succeeded for API Key **********************************5SgLnc and API Stage h6da3w6ume/production
2022-11-28T21:50:25.374Z (2dd8fe16-7e6c-42b0-ac18-1052493797d8) Starting execution for request: 2dd8fe16-7e6c-42b0-ac18-1052493797d8
2022-11-28T21:50:25.374Z (2dd8fe16-7e6c-42b0-ac18-1052493797d8) HTTP Method: DELETE, Resource Path: /chargers/
2022-11-28T21:50:25.374Z (2dd8fe16-7e6c-42b0-ac18-1052493797d8) API Key: **********************************5SgLnc
2022-11-28T21:50:25.374Z (2dd8fe16-7e6c-42b0-ac18-1052493797d8) API Key ID: mn33y0mpha
2022-11-28T21:50:25.374Z (2dd8fe16-7e6c-42b0-ac18-1052493797d8) Method request path: {}
2022-11-28T21:50:25.374Z (2dd8fe16-7e6c-42b0-ac18-1052493797d8) Method request query string: {id=1}
2022-11-28T21:50:25.374Z (2dd8fe16-7e6c-42b0-ac18-1052493797d8) Method request headers: {Accept=*/*, x-api-key=**********************************5SgLnc, User-Agent=python-requests/2.22.0, X-Forwarded-Proto=https, X-Forwarded-For=185.78.69.118, Host=api.elbrusgroup.net, Accept-Encoding=gzip, deflate, X-Forwarded-Port=443, X-Amzn-Trace-Id=Root=1-63852d21-3713ff7313f2834e26d25208}
2022-11-28T21:50:25.374Z (2dd8fe16-7e6c-42b0-ac18-1052493797d8) Method request body before transformations: 
2022-11-28T21:50:25.374Z (2dd8fe16-7e6c-42b0-ac18-1052493797d8) Endpoint request URI: https://lambda.us-east-1.amazonaws.com/2015-03-31/functions/arn:aws:lambda:us-east-1:391035843039:function:ChargingNetworkDeleteLF/invocations
2022-11-28T21:50:25.374Z (2dd8fe16-7e6c-42b0-ac18-1052493797d8) Endpoint request headers: {x-amzn-lambda-integration-tag=2dd8fe16-7e6c-42b0-ac18-1052493797d8, Authorization=***********************************************************************************************************************************************************************************************************************************************************************************************************0c50c8, X-Amz-Date=20221128T215025Z, x-amzn-apigateway-api-id=h6da3w6ume, X-Amz-Source-Arn=arn:aws:execute-api:us-east-1:391035843039:h6da3w6ume/production/DELETE/chargers, Accept=application/json, User-Agent=AmazonAPIGateway_h6da3w6ume, X-Amz-Security-Token=IQoJb3JpZ2luX2VjEDYaCXVzLWVhc3QtMSJIMEYCIQDv26tw+fgxnG0KBB/JErjCvgKvBlMZFrHQtGFGBh7OiAIhAMNhWj4yz0yDuYz8zYEZpa1EJWTYDG9E7r7Q91GmWE7QKs0ECE4QABoMMzkyMjIwNTc2NjUwIgz40WiN3MCV/ZWVe6cqqgTieUCpbKFNvSJvhGz5sF2SRGArUk8d/EoD+JCXXZt7xsvztHxLxOlwt86L6tTOrSeQP8FfTMhfwAXORGcQSomQ0v8JnOBCPtOhDf01537d4UC+4B/Z3+aqJp/dKjJn5G4Hh0nyZKV5ikjCUFSrC8IE2LFVXjvjp361HkeH5GvAhCOMV [TRUNCATED]
2022-11-28T21:50:25.374Z (2dd8fe16-7e6c-42b0-ac18-1052493797d8) Endpoint request body after transformations: 
2022-11-28T21:50:25.375Z (2dd8fe16-7e6c-42b0-ac18-1052493797d8) Sending request to https://lambda.us-east-1.amazonaws.com/2015-03-31/functions/arn:aws:lambda:us-east-1:391035843039:function:ChargingNetworkDeleteLF/invocations
2022-11-28T21:50:25.392Z (2dd8fe16-7e6c-42b0-ac18-1052493797d8) Received response. Status: 200, Integration latency: 17 ms
2022-11-28T21:50:25.392Z (2dd8fe16-7e6c-42b0-ac18-1052493797d8) Endpoint response headers: {Date=Mon, 28 Nov 2022 21:50:25 GMT, Content-Type=application/json, Content-Length=110, Connection=keep-alive, x-amzn-RequestId=0d0b2783-9b0c-459a-9abb-55eb4074f9f0, x-amzn-Remapped-Content-Length=0, X-Amz-Executed-Version=$LATEST, X-Amzn-Trace-Id=root=1-63852d21-3713ff7313f2834e26d25208;sampled=0}
2022-11-28T21:50:25.392Z (2dd8fe16-7e6c-42b0-ac18-1052493797d8) Endpoint response body before transformations: {"statusCode": 200, "body": "\"One or more parameter values are not valid! Please, use correct formatting!\""}
2022-11-28T21:50:25.392Z (2dd8fe16-7e6c-42b0-ac18-1052493797d8) Method response body after transformations: {"statusCode": 200, "body": "\"One or more parameter values are not valid! Please, use correct formatting!\""}
2022-11-28T21:50:25.392Z (2dd8fe16-7e6c-42b0-ac18-1052493797d8) Method response headers: {X-Amzn-Trace-Id=Root=1-63852d21-3713ff7313f2834e26d25208;Sampled=0, Content-Type=application/json}
2022-11-28T21:50:25.392Z (2dd8fe16-7e6c-42b0-ac18-1052493797d8) Successfully completed execution
2022-11-28T21:50:25.392Z (2dd8fe16-7e6c-42b0-ac18-1052493797d8) Method completed with status: 200
2022-11-28T21:50:25.392Z (2dd8fe16-7e6c-42b0-ac18-1052493797d8) AWS Integration Endpoint RequestId : 0d0b2783-9b0c-459a-9abb-55eb4074f9f0
