2022-11-28T21:50:05.607Z (027ce6de-65e3-42ae-9f24-8b919d13559d) Extended Request Id: cVP6KHEZoAMFV7Q=
2022-11-28T21:50:05.607Z (027ce6de-65e3-42ae-9f24-8b919d13559d) Verifying Usage Plan for request: 027ce6de-65e3-42ae-9f24-8b919d13559d. API Key:  API Stage: h6da3w6ume/production
2022-11-28T21:50:05.609Z (027ce6de-65e3-42ae-9f24-8b919d13559d) API Key  authorized because method 'PUT /chargers' does not require API Key. Request will not contribute to throttle or quota limits
2022-11-28T21:50:05.609Z (027ce6de-65e3-42ae-9f24-8b919d13559d) Usage Plan check succeeded for API Key  and API Stage h6da3w6ume/production
2022-11-28T21:50:05.609Z (027ce6de-65e3-42ae-9f24-8b919d13559d) Starting execution for request: 027ce6de-65e3-42ae-9f24-8b919d13559d
2022-11-28T21:50:05.609Z (027ce6de-65e3-42ae-9f24-8b919d13559d) HTTP Method: PUT, Resource Path: /chargers
2022-11-28T21:50:05.609Z (027ce6de-65e3-42ae-9f24-8b919d13559d) Method request path: {}
2022-11-28T21:50:05.609Z (027ce6de-65e3-42ae-9f24-8b919d13559d) Method request query string: {City=Vola, Model=c12b, Output=50, PostCode=19024, SN=MD129F547B, Street=Smievegen 16, id=15}
2022-11-28T21:50:05.609Z (027ce6de-65e3-42ae-9f24-8b919d13559d) Method request headers: {Accept=*/*, User-Agent=python-requests/2.22.0, X-Forwarded-Proto=https, X-Forwarded-For=185.78.69.118, Host=api.elbrusgroup.net, Accept-Encoding=gzip, deflate, X-Forwarded-Port=443, X-Amzn-Trace-Id=Root=1-63852d0d-466b9417306c2a132495807b}
2022-11-28T21:50:05.609Z (027ce6de-65e3-42ae-9f24-8b919d13559d) Method request body before transformations: 
2022-11-28T21:50:05.609Z (027ce6de-65e3-42ae-9f24-8b919d13559d) Endpoint request URI: https://lambda.us-east-1.amazonaws.com/2015-03-31/functions/arn:aws:lambda:us-east-1:391035843039:function:ChargingNetworkPutLF/invocations
2022-11-28T21:50:05.610Z (027ce6de-65e3-42ae-9f24-8b919d13559d) Endpoint request headers: {X-Amz-Date=20221128T215005Z, x-amzn-apigateway-api-id=h6da3w6ume, Accept=application/json, User-Agent=AmazonAPIGateway_h6da3w6ume, Host=lambda.us-east-1.amazonaws.com, X-Amz-Content-Sha256=4a79c5d002d345121acc8c3b4b07d3e5f9529ee439cb2b848cc1c62eee49919c, X-Amzn-Trace-Id=Root=1-63852d0d-466b9417306c2a132495807b, x-amzn-lambda-integration-tag=027ce6de-65e3-42ae-9f24-8b919d13559d, Authorization=*********************************************************************************************************************************************************************************************************************************************************************************************************************************************3aab62, X-Amz-Source-Arn=arn:aws:execute-api:us-east-1:391035843039:h6da3w6ume/production/PUT/chargers, X-Amz-Security-Token=IQoJb3JpZ2luX2VjEDUaCXVzLWVhc3QtMSJIMEYCIQCRNyXYxN7ejrdMrXyQLDh/rDejdzZwsUYYwI9AlrKCxQIhAL12f/8L0/a8QWKmmAm8Z4ZnsuvOLQh15JlUsSiOC1DKKswECE4QABoM [TRUNCATED]
2022-11-28T21:50:05.610Z (027ce6de-65e3-42ae-9f24-8b919d13559d) Endpoint request body after transformations: {
"id":  "15",
"City":  "Vola",
"Model":  "c12b",
"Street":  "Smievegen 16",
"SN":  "MD129F547B",
"Output":  "50",
"PostCode": "19024"
}

2022-11-28T21:50:05.610Z (027ce6de-65e3-42ae-9f24-8b919d13559d) Sending request to https://lambda.us-east-1.amazonaws.com/2015-03-31/functions/arn:aws:lambda:us-east-1:391035843039:function:ChargingNetworkPutLF/invocations
2022-11-28T21:50:05.627Z (027ce6de-65e3-42ae-9f24-8b919d13559d) Received response. Status: 200, Integration latency: 17 ms
2022-11-28T21:50:05.627Z (027ce6de-65e3-42ae-9f24-8b919d13559d) Endpoint response headers: {Date=Mon, 28 Nov 2022 21:50:05 GMT, Content-Type=application/json, Content-Length=104, Connection=keep-alive, x-amzn-RequestId=b9445ae8-0a5d-43b0-b058-be16c8ad6e93, x-amzn-Remapped-Content-Length=0, X-Amz-Executed-Version=$LATEST, X-Amzn-Trace-Id=root=1-63852d0d-466b9417306c2a132495807b;sampled=0}
2022-11-28T21:50:05.627Z (027ce6de-65e3-42ae-9f24-8b919d13559d) Endpoint response body before transformations: {"statusCode": 200, "body": "\"\\\"errorMessage\\\": \\\"One or more parameter values are not valid!\""}
2022-11-28T21:50:05.627Z (027ce6de-65e3-42ae-9f24-8b919d13559d) Method response body after transformations: {"statusCode": 200, "body": "\"\\\"errorMessage\\\": \\\"One or more parameter values are not valid!\""}
2022-11-28T21:50:05.627Z (027ce6de-65e3-42ae-9f24-8b919d13559d) Method response headers: {X-Amzn-Trace-Id=Root=1-63852d0d-466b9417306c2a132495807b;Sampled=0, Content-Type=application/json}
2022-11-28T21:50:05.627Z (027ce6de-65e3-42ae-9f24-8b919d13559d) Successfully completed execution
2022-11-28T21:50:05.627Z (027ce6de-65e3-42ae-9f24-8b919d13559d) Method completed with status: 200
2022-11-28T21:50:05.627Z (027ce6de-65e3-42ae-9f24-8b919d13559d) AWS Integration Endpoint RequestId : b9445ae8-0a5d-43b0-b058-be16c8ad6e93
