2022-11-28T23:42:08.116Z (e89cc023-f579-4180-8589-b3727ab6e40d) Extended Request Id: cVgUjE_2oAMFemw=
2022-11-28T23:42:08.116Z (e89cc023-f579-4180-8589-b3727ab6e40d) Verifying Usage Plan for request: e89cc023-f579-4180-8589-b3727ab6e40d. API Key:  API Stage: h6da3w6ume/production
2022-11-28T23:42:08.118Z (e89cc023-f579-4180-8589-b3727ab6e40d) API Key  authorized because method 'GET /chargers' does not require API Key. Request will not contribute to throttle or quota limits
2022-11-28T23:42:08.118Z (e89cc023-f579-4180-8589-b3727ab6e40d) Usage Plan check succeeded for API Key  and API Stage h6da3w6ume/production
2022-11-28T23:42:08.118Z (e89cc023-f579-4180-8589-b3727ab6e40d) Starting execution for request: e89cc023-f579-4180-8589-b3727ab6e40d
2022-11-28T23:42:08.118Z (e89cc023-f579-4180-8589-b3727ab6e40d) HTTP Method: GET, Resource Path: /chargers/
2022-11-28T23:42:08.118Z (e89cc023-f579-4180-8589-b3727ab6e40d) Method request path: {}
2022-11-28T23:42:08.118Z (e89cc023-f579-4180-8589-b3727ab6e40d) Method request query string: {id=1}
2022-11-28T23:42:08.118Z (e89cc023-f579-4180-8589-b3727ab6e40d) Method request headers: {sec-fetch-mode=navigate, sec-fetch-site=none, accept-language=en-US,en;q=0.5, User-Agent=Mozilla/5.0 (X11; Ubuntu; Linux x86_64; rv:107.0) Gecko/20100101 Firefox/107.0, X-Forwarded-Proto=https, Host=api.elbrusgroup.net, sec-fetch-user=?1, X-Forwarded-Port=443, X-Amzn-Trace-Id=Root=1-63854750-2858989f7c7cb0357ba6a304, accept=text/html,application/xhtml+xml,application/xml;q=0.9,image/avif,image/webp,*/*;q=0.8, upgrade-insecure-requests=1, X-Forwarded-For=185.78.69.118, accept-encoding=gzip, deflate, br, sec-fetch-dest=document}
2022-11-28T23:42:08.118Z (e89cc023-f579-4180-8589-b3727ab6e40d) Method request body before transformations: 
2022-11-28T23:42:08.118Z (e89cc023-f579-4180-8589-b3727ab6e40d) Endpoint request URI: https://lambda.us-east-1.amazonaws.com/2015-03-31/functions/arn:aws:lambda:us-east-1:391035843039:function:ChargingNetworkGetLF/invocations
2022-11-28T23:42:08.118Z (e89cc023-f579-4180-8589-b3727ab6e40d) Endpoint request headers: {X-Amz-Date=20221128T234208Z, x-amzn-apigateway-api-id=h6da3w6ume, Accept=application/json, User-Agent=AmazonAPIGateway_h6da3w6ume, Host=lambda.us-east-1.amazonaws.com, X-Amz-Content-Sha256=9f6ff083bcc20d419bdcb7ba1d2f05d7fb69ec38d7394a16b8d5798cc22236f8, X-Amzn-Trace-Id=Root=1-63854750-2858989f7c7cb0357ba6a304, x-amzn-lambda-integration-tag=e89cc023-f579-4180-8589-b3727ab6e40d, Authorization=*********************************************************************************************************************************************************************************************************************************************************************************************************************************************695b01, X-Amz-Source-Arn=arn:aws:execute-api:us-east-1:391035843039:h6da3w6ume/production/GET/chargers, X-Amz-Security-Token=IQoJb3JpZ2luX2VjEDcaCXVzLWVhc3QtMSJHMEUCIAPMeCuZQx7sKviT19zl8UVQW2Lc1LpQMfnMkqszhViIAiEAlmD0ITeS03lWJUpBwpBGKGjfZJW7BEYELDgKRSlGSbAqzAQIUBAAGgwz [TRUNCATED]
2022-11-28T23:42:08.118Z (e89cc023-f579-4180-8589-b3727ab6e40d) Endpoint request body after transformations: {
  "id":  "1"
}
2022-11-28T23:42:08.118Z (e89cc023-f579-4180-8589-b3727ab6e40d) Sending request to https://lambda.us-east-1.amazonaws.com/2015-03-31/functions/arn:aws:lambda:us-east-1:391035843039:function:ChargingNetworkGetLF/invocations
2022-11-28T23:42:08.450Z (e89cc023-f579-4180-8589-b3727ab6e40d) Received response. Status: 200, Integration latency: 331 ms
2022-11-28T23:42:08.450Z (e89cc023-f579-4180-8589-b3727ab6e40d) Endpoint response headers: {Date=Mon, 28 Nov 2022 23:42:08 GMT, Content-Type=application/json, Content-Length=104, Connection=keep-alive, x-amzn-RequestId=d2e504bb-8fec-4466-b763-34b8ffc7dac0, x-amzn-Remapped-Content-Length=0, X-Amz-Executed-Version=$LATEST, X-Amzn-Trace-Id=root=1-63854750-2858989f7c7cb0357ba6a304;sampled=0}
2022-11-28T23:42:08.450Z (e89cc023-f579-4180-8589-b3727ab6e40d) Endpoint response body before transformations: {"statusCode": 200, "body": "\"\\\"errorMessage\\\": \\\"One or more parameter values are not valid!\""}
2022-11-28T23:42:08.450Z (e89cc023-f579-4180-8589-b3727ab6e40d) Method response body after transformations: {"statusCode": 200, "body": "\"\\\"errorMessage\\\": \\\"One or more parameter values are not valid!\""}
2022-11-28T23:42:08.450Z (e89cc023-f579-4180-8589-b3727ab6e40d) Method response headers: {X-Amzn-Trace-Id=Root=1-63854750-2858989f7c7cb0357ba6a304;Sampled=0, Content-Type=application/json}
2022-11-28T23:42:08.450Z (e89cc023-f579-4180-8589-b3727ab6e40d) Successfully completed execution
2022-11-28T23:42:08.450Z (e89cc023-f579-4180-8589-b3727ab6e40d) Method completed with status: 200
2022-11-28T23:42:08.450Z (e89cc023-f579-4180-8589-b3727ab6e40d) AWS Integration Endpoint RequestId : d2e504bb-8fec-4466-b763-34b8ffc7dac0
