2022-12-01T13:55:17.284Z (aacce128-02ab-40c5-9922-29eb4030131b) Extended Request Id: ceDK2G3bIAMFgTA=
2022-12-01T13:55:17.284Z (aacce128-02ab-40c5-9922-29eb4030131b) Verifying Usage Plan for request: aacce128-02ab-40c5-9922-29eb4030131b. API Key:  API Stage: h6da3w6ume/production
2022-12-01T13:55:17.286Z (aacce128-02ab-40c5-9922-29eb4030131b) API Key  authorized because method 'PUT /chargers' does not require API Key. Request will not contribute to throttle or quota limits
2022-12-01T13:55:17.286Z (aacce128-02ab-40c5-9922-29eb4030131b) Usage Plan check succeeded for API Key  and API Stage h6da3w6ume/production
2022-12-01T13:55:17.286Z (aacce128-02ab-40c5-9922-29eb4030131b) Starting execution for request: aacce128-02ab-40c5-9922-29eb4030131b
2022-12-01T13:55:17.286Z (aacce128-02ab-40c5-9922-29eb4030131b) HTTP Method: PUT, Resource Path: /chargers
2022-12-01T13:55:17.286Z (aacce128-02ab-40c5-9922-29eb4030131b) Method request path: {}
2022-12-01T13:55:17.286Z (aacce128-02ab-40c5-9922-29eb4030131b) Method request query string: {City=Vola, Model=c12b, Output=50, PostCode=19024, SN=MD129F540L, Street=Smievegen 16, id=19}
2022-12-01T13:55:17.286Z (aacce128-02ab-40c5-9922-29eb4030131b) Method request headers: {Accept=*/*, User-Agent=python-requests/2.22.0, X-Forwarded-Proto=https, X-Forwarded-For=195.159.241.26, Host=api.elbrusgroup.net, Accept-Encoding=gzip, deflate, X-Forwarded-Port=443, X-Amzn-Trace-Id=Root=1-6388b245-41b43cfb2f81d7f77a6f7680}
2022-12-01T13:55:17.286Z (aacce128-02ab-40c5-9922-29eb4030131b) Method request body before transformations: 
2022-12-01T13:55:17.286Z (aacce128-02ab-40c5-9922-29eb4030131b) Endpoint request URI: https://lambda.us-east-1.amazonaws.com/2015-03-31/functions/arn:aws:lambda:us-east-1:391035843039:function:ChargingNetworkPutLF/invocations
2022-12-01T13:55:17.286Z (aacce128-02ab-40c5-9922-29eb4030131b) Endpoint request headers: {X-Amz-Date=20221201T135517Z, x-amzn-apigateway-api-id=h6da3w6ume, Accept=application/json, User-Agent=AmazonAPIGateway_h6da3w6ume, Host=lambda.us-east-1.amazonaws.com, X-Amz-Content-Sha256=09130c2a0ad65e84b9272f4feda430e1952c95bfda1fb42898895a3d4fafe702, X-Amzn-Trace-Id=Root=1-6388b245-41b43cfb2f81d7f77a6f7680, x-amzn-lambda-integration-tag=aacce128-02ab-40c5-9922-29eb4030131b, Authorization=*********************************************************************************************************************************************************************************************************************************************************************************************************************************************87eef2, X-Amz-Source-Arn=arn:aws:execute-api:us-east-1:391035843039:h6da3w6ume/production/PUT/chargers, X-Amz-Security-Token=IQoJb3JpZ2luX2VjEHUaCXVzLWVhc3QtMSJHMEUCIQCjpXuO5J9FRSjrbdpIm5I640lsNNkt1GbWo3n8kZuAtAIgXNlVDnLmZZSjCh6o7CWSW55jKktwXgEVOZuBBXCkMYsq1gQIjv////// [TRUNCATED]
2022-12-01T13:55:17.286Z (aacce128-02ab-40c5-9922-29eb4030131b) Endpoint request body after transformations: {
"id":  "19",
"City":  "Vola",
"Model":  "c12b",
"Street":  "Smievegen 16",
"SN":  "MD129F540L",
"Output":  "50",
"PostCode": "19024"
}

2022-12-01T13:55:17.286Z (aacce128-02ab-40c5-9922-29eb4030131b) Sending request to https://lambda.us-east-1.amazonaws.com/2015-03-31/functions/arn:aws:lambda:us-east-1:391035843039:function:ChargingNetworkPutLF/invocations
2022-12-01T13:55:17.298Z (aacce128-02ab-40c5-9922-29eb4030131b) Received response. Status: 200, Integration latency: 12 ms
2022-12-01T13:55:17.298Z (aacce128-02ab-40c5-9922-29eb4030131b) Endpoint response headers: {Date=Thu, 01 Dec 2022 13:55:17 GMT, Content-Type=application/json, Content-Length=104, Connection=keep-alive, x-amzn-RequestId=d191a5b7-c427-43be-aaa9-48a2e8ebc9f8, x-amzn-Remapped-Content-Length=0, X-Amz-Executed-Version=$LATEST, X-Amzn-Trace-Id=root=1-6388b245-41b43cfb2f81d7f77a6f7680;sampled=0}
2022-12-01T13:55:17.298Z (aacce128-02ab-40c5-9922-29eb4030131b) Endpoint response body before transformations: {"statusCode": 200, "body": "\"\\\"errorMessage\\\": \\\"One or more parameter values are not valid!\""}
2022-12-01T13:55:17.298Z (aacce128-02ab-40c5-9922-29eb4030131b) Method response body after transformations: {"statusCode": 200, "body": "\"\\\"errorMessage\\\": \\\"One or more parameter values are not valid!\""}
2022-12-01T13:55:17.298Z (aacce128-02ab-40c5-9922-29eb4030131b) Method response headers: {X-Amzn-Trace-Id=Root=1-6388b245-41b43cfb2f81d7f77a6f7680;Sampled=0, Content-Type=application/json}
2022-12-01T13:55:17.298Z (aacce128-02ab-40c5-9922-29eb4030131b) Successfully completed execution
2022-12-01T13:55:17.298Z (aacce128-02ab-40c5-9922-29eb4030131b) Method completed with status: 200
2022-12-01T13:55:17.298Z (aacce128-02ab-40c5-9922-29eb4030131b) AWS Integration Endpoint RequestId : d191a5b7-c427-43be-aaa9-48a2e8ebc9f8
