2022-11-28T19:34:41.579Z (7524bc80-4034-44aa-a4ec-0fcf3c8c8551) Extended Request Id: cU8ExEAboAMFSRg=
2022-11-28T19:34:41.579Z (7524bc80-4034-44aa-a4ec-0fcf3c8c8551) Verifying Usage Plan for request: 7524bc80-4034-44aa-a4ec-0fcf3c8c8551. API Key:  API Stage: h6da3w6ume/production
2022-11-28T19:34:41.580Z (7524bc80-4034-44aa-a4ec-0fcf3c8c8551) API Key  authorized because method 'GET /chargers' does not require API Key. Request will not contribute to throttle or quota limits
2022-11-28T19:34:41.580Z (7524bc80-4034-44aa-a4ec-0fcf3c8c8551) Usage Plan check succeeded for API Key  and API Stage h6da3w6ume/production
2022-11-28T19:34:41.581Z (7524bc80-4034-44aa-a4ec-0fcf3c8c8551) Starting execution for request: 7524bc80-4034-44aa-a4ec-0fcf3c8c8551
2022-11-28T19:34:41.581Z (7524bc80-4034-44aa-a4ec-0fcf3c8c8551) HTTP Method: GET, Resource Path: /chargers/
2022-11-28T19:34:41.581Z (7524bc80-4034-44aa-a4ec-0fcf3c8c8551) Method request path: {}
2022-11-28T19:34:41.581Z (7524bc80-4034-44aa-a4ec-0fcf3c8c8551) Method request query string: {id=1}
2022-11-28T19:34:41.581Z (7524bc80-4034-44aa-a4ec-0fcf3c8c8551) Method request headers: {sec-fetch-mode=navigate, sec-fetch-site=none, accept-language=en-US,en;q=0.5, User-Agent=Mozilla/5.0 (X11; Ubuntu; Linux x86_64; rv:107.0) Gecko/20100101 Firefox/107.0, X-Forwarded-Proto=https, Host=api.elbrusgroup.net, sec-fetch-user=?1, X-Forwarded-Port=443, X-Amzn-Trace-Id=Root=1-63850d51-602117603b4130b049f436b2, accept=text/html,application/xhtml+xml,application/xml;q=0.9,image/avif,image/webp,*/*;q=0.8, upgrade-insecure-requests=1, X-Forwarded-For=185.78.69.118, accept-encoding=gzip, deflate, br, sec-fetch-dest=document}
2022-11-28T19:34:41.581Z (7524bc80-4034-44aa-a4ec-0fcf3c8c8551) Method request body before transformations: 
2022-11-28T19:34:41.581Z (7524bc80-4034-44aa-a4ec-0fcf3c8c8551) Endpoint request URI: https://lambda.us-east-1.amazonaws.com/2015-03-31/functions/arn:aws:lambda:us-east-1:391035843039:function:ChargingNetworkGetLF/invocations
2022-11-28T19:34:41.581Z (7524bc80-4034-44aa-a4ec-0fcf3c8c8551) Endpoint request headers: {X-Amz-Date=20221128T193441Z, x-amzn-apigateway-api-id=h6da3w6ume, Accept=application/json, User-Agent=AmazonAPIGateway_h6da3w6ume, Host=lambda.us-east-1.amazonaws.com, X-Amz-Content-Sha256=9f6ff083bcc20d419bdcb7ba1d2f05d7fb69ec38d7394a16b8d5798cc22236f8, X-Amzn-Trace-Id=Root=1-63850d51-602117603b4130b049f436b2, x-amzn-lambda-integration-tag=7524bc80-4034-44aa-a4ec-0fcf3c8c8551, Authorization=*********************************************************************************************************************************************************************************************************************************************************************************************************************************************5aa894, X-Amz-Source-Arn=arn:aws:execute-api:us-east-1:391035843039:h6da3w6ume/production/GET/chargers, X-Amz-Security-Token=IQoJb3JpZ2luX2VjEDIaCXVzLWVhc3QtMSJHMEUCIQDMCX29IB1vOcNxZTSJbjkVE5Kg/lknh+vhJBLmVi68lgIgK+2YC4YxNE9ylKu/S9EQPwjXOyPmqTzsPV8lW/W98XUqzAQISxAAGgwz [TRUNCATED]
2022-11-28T19:34:41.581Z (7524bc80-4034-44aa-a4ec-0fcf3c8c8551) Endpoint request body after transformations: {
  "id":  "1"
}
2022-11-28T19:34:41.581Z (7524bc80-4034-44aa-a4ec-0fcf3c8c8551) Sending request to https://lambda.us-east-1.amazonaws.com/2015-03-31/functions/arn:aws:lambda:us-east-1:391035843039:function:ChargingNetworkGetLF/invocations
2022-11-28T19:34:41.820Z (7524bc80-4034-44aa-a4ec-0fcf3c8c8551) Received response. Status: 200, Integration latency: 239 ms
2022-11-28T19:34:41.820Z (7524bc80-4034-44aa-a4ec-0fcf3c8c8551) Endpoint response headers: {Date=Mon, 28 Nov 2022 19:34:41 GMT, Content-Type=application/json, Content-Length=104, Connection=keep-alive, x-amzn-RequestId=126c33b1-a08c-4f6f-ba0f-0eff1dcae8bd, x-amzn-Remapped-Content-Length=0, X-Amz-Executed-Version=$LATEST, X-Amzn-Trace-Id=root=1-63850d51-602117603b4130b049f436b2;sampled=0}
2022-11-28T19:34:41.820Z (7524bc80-4034-44aa-a4ec-0fcf3c8c8551) Endpoint response body before transformations: {"statusCode": 200, "body": "\"\\\"errorMessage\\\": \\\"One or more parameter values are not valid!\""}
2022-11-28T19:34:41.820Z (7524bc80-4034-44aa-a4ec-0fcf3c8c8551) Method response body after transformations: {"statusCode": 200, "body": "\"\\\"errorMessage\\\": \\\"One or more parameter values are not valid!\""}
2022-11-28T19:34:41.820Z (7524bc80-4034-44aa-a4ec-0fcf3c8c8551) Method response headers: {X-Amzn-Trace-Id=Root=1-63850d51-602117603b4130b049f436b2;Sampled=0, Content-Type=application/json}
2022-11-28T19:34:41.820Z (7524bc80-4034-44aa-a4ec-0fcf3c8c8551) Successfully completed execution
2022-11-28T19:34:41.820Z (7524bc80-4034-44aa-a4ec-0fcf3c8c8551) Method completed with status: 200
2022-11-28T19:34:41.820Z (7524bc80-4034-44aa-a4ec-0fcf3c8c8551) AWS Integration Endpoint RequestId : 126c33b1-a08c-4f6f-ba0f-0eff1dcae8bd
