2022-11-28T21:50:07.070Z (d5bf2bc9-aee5-4323-88b4-6f9d310839d4) Extended Request Id: cVP6YGfSIAMFXZg=
2022-11-28T21:50:07.070Z (d5bf2bc9-aee5-4323-88b4-6f9d310839d4) Verifying Usage Plan for request: d5bf2bc9-aee5-4323-88b4-6f9d310839d4. API Key:  API Stage: h6da3w6ume/production
2022-11-28T21:50:07.072Z (d5bf2bc9-aee5-4323-88b4-6f9d310839d4) API Key  authorized because method 'PUT /chargers' does not require API Key. Request will not contribute to throttle or quota limits
2022-11-28T21:50:07.072Z (d5bf2bc9-aee5-4323-88b4-6f9d310839d4) Usage Plan check succeeded for API Key  and API Stage h6da3w6ume/production
2022-11-28T21:50:07.072Z (d5bf2bc9-aee5-4323-88b4-6f9d310839d4) Starting execution for request: d5bf2bc9-aee5-4323-88b4-6f9d310839d4
2022-11-28T21:50:07.072Z (d5bf2bc9-aee5-4323-88b4-6f9d310839d4) HTTP Method: PUT, Resource Path: /chargers
2022-11-28T21:50:07.072Z (d5bf2bc9-aee5-4323-88b4-6f9d310839d4) Method request path: {}
2022-11-28T21:50:07.072Z (d5bf2bc9-aee5-4323-88b4-6f9d310839d4) Method request query string: {City=Vola, Model=c12b, Output=50, PostCode=19024, SN=MD129F567D, Street=Smievegen 16, id=18}
2022-11-28T21:50:07.072Z (d5bf2bc9-aee5-4323-88b4-6f9d310839d4) Method request headers: {Accept=*/*, User-Agent=python-requests/2.22.0, X-Forwarded-Proto=https, X-Forwarded-For=185.78.69.118, Host=api.elbrusgroup.net, Accept-Encoding=gzip, deflate, X-Forwarded-Port=443, X-Amzn-Trace-Id=Root=1-63852d0f-2f6da5964d70acc234f3d4ee}
2022-11-28T21:50:07.072Z (d5bf2bc9-aee5-4323-88b4-6f9d310839d4) Method request body before transformations: 
2022-11-28T21:50:07.072Z (d5bf2bc9-aee5-4323-88b4-6f9d310839d4) Endpoint request URI: https://lambda.us-east-1.amazonaws.com/2015-03-31/functions/arn:aws:lambda:us-east-1:391035843039:function:ChargingNetworkPutLF/invocations
2022-11-28T21:50:07.072Z (d5bf2bc9-aee5-4323-88b4-6f9d310839d4) Endpoint request headers: {X-Amz-Date=20221128T215007Z, x-amzn-apigateway-api-id=h6da3w6ume, Accept=application/json, User-Agent=AmazonAPIGateway_h6da3w6ume, Host=lambda.us-east-1.amazonaws.com, X-Amz-Content-Sha256=2e3ef2eb0be5fcc3b35cd3da7473b750a9399a10fe148c4a794df5e134a34928, X-Amzn-Trace-Id=Root=1-63852d0f-2f6da5964d70acc234f3d4ee, x-amzn-lambda-integration-tag=d5bf2bc9-aee5-4323-88b4-6f9d310839d4, Authorization=*********************************************************************************************************************************************************************************************************************************************************************************************************************************************36574f, X-Amz-Source-Arn=arn:aws:execute-api:us-east-1:391035843039:h6da3w6ume/production/PUT/chargers, X-Amz-Security-Token=IQoJb3JpZ2luX2VjEDUaCXVzLWVhc3QtMSJHMEUCIQCfhQDnyLGYlTLTlIVXVcp63mcUwYyPH8X52wROlA2NKAIgBDLXjOQdBdyEYBOz0JKImfRuuIZBc2ZMo9I8h0lQBIQqzAQITRAAGgwz [TRUNCATED]
2022-11-28T21:50:07.072Z (d5bf2bc9-aee5-4323-88b4-6f9d310839d4) Endpoint request body after transformations: {
"id":  "18",
"City":  "Vola",
"Model":  "c12b",
"Street":  "Smievegen 16",
"SN":  "MD129F567D",
"Output":  "50",
"PostCode": "19024"
}

2022-11-28T21:50:07.072Z (d5bf2bc9-aee5-4323-88b4-6f9d310839d4) Sending request to https://lambda.us-east-1.amazonaws.com/2015-03-31/functions/arn:aws:lambda:us-east-1:391035843039:function:ChargingNetworkPutLF/invocations
2022-11-28T21:50:07.085Z (d5bf2bc9-aee5-4323-88b4-6f9d310839d4) Received response. Status: 200, Integration latency: 13 ms
2022-11-28T21:50:07.085Z (d5bf2bc9-aee5-4323-88b4-6f9d310839d4) Endpoint response headers: {Date=Mon, 28 Nov 2022 21:50:07 GMT, Content-Type=application/json, Content-Length=104, Connection=keep-alive, x-amzn-RequestId=aeeef286-80ca-4450-8255-1a6ca0e5e3ab, x-amzn-Remapped-Content-Length=0, X-Amz-Executed-Version=$LATEST, X-Amzn-Trace-Id=root=1-63852d0f-2f6da5964d70acc234f3d4ee;sampled=0}
2022-11-28T21:50:07.085Z (d5bf2bc9-aee5-4323-88b4-6f9d310839d4) Endpoint response body before transformations: {"statusCode": 200, "body": "\"\\\"errorMessage\\\": \\\"One or more parameter values are not valid!\""}
2022-11-28T21:50:07.085Z (d5bf2bc9-aee5-4323-88b4-6f9d310839d4) Method response body after transformations: {"statusCode": 200, "body": "\"\\\"errorMessage\\\": \\\"One or more parameter values are not valid!\""}
2022-11-28T21:50:07.085Z (d5bf2bc9-aee5-4323-88b4-6f9d310839d4) Method response headers: {X-Amzn-Trace-Id=Root=1-63852d0f-2f6da5964d70acc234f3d4ee;Sampled=0, Content-Type=application/json}
2022-11-28T21:50:07.085Z (d5bf2bc9-aee5-4323-88b4-6f9d310839d4) Successfully completed execution
2022-11-28T21:50:07.085Z (d5bf2bc9-aee5-4323-88b4-6f9d310839d4) Method completed with status: 200
2022-11-28T21:50:07.085Z (d5bf2bc9-aee5-4323-88b4-6f9d310839d4) AWS Integration Endpoint RequestId : aeeef286-80ca-4450-8255-1a6ca0e5e3ab
