2022-11-28T21:50:10.656Z (ecd3fa7a-3d44-4643-b061-3aeb27c4731f) Extended Request Id: cVP68F-voAMFujA=
2022-11-28T21:50:10.657Z (ecd3fa7a-3d44-4643-b061-3aeb27c4731f) Verifying Usage Plan for request: ecd3fa7a-3d44-4643-b061-3aeb27c4731f. API Key:  API Stage: h6da3w6ume/production
2022-11-28T21:50:10.658Z (ecd3fa7a-3d44-4643-b061-3aeb27c4731f) API Key  authorized because method 'PUT /chargers' does not require API Key. Request will not contribute to throttle or quota limits
2022-11-28T21:50:10.658Z (ecd3fa7a-3d44-4643-b061-3aeb27c4731f) Usage Plan check succeeded for API Key  and API Stage h6da3w6ume/production
2022-11-28T21:50:10.658Z (ecd3fa7a-3d44-4643-b061-3aeb27c4731f) Starting execution for request: ecd3fa7a-3d44-4643-b061-3aeb27c4731f
2022-11-28T21:50:10.658Z (ecd3fa7a-3d44-4643-b061-3aeb27c4731f) HTTP Method: PUT, Resource Path: /chargers
2022-11-28T21:50:10.658Z (ecd3fa7a-3d44-4643-b061-3aeb27c4731f) Method request path: {}
2022-11-28T21:50:10.658Z (ecd3fa7a-3d44-4643-b061-3aeb27c4731f) Method request query string: {City=Vola, Model=c12bs, Output=48, PostCode=19024, SN=AD129F241L, Street=Kulturplass 62, id=22}
2022-11-28T21:50:10.658Z (ecd3fa7a-3d44-4643-b061-3aeb27c4731f) Method request headers: {Accept=*/*, User-Agent=python-requests/2.22.0, X-Forwarded-Proto=https, X-Forwarded-For=185.78.69.118, Host=api.elbrusgroup.net, Accept-Encoding=gzip, deflate, X-Forwarded-Port=443, X-Amzn-Trace-Id=Root=1-63852d12-758795d2422db0dc0b0a45fd}
2022-11-28T21:50:10.658Z (ecd3fa7a-3d44-4643-b061-3aeb27c4731f) Method request body before transformations: 
2022-11-28T21:50:10.659Z (ecd3fa7a-3d44-4643-b061-3aeb27c4731f) Endpoint request URI: https://lambda.us-east-1.amazonaws.com/2015-03-31/functions/arn:aws:lambda:us-east-1:391035843039:function:ChargingNetworkPutLF/invocations
2022-11-28T21:50:10.659Z (ecd3fa7a-3d44-4643-b061-3aeb27c4731f) Endpoint request headers: {X-Amz-Date=20221128T215010Z, x-amzn-apigateway-api-id=h6da3w6ume, Accept=application/json, User-Agent=AmazonAPIGateway_h6da3w6ume, Host=lambda.us-east-1.amazonaws.com, X-Amz-Content-Sha256=42ad18c760829b5bb2d4064461d353a6e3d9325495628a9a0eb880caff020c11, X-Amzn-Trace-Id=Root=1-63852d12-758795d2422db0dc0b0a45fd, x-amzn-lambda-integration-tag=ecd3fa7a-3d44-4643-b061-3aeb27c4731f, Authorization=*********************************************************************************************************************************************************************************************************************************************************************************************************************************************914cfd, X-Amz-Source-Arn=arn:aws:execute-api:us-east-1:391035843039:h6da3w6ume/production/PUT/chargers, X-Amz-Security-Token=IQoJb3JpZ2luX2VjEDUaCXVzLWVhc3QtMSJIMEYCIQDSq139JoIoBpbRaewurKxU8GsUZkgYkkFUFj/S+37ZAgIhAJY7tEWc+YHt5iXd/W1fEUJsA0C7gwMpU7iZpyHX2WGQKs0ECE4QABoM [TRUNCATED]
2022-11-28T21:50:10.659Z (ecd3fa7a-3d44-4643-b061-3aeb27c4731f) Endpoint request body after transformations: {
"id":  "22",
"City":  "Vola",
"Model":  "c12bs",
"Street":  "Kulturplass 62",
"SN":  "AD129F241L",
"Output":  "48",
"PostCode": "19024"
}

2022-11-28T21:50:10.659Z (ecd3fa7a-3d44-4643-b061-3aeb27c4731f) Sending request to https://lambda.us-east-1.amazonaws.com/2015-03-31/functions/arn:aws:lambda:us-east-1:391035843039:function:ChargingNetworkPutLF/invocations
2022-11-28T21:50:10.671Z (ecd3fa7a-3d44-4643-b061-3aeb27c4731f) Received response. Status: 200, Integration latency: 12 ms
2022-11-28T21:50:10.671Z (ecd3fa7a-3d44-4643-b061-3aeb27c4731f) Endpoint response headers: {Date=Mon, 28 Nov 2022 21:50:10 GMT, Content-Type=application/json, Content-Length=104, Connection=keep-alive, x-amzn-RequestId=8adc1055-481a-4daa-ae97-2c707045c62c, x-amzn-Remapped-Content-Length=0, X-Amz-Executed-Version=$LATEST, X-Amzn-Trace-Id=root=1-63852d12-758795d2422db0dc0b0a45fd;sampled=0}
2022-11-28T21:50:10.671Z (ecd3fa7a-3d44-4643-b061-3aeb27c4731f) Endpoint response body before transformations: {"statusCode": 200, "body": "\"\\\"errorMessage\\\": \\\"One or more parameter values are not valid!\""}
2022-11-28T21:50:10.671Z (ecd3fa7a-3d44-4643-b061-3aeb27c4731f) Method response body after transformations: {"statusCode": 200, "body": "\"\\\"errorMessage\\\": \\\"One or more parameter values are not valid!\""}
2022-11-28T21:50:10.671Z (ecd3fa7a-3d44-4643-b061-3aeb27c4731f) Method response headers: {X-Amzn-Trace-Id=Root=1-63852d12-758795d2422db0dc0b0a45fd;Sampled=0, Content-Type=application/json}
2022-11-28T21:50:10.671Z (ecd3fa7a-3d44-4643-b061-3aeb27c4731f) Successfully completed execution
2022-11-28T21:50:10.671Z (ecd3fa7a-3d44-4643-b061-3aeb27c4731f) Method completed with status: 200
2022-11-28T21:50:10.671Z (ecd3fa7a-3d44-4643-b061-3aeb27c4731f) AWS Integration Endpoint RequestId : 8adc1055-481a-4daa-ae97-2c707045c62c
