2022-12-11T23:07:57.398Z (bec093a5-ff7c-455f-9b2b-6a1fe526ad22) Extended Request Id: dARgHFgeoAMFvrA=
2022-12-11T23:07:57.398Z (bec093a5-ff7c-455f-9b2b-6a1fe526ad22) Verifying Usage Plan for request: bec093a5-ff7c-455f-9b2b-6a1fe526ad22. API Key:  API Stage: h6da3w6ume/production
2022-12-11T23:07:57.400Z (bec093a5-ff7c-455f-9b2b-6a1fe526ad22) API Key  authorized because method 'PUT /chargers' does not require API Key. Request will not contribute to throttle or quota limits
2022-12-11T23:07:57.400Z (bec093a5-ff7c-455f-9b2b-6a1fe526ad22) Usage Plan check succeeded for API Key  and API Stage h6da3w6ume/production
2022-12-11T23:07:57.400Z (bec093a5-ff7c-455f-9b2b-6a1fe526ad22) Starting execution for request: bec093a5-ff7c-455f-9b2b-6a1fe526ad22
2022-12-11T23:07:57.400Z (bec093a5-ff7c-455f-9b2b-6a1fe526ad22) HTTP Method: PUT, Resource Path: /chargers/
2022-12-11T23:07:57.400Z (bec093a5-ff7c-455f-9b2b-6a1fe526ad22) Method request path: {}
2022-12-11T23:07:57.400Z (bec093a5-ff7c-455f-9b2b-6a1fe526ad22) Method request query string: {City=Vola, Model=c12b, Output=50, PostCode=19024, SN=MD129F567D, Street=Smievegen 16, id=18}
2022-12-11T23:07:57.400Z (bec093a5-ff7c-455f-9b2b-6a1fe526ad22) Method request headers: {Accept=*/*, User-Agent=python-requests/2.22.0, X-Forwarded-Proto=https, X-Forwarded-For=185.78.69.118, Host=api.elbrusgroup.net, Accept-Encoding=gzip, deflate, X-Forwarded-Port=443, X-Amzn-Trace-Id=Root=1-639662cd-69c68e8d5576e58d00ea7dcb}
2022-12-11T23:07:57.400Z (bec093a5-ff7c-455f-9b2b-6a1fe526ad22) Method request body before transformations: 
2022-12-11T23:07:57.401Z (bec093a5-ff7c-455f-9b2b-6a1fe526ad22) Endpoint request URI: https://lambda.us-east-1.amazonaws.com/2015-03-31/functions/arn:aws:lambda:us-east-1:391035843039:function:ChargingNetworkPutLF/invocations
2022-12-11T23:07:57.401Z (bec093a5-ff7c-455f-9b2b-6a1fe526ad22) Endpoint request headers: {X-Amz-Date=20221211T230757Z, x-amzn-apigateway-api-id=h6da3w6ume, Accept=application/json, User-Agent=AmazonAPIGateway_h6da3w6ume, Host=lambda.us-east-1.amazonaws.com, X-Amz-Content-Sha256=2e3ef2eb0be5fcc3b35cd3da7473b750a9399a10fe148c4a794df5e134a34928, X-Amzn-Trace-Id=Root=1-639662cd-69c68e8d5576e58d00ea7dcb, x-amzn-lambda-integration-tag=bec093a5-ff7c-455f-9b2b-6a1fe526ad22, Authorization=*********************************************************************************************************************************************************************************************************************************************************************************************************************************************f558de, X-Amz-Source-Arn=arn:aws:execute-api:us-east-1:391035843039:h6da3w6ume/production/PUT/chargers, X-Amz-Security-Token=IQoJb3JpZ2luX2VjEG8aCXVzLWVhc3QtMSJIMEYCIQCZ6NAOynB8tOOf+CXksT8CG+25zRleyIsa+Oi/hHvRRAIhANkNRAHita+aBZAytnAI4sowBJmgLfTXTjHnzzLwuMchKtYECJf///// [TRUNCATED]
2022-12-11T23:07:57.401Z (bec093a5-ff7c-455f-9b2b-6a1fe526ad22) Endpoint request body after transformations: {
"id":  "18",
"City":  "Vola",
"Model":  "c12b",
"Street":  "Smievegen 16",
"SN":  "MD129F567D",
"Output":  "50",
"PostCode": "19024"
}

2022-12-11T23:07:57.401Z (bec093a5-ff7c-455f-9b2b-6a1fe526ad22) Sending request to https://lambda.us-east-1.amazonaws.com/2015-03-31/functions/arn:aws:lambda:us-east-1:391035843039:function:ChargingNetworkPutLF/invocations
2022-12-11T23:07:57.412Z (bec093a5-ff7c-455f-9b2b-6a1fe526ad22) Received response. Status: 200, Integration latency: 11 ms
2022-12-11T23:07:57.412Z (bec093a5-ff7c-455f-9b2b-6a1fe526ad22) Endpoint response headers: {Date=Sun, 11 Dec 2022 23:07:57 GMT, Content-Type=application/json, Content-Length=104, Connection=keep-alive, x-amzn-RequestId=9616edb9-daf7-43e0-b9b2-1304e6f05a6f, x-amzn-Remapped-Content-Length=0, X-Amz-Executed-Version=$LATEST, X-Amzn-Trace-Id=root=1-639662cd-69c68e8d5576e58d00ea7dcb;sampled=0}
2022-12-11T23:07:57.412Z (bec093a5-ff7c-455f-9b2b-6a1fe526ad22) Endpoint response body before transformations: {"statusCode": 200, "body": "\"\\\"errorMessage\\\": \\\"One or more parameter values are not valid!\""}
2022-12-11T23:07:57.413Z (bec093a5-ff7c-455f-9b2b-6a1fe526ad22) Method response body after transformations: {"statusCode": 200, "body": "\"\\\"errorMessage\\\": \\\"One or more parameter values are not valid!\""}
2022-12-11T23:07:57.413Z (bec093a5-ff7c-455f-9b2b-6a1fe526ad22) Method response headers: {X-Amzn-Trace-Id=Root=1-639662cd-69c68e8d5576e58d00ea7dcb;Sampled=0, Content-Type=application/json}
2022-12-11T23:07:57.413Z (bec093a5-ff7c-455f-9b2b-6a1fe526ad22) Successfully completed execution
2022-12-11T23:07:57.413Z (bec093a5-ff7c-455f-9b2b-6a1fe526ad22) Method completed with status: 200
2022-12-11T23:07:57.413Z (bec093a5-ff7c-455f-9b2b-6a1fe526ad22) AWS Integration Endpoint RequestId : 9616edb9-daf7-43e0-b9b2-1304e6f05a6f
