2022-11-28T21:48:08.734Z (2ce7b293-a881-48a8-a3ae-1bee073aa08e) Extended Request Id: cVPn5Gb-IAMFkMA=
2022-11-28T21:48:08.735Z (2ce7b293-a881-48a8-a3ae-1bee073aa08e) Verifying Usage Plan for request: 2ce7b293-a881-48a8-a3ae-1bee073aa08e. API Key:  API Stage: h6da3w6ume/production
2022-11-28T21:48:08.737Z (2ce7b293-a881-48a8-a3ae-1bee073aa08e) API Key  authorized because method 'GET /chargers' does not require API Key. Request will not contribute to throttle or quota limits
2022-11-28T21:48:08.737Z (2ce7b293-a881-48a8-a3ae-1bee073aa08e) Usage Plan check succeeded for API Key  and API Stage h6da3w6ume/production
2022-11-28T21:48:08.737Z (2ce7b293-a881-48a8-a3ae-1bee073aa08e) Starting execution for request: 2ce7b293-a881-48a8-a3ae-1bee073aa08e
2022-11-28T21:48:08.737Z (2ce7b293-a881-48a8-a3ae-1bee073aa08e) HTTP Method: GET, Resource Path: /chargers/
2022-11-28T21:48:08.737Z (2ce7b293-a881-48a8-a3ae-1bee073aa08e) Method request path: {}
2022-11-28T21:48:08.737Z (2ce7b293-a881-48a8-a3ae-1bee073aa08e) Method request query string: {id=1}
2022-11-28T21:48:08.737Z (2ce7b293-a881-48a8-a3ae-1bee073aa08e) Method request headers: {sec-fetch-mode=navigate, sec-fetch-site=none, accept-language=en-US,en;q=0.5, User-Agent=Mozilla/5.0 (X11; Ubuntu; Linux x86_64; rv:107.0) Gecko/20100101 Firefox/107.0, X-Forwarded-Proto=https, Host=api.elbrusgroup.net, sec-fetch-user=?1, X-Forwarded-Port=443, X-Amzn-Trace-Id=Root=1-63852c98-1abdb14b10e9cfdd0ebf426d, accept=text/html,application/xhtml+xml,application/xml;q=0.9,image/avif,image/webp,*/*;q=0.8, upgrade-insecure-requests=1, X-Forwarded-For=185.78.69.118, accept-encoding=gzip, deflate, br, sec-fetch-dest=document}
2022-11-28T21:48:08.737Z (2ce7b293-a881-48a8-a3ae-1bee073aa08e) Method request body before transformations: 
2022-11-28T21:48:08.737Z (2ce7b293-a881-48a8-a3ae-1bee073aa08e) Endpoint request URI: https://lambda.us-east-1.amazonaws.com/2015-03-31/functions/arn:aws:lambda:us-east-1:391035843039:function:ChargingNetworkGetLF/invocations
2022-11-28T21:48:08.737Z (2ce7b293-a881-48a8-a3ae-1bee073aa08e) Endpoint request headers: {X-Amz-Date=20221128T214808Z, x-amzn-apigateway-api-id=h6da3w6ume, Accept=application/json, User-Agent=AmazonAPIGateway_h6da3w6ume, Host=lambda.us-east-1.amazonaws.com, X-Amz-Content-Sha256=9f6ff083bcc20d419bdcb7ba1d2f05d7fb69ec38d7394a16b8d5798cc22236f8, X-Amzn-Trace-Id=Root=1-63852c98-1abdb14b10e9cfdd0ebf426d, x-amzn-lambda-integration-tag=2ce7b293-a881-48a8-a3ae-1bee073aa08e, Authorization=*********************************************************************************************************************************************************************************************************************************************************************************************************************************************e5d7da, X-Amz-Source-Arn=arn:aws:execute-api:us-east-1:391035843039:h6da3w6ume/production/GET/chargers, X-Amz-Security-Token=IQoJb3JpZ2luX2VjEDYaCXVzLWVhc3QtMSJHMEUCIHJxorHb9QeENtnboysYQlBu+yNH2Suyjc7dMKUBmJEpAiEAzWPQbKbP7uAta2wl4Zgm/fsgCKK09B7npcLxNyWkH5oqzQQIThAAGgwz [TRUNCATED]
2022-11-28T21:48:08.737Z (2ce7b293-a881-48a8-a3ae-1bee073aa08e) Endpoint request body after transformations: {
  "id":  "1"
}
2022-11-28T21:48:08.737Z (2ce7b293-a881-48a8-a3ae-1bee073aa08e) Sending request to https://lambda.us-east-1.amazonaws.com/2015-03-31/functions/arn:aws:lambda:us-east-1:391035843039:function:ChargingNetworkGetLF/invocations
2022-11-28T21:48:09.066Z (2ce7b293-a881-48a8-a3ae-1bee073aa08e) Received response. Status: 200, Integration latency: 329 ms
2022-11-28T21:48:09.066Z (2ce7b293-a881-48a8-a3ae-1bee073aa08e) Endpoint response headers: {Date=Mon, 28 Nov 2022 21:48:09 GMT, Content-Type=application/json, Content-Length=104, Connection=keep-alive, x-amzn-RequestId=037f9092-f2df-4b9b-9706-dd76190aa2c0, x-amzn-Remapped-Content-Length=0, X-Amz-Executed-Version=$LATEST, X-Amzn-Trace-Id=root=1-63852c98-1abdb14b10e9cfdd0ebf426d;sampled=0}
2022-11-28T21:48:09.066Z (2ce7b293-a881-48a8-a3ae-1bee073aa08e) Endpoint response body before transformations: {"statusCode": 200, "body": "\"\\\"errorMessage\\\": \\\"One or more parameter values are not valid!\""}
2022-11-28T21:48:09.066Z (2ce7b293-a881-48a8-a3ae-1bee073aa08e) Method response body after transformations: {"statusCode": 200, "body": "\"\\\"errorMessage\\\": \\\"One or more parameter values are not valid!\""}
2022-11-28T21:48:09.066Z (2ce7b293-a881-48a8-a3ae-1bee073aa08e) Method response headers: {X-Amzn-Trace-Id=Root=1-63852c98-1abdb14b10e9cfdd0ebf426d;Sampled=0, Content-Type=application/json}
2022-11-28T21:48:09.066Z (2ce7b293-a881-48a8-a3ae-1bee073aa08e) Successfully completed execution
2022-11-28T21:48:09.066Z (2ce7b293-a881-48a8-a3ae-1bee073aa08e) Method completed with status: 200
2022-11-28T21:48:09.066Z (2ce7b293-a881-48a8-a3ae-1bee073aa08e) AWS Integration Endpoint RequestId : 037f9092-f2df-4b9b-9706-dd76190aa2c0
