2022-12-01T13:55:09.861Z (2dfc6bc1-5485-4223-9d3b-d769cf67571d) Extended Request Id: ceDJsHGYIAMFTHg=
2022-12-01T13:55:09.861Z (2dfc6bc1-5485-4223-9d3b-d769cf67571d) Verifying Usage Plan for request: 2dfc6bc1-5485-4223-9d3b-d769cf67571d. API Key:  API Stage: h6da3w6ume/production
2022-12-01T13:55:09.862Z (2dfc6bc1-5485-4223-9d3b-d769cf67571d) API Key  authorized because method 'PUT /chargers' does not require API Key. Request will not contribute to throttle or quota limits
2022-12-01T13:55:09.862Z (2dfc6bc1-5485-4223-9d3b-d769cf67571d) Usage Plan check succeeded for API Key  and API Stage h6da3w6ume/production
2022-12-01T13:55:09.862Z (2dfc6bc1-5485-4223-9d3b-d769cf67571d) Starting execution for request: 2dfc6bc1-5485-4223-9d3b-d769cf67571d
2022-12-01T13:55:09.862Z (2dfc6bc1-5485-4223-9d3b-d769cf67571d) HTTP Method: PUT, Resource Path: /chargers
2022-12-01T13:55:09.862Z (2dfc6bc1-5485-4223-9d3b-d769cf67571d) Method request path: {}
2022-12-01T13:55:09.862Z (2dfc6bc1-5485-4223-9d3b-d769cf67571d) Method request query string: {City=Korsa, Model=c12a, Output=22, PostCode=19021, SN=MD129F643H, Street=Korsveien 3, id=2}
2022-12-01T13:55:09.862Z (2dfc6bc1-5485-4223-9d3b-d769cf67571d) Method request headers: {Accept=*/*, User-Agent=python-requests/2.22.0, X-Forwarded-Proto=https, X-Forwarded-For=195.159.241.26, Host=api.elbrusgroup.net, Accept-Encoding=gzip, deflate, X-Forwarded-Port=443, X-Amzn-Trace-Id=Root=1-6388b23d-7a08b8312a88cbe54e679787}
2022-12-01T13:55:09.862Z (2dfc6bc1-5485-4223-9d3b-d769cf67571d) Method request body before transformations: 
2022-12-01T13:55:09.863Z (2dfc6bc1-5485-4223-9d3b-d769cf67571d) Endpoint request URI: https://lambda.us-east-1.amazonaws.com/2015-03-31/functions/arn:aws:lambda:us-east-1:391035843039:function:ChargingNetworkPutLF/invocations
2022-12-01T13:55:09.863Z (2dfc6bc1-5485-4223-9d3b-d769cf67571d) Endpoint request headers: {X-Amz-Date=20221201T135509Z, x-amzn-apigateway-api-id=h6da3w6ume, Accept=application/json, User-Agent=AmazonAPIGateway_h6da3w6ume, Host=lambda.us-east-1.amazonaws.com, X-Amz-Content-Sha256=d27b5e443d3fea288b5490a91178a757d733fca61cb6ff5b9ee012d585920bf8, X-Amzn-Trace-Id=Root=1-6388b23d-7a08b8312a88cbe54e679787, x-amzn-lambda-integration-tag=2dfc6bc1-5485-4223-9d3b-d769cf67571d, Authorization=*********************************************************************************************************************************************************************************************************************************************************************************************************************************************50919d, X-Amz-Source-Arn=arn:aws:execute-api:us-east-1:391035843039:h6da3w6ume/production/PUT/chargers, X-Amz-Security-Token=IQoJb3JpZ2luX2VjEHQaCXVzLWVhc3QtMSJHMEUCIHoPPgCsAWK+W/Phs7/BEt2QM6zzNJ8jc3zaM7+W0hWxAiEAm1gtQI7aR0/KPxOqAXXogqkm2Q48Y9y9g2zSUcVRGvUq1QQIjf////// [TRUNCATED]
2022-12-01T13:55:09.863Z (2dfc6bc1-5485-4223-9d3b-d769cf67571d) Endpoint request body after transformations: {
"id":  "2",
"City":  "Korsa",
"Model":  "c12a",
"Street":  "Korsveien 3",
"SN":  "MD129F643H",
"Output":  "22",
"PostCode": "19021"
}

2022-12-01T13:55:09.863Z (2dfc6bc1-5485-4223-9d3b-d769cf67571d) Sending request to https://lambda.us-east-1.amazonaws.com/2015-03-31/functions/arn:aws:lambda:us-east-1:391035843039:function:ChargingNetworkPutLF/invocations
2022-12-01T13:55:09.878Z (2dfc6bc1-5485-4223-9d3b-d769cf67571d) Received response. Status: 200, Integration latency: 15 ms
2022-12-01T13:55:09.878Z (2dfc6bc1-5485-4223-9d3b-d769cf67571d) Endpoint response headers: {Date=Thu, 01 Dec 2022 13:55:09 GMT, Content-Type=application/json, Content-Length=104, Connection=keep-alive, x-amzn-RequestId=0dccae6d-1955-460a-8473-264dc6e60ec5, x-amzn-Remapped-Content-Length=0, X-Amz-Executed-Version=$LATEST, X-Amzn-Trace-Id=root=1-6388b23d-7a08b8312a88cbe54e679787;sampled=0}
2022-12-01T13:55:09.878Z (2dfc6bc1-5485-4223-9d3b-d769cf67571d) Endpoint response body before transformations: {"statusCode": 200, "body": "\"\\\"errorMessage\\\": \\\"One or more parameter values are not valid!\""}
2022-12-01T13:55:09.878Z (2dfc6bc1-5485-4223-9d3b-d769cf67571d) Method response body after transformations: {"statusCode": 200, "body": "\"\\\"errorMessage\\\": \\\"One or more parameter values are not valid!\""}
2022-12-01T13:55:09.878Z (2dfc6bc1-5485-4223-9d3b-d769cf67571d) Method response headers: {X-Amzn-Trace-Id=Root=1-6388b23d-7a08b8312a88cbe54e679787;Sampled=0, Content-Type=application/json}
2022-12-01T13:55:09.878Z (2dfc6bc1-5485-4223-9d3b-d769cf67571d) Successfully completed execution
2022-12-01T13:55:09.878Z (2dfc6bc1-5485-4223-9d3b-d769cf67571d) Method completed with status: 200
2022-12-01T13:55:09.878Z (2dfc6bc1-5485-4223-9d3b-d769cf67571d) AWS Integration Endpoint RequestId : 0dccae6d-1955-460a-8473-264dc6e60ec5
