2022-11-28T21:50:06.508Z (2a3ac2c5-c795-41f8-a728-261fd5573d8e) Extended Request Id: cVP6TFTPoAMFYPQ=
2022-11-28T21:50:06.509Z (2a3ac2c5-c795-41f8-a728-261fd5573d8e) Verifying Usage Plan for request: 2a3ac2c5-c795-41f8-a728-261fd5573d8e. API Key:  API Stage: h6da3w6ume/production
2022-11-28T21:50:06.510Z (2a3ac2c5-c795-41f8-a728-261fd5573d8e) API Key  authorized because method 'PUT /chargers' does not require API Key. Request will not contribute to throttle or quota limits
2022-11-28T21:50:06.510Z (2a3ac2c5-c795-41f8-a728-261fd5573d8e) Usage Plan check succeeded for API Key  and API Stage h6da3w6ume/production
2022-11-28T21:50:06.511Z (2a3ac2c5-c795-41f8-a728-261fd5573d8e) Starting execution for request: 2a3ac2c5-c795-41f8-a728-261fd5573d8e
2022-11-28T21:50:06.511Z (2a3ac2c5-c795-41f8-a728-261fd5573d8e) HTTP Method: PUT, Resource Path: /chargers
2022-11-28T21:50:06.511Z (2a3ac2c5-c795-41f8-a728-261fd5573d8e) Method request path: {}
2022-11-28T21:50:06.511Z (2a3ac2c5-c795-41f8-a728-261fd5573d8e) Method request query string: {City=Vola, Model=c12b, Output=50, PostCode=19024, SN=MD129F547X, Street=Smievegen 16, id=17}
2022-11-28T21:50:06.511Z (2a3ac2c5-c795-41f8-a728-261fd5573d8e) Method request headers: {Accept=*/*, User-Agent=python-requests/2.22.0, X-Forwarded-Proto=https, X-Forwarded-For=185.78.69.118, Host=api.elbrusgroup.net, Accept-Encoding=gzip, deflate, X-Forwarded-Port=443, X-Amzn-Trace-Id=Root=1-63852d0e-5f0cef95055a2f7715baa05d}
2022-11-28T21:50:06.511Z (2a3ac2c5-c795-41f8-a728-261fd5573d8e) Method request body before transformations: 
2022-11-28T21:50:06.511Z (2a3ac2c5-c795-41f8-a728-261fd5573d8e) Endpoint request URI: https://lambda.us-east-1.amazonaws.com/2015-03-31/functions/arn:aws:lambda:us-east-1:391035843039:function:ChargingNetworkPutLF/invocations
2022-11-28T21:50:06.511Z (2a3ac2c5-c795-41f8-a728-261fd5573d8e) Endpoint request headers: {X-Amz-Date=20221128T215006Z, x-amzn-apigateway-api-id=h6da3w6ume, Accept=application/json, User-Agent=AmazonAPIGateway_h6da3w6ume, Host=lambda.us-east-1.amazonaws.com, X-Amz-Content-Sha256=d4b061689a726c10239b6fb995a5fe3dad6d1789ab0bc0b29573bde7f79331be, X-Amzn-Trace-Id=Root=1-63852d0e-5f0cef95055a2f7715baa05d, x-amzn-lambda-integration-tag=2a3ac2c5-c795-41f8-a728-261fd5573d8e, Authorization=*********************************************************************************************************************************************************************************************************************************************************************************************************************************************8c09f3, X-Amz-Source-Arn=arn:aws:execute-api:us-east-1:391035843039:h6da3w6ume/production/PUT/chargers, X-Amz-Security-Token=IQoJb3JpZ2luX2VjEDUaCXVzLWVhc3QtMSJGMEQCICsWP6zWkdry14Tr7xMnqmRQLJSMHbUazXA6sEgcil3wAiAx8RRFgQeJhz1zFUmGO6SiGIwq7SO2vlEKhE6/u0J+/SrMBAhNEAAaDDM5 [TRUNCATED]
2022-11-28T21:50:06.511Z (2a3ac2c5-c795-41f8-a728-261fd5573d8e) Endpoint request body after transformations: {
"id":  "17",
"City":  "Vola",
"Model":  "c12b",
"Street":  "Smievegen 16",
"SN":  "MD129F547X",
"Output":  "50",
"PostCode": "19024"
}

2022-11-28T21:50:06.511Z (2a3ac2c5-c795-41f8-a728-261fd5573d8e) Sending request to https://lambda.us-east-1.amazonaws.com/2015-03-31/functions/arn:aws:lambda:us-east-1:391035843039:function:ChargingNetworkPutLF/invocations
2022-11-28T21:50:06.526Z (2a3ac2c5-c795-41f8-a728-261fd5573d8e) Received response. Status: 200, Integration latency: 15 ms
2022-11-28T21:50:06.526Z (2a3ac2c5-c795-41f8-a728-261fd5573d8e) Endpoint response headers: {Date=Mon, 28 Nov 2022 21:50:06 GMT, Content-Type=application/json, Content-Length=104, Connection=keep-alive, x-amzn-RequestId=876cc4d4-221a-4eaa-953b-caed90f2b172, x-amzn-Remapped-Content-Length=0, X-Amz-Executed-Version=$LATEST, X-Amzn-Trace-Id=root=1-63852d0e-5f0cef95055a2f7715baa05d;sampled=0}
2022-11-28T21:50:06.526Z (2a3ac2c5-c795-41f8-a728-261fd5573d8e) Endpoint response body before transformations: {"statusCode": 200, "body": "\"\\\"errorMessage\\\": \\\"One or more parameter values are not valid!\""}
2022-11-28T21:50:06.526Z (2a3ac2c5-c795-41f8-a728-261fd5573d8e) Method response body after transformations: {"statusCode": 200, "body": "\"\\\"errorMessage\\\": \\\"One or more parameter values are not valid!\""}
2022-11-28T21:50:06.526Z (2a3ac2c5-c795-41f8-a728-261fd5573d8e) Method response headers: {X-Amzn-Trace-Id=Root=1-63852d0e-5f0cef95055a2f7715baa05d;Sampled=0, Content-Type=application/json}
2022-11-28T21:50:06.526Z (2a3ac2c5-c795-41f8-a728-261fd5573d8e) Successfully completed execution
2022-11-28T21:50:06.526Z (2a3ac2c5-c795-41f8-a728-261fd5573d8e) Method completed with status: 200
2022-11-28T21:50:06.526Z (2a3ac2c5-c795-41f8-a728-261fd5573d8e) AWS Integration Endpoint RequestId : 876cc4d4-221a-4eaa-953b-caed90f2b172
