2022-12-11T23:07:54.834Z (024661df-d9fb-4014-b809-719c63257140) Extended Request Id: dARfuGbtoAMFT0A=
2022-12-11T23:07:54.835Z (024661df-d9fb-4014-b809-719c63257140) Verifying Usage Plan for request: 024661df-d9fb-4014-b809-719c63257140. API Key:  API Stage: h6da3w6ume/production
2022-12-11T23:07:54.836Z (024661df-d9fb-4014-b809-719c63257140) API Key  authorized because method 'PUT /chargers' does not require API Key. Request will not contribute to throttle or quota limits
2022-12-11T23:07:54.836Z (024661df-d9fb-4014-b809-719c63257140) Usage Plan check succeeded for API Key  and API Stage h6da3w6ume/production
2022-12-11T23:07:54.836Z (024661df-d9fb-4014-b809-719c63257140) Starting execution for request: 024661df-d9fb-4014-b809-719c63257140
2022-12-11T23:07:54.836Z (024661df-d9fb-4014-b809-719c63257140) HTTP Method: PUT, Resource Path: /chargers/
2022-12-11T23:07:54.836Z (024661df-d9fb-4014-b809-719c63257140) Method request path: {}
2022-12-11T23:07:54.836Z (024661df-d9fb-4014-b809-719c63257140) Method request query string: {City=Korsa, Model=c12b, Output=50, PostCode=19021, SN=MD129F644F, Street=Solli 29, id=13}
2022-12-11T23:07:54.836Z (024661df-d9fb-4014-b809-719c63257140) Method request headers: {Accept=*/*, User-Agent=python-requests/2.22.0, X-Forwarded-Proto=https, X-Forwarded-For=185.78.69.118, Host=api.elbrusgroup.net, Accept-Encoding=gzip, deflate, X-Forwarded-Port=443, X-Amzn-Trace-Id=Root=1-639662ca-7c8491184b5abb64798cd68c}
2022-12-11T23:07:54.836Z (024661df-d9fb-4014-b809-719c63257140) Method request body before transformations: 
2022-12-11T23:07:54.837Z (024661df-d9fb-4014-b809-719c63257140) Endpoint request URI: https://lambda.us-east-1.amazonaws.com/2015-03-31/functions/arn:aws:lambda:us-east-1:391035843039:function:ChargingNetworkPutLF/invocations
2022-12-11T23:07:54.837Z (024661df-d9fb-4014-b809-719c63257140) Endpoint request headers: {X-Amz-Date=20221211T230754Z, x-amzn-apigateway-api-id=h6da3w6ume, Accept=application/json, User-Agent=AmazonAPIGateway_h6da3w6ume, Host=lambda.us-east-1.amazonaws.com, X-Amz-Content-Sha256=46277664646a2b6efe5bd6a92540994bfe30ea30e83d365ccdc08a442e7f65fc, X-Amzn-Trace-Id=Root=1-639662ca-7c8491184b5abb64798cd68c, x-amzn-lambda-integration-tag=024661df-d9fb-4014-b809-719c63257140, Authorization=*********************************************************************************************************************************************************************************************************************************************************************************************************************************************27d757, X-Amz-Source-Arn=arn:aws:execute-api:us-east-1:391035843039:h6da3w6ume/production/PUT/chargers, X-Amz-Security-Token=IQoJb3JpZ2luX2VjEG4aCXVzLWVhc3QtMSJHMEUCIQDQPopWLaLJRi4kSuzfWTEgcFxbahWpF3HlGQXFwY/v3QIgMF8hMrj5KIb1eN97eyrbXKIDaXDgveUw/y1K3M7x/Zgq1QQIl/////// [TRUNCATED]
2022-12-11T23:07:54.837Z (024661df-d9fb-4014-b809-719c63257140) Endpoint request body after transformations: {
"id":  "13",
"City":  "Korsa",
"Model":  "c12b",
"Street":  "Solli 29",
"SN":  "MD129F644F",
"Output":  "50",
"PostCode": "19021"
}

2022-12-11T23:07:54.837Z (024661df-d9fb-4014-b809-719c63257140) Sending request to https://lambda.us-east-1.amazonaws.com/2015-03-31/functions/arn:aws:lambda:us-east-1:391035843039:function:ChargingNetworkPutLF/invocations
2022-12-11T23:07:54.852Z (024661df-d9fb-4014-b809-719c63257140) Received response. Status: 200, Integration latency: 15 ms
2022-12-11T23:07:54.852Z (024661df-d9fb-4014-b809-719c63257140) Endpoint response headers: {Date=Sun, 11 Dec 2022 23:07:54 GMT, Content-Type=application/json, Content-Length=104, Connection=keep-alive, x-amzn-RequestId=0915ddb2-2456-42bc-baf0-e6514568b215, x-amzn-Remapped-Content-Length=0, X-Amz-Executed-Version=$LATEST, X-Amzn-Trace-Id=root=1-639662ca-7c8491184b5abb64798cd68c;sampled=0}
2022-12-11T23:07:54.852Z (024661df-d9fb-4014-b809-719c63257140) Endpoint response body before transformations: {"statusCode": 200, "body": "\"\\\"errorMessage\\\": \\\"One or more parameter values are not valid!\""}
2022-12-11T23:07:54.852Z (024661df-d9fb-4014-b809-719c63257140) Method response body after transformations: {"statusCode": 200, "body": "\"\\\"errorMessage\\\": \\\"One or more parameter values are not valid!\""}
2022-12-11T23:07:54.852Z (024661df-d9fb-4014-b809-719c63257140) Method response headers: {X-Amzn-Trace-Id=Root=1-639662ca-7c8491184b5abb64798cd68c;Sampled=0, Content-Type=application/json}
2022-12-11T23:07:54.852Z (024661df-d9fb-4014-b809-719c63257140) Successfully completed execution
2022-12-11T23:07:54.852Z (024661df-d9fb-4014-b809-719c63257140) Method completed with status: 200
2022-12-11T23:07:54.852Z (024661df-d9fb-4014-b809-719c63257140) AWS Integration Endpoint RequestId : 0915ddb2-2456-42bc-baf0-e6514568b215
