2022-12-01T13:55:18.204Z (535d3986-4db3-4cfa-9533-a5f34fc01b4f) Extended Request Id: ceDLAF-OoAMFiLg=
2022-12-01T13:55:18.204Z (535d3986-4db3-4cfa-9533-a5f34fc01b4f) Verifying Usage Plan for request: 535d3986-4db3-4cfa-9533-a5f34fc01b4f. API Key:  API Stage: h6da3w6ume/production
2022-12-01T13:55:18.206Z (535d3986-4db3-4cfa-9533-a5f34fc01b4f) API Key  authorized because method 'PUT /chargers' does not require API Key. Request will not contribute to throttle or quota limits
2022-12-01T13:55:18.206Z (535d3986-4db3-4cfa-9533-a5f34fc01b4f) Usage Plan check succeeded for API Key  and API Stage h6da3w6ume/production
2022-12-01T13:55:18.206Z (535d3986-4db3-4cfa-9533-a5f34fc01b4f) Starting execution for request: 535d3986-4db3-4cfa-9533-a5f34fc01b4f
2022-12-01T13:55:18.206Z (535d3986-4db3-4cfa-9533-a5f34fc01b4f) HTTP Method: PUT, Resource Path: /chargers
2022-12-01T13:55:18.206Z (535d3986-4db3-4cfa-9533-a5f34fc01b4f) Method request path: {}
2022-12-01T13:55:18.206Z (535d3986-4db3-4cfa-9533-a5f34fc01b4f) Method request query string: {City=Vola, Model=c12bs, Output=48, PostCode=19024, SN=AD129F245K, Street=Kulturplass 62, id=21}
2022-12-01T13:55:18.206Z (535d3986-4db3-4cfa-9533-a5f34fc01b4f) Method request headers: {Accept=*/*, User-Agent=python-requests/2.22.0, X-Forwarded-Proto=https, X-Forwarded-For=195.159.241.26, Host=api.elbrusgroup.net, Accept-Encoding=gzip, deflate, X-Forwarded-Port=443, X-Amzn-Trace-Id=Root=1-6388b246-45e3a6741c344223560d8bcc}
2022-12-01T13:55:18.206Z (535d3986-4db3-4cfa-9533-a5f34fc01b4f) Method request body before transformations: 
2022-12-01T13:55:18.207Z (535d3986-4db3-4cfa-9533-a5f34fc01b4f) Endpoint request URI: https://lambda.us-east-1.amazonaws.com/2015-03-31/functions/arn:aws:lambda:us-east-1:391035843039:function:ChargingNetworkPutLF/invocations
2022-12-01T13:55:18.207Z (535d3986-4db3-4cfa-9533-a5f34fc01b4f) Endpoint request headers: {X-Amz-Date=20221201T135518Z, x-amzn-apigateway-api-id=h6da3w6ume, Accept=application/json, User-Agent=AmazonAPIGateway_h6da3w6ume, Host=lambda.us-east-1.amazonaws.com, X-Amz-Content-Sha256=b28601933e692222adc0c8758122d87431b28e6ac58fc90319177800c0e4123a, X-Amzn-Trace-Id=Root=1-6388b246-45e3a6741c344223560d8bcc, x-amzn-lambda-integration-tag=535d3986-4db3-4cfa-9533-a5f34fc01b4f, Authorization=*********************************************************************************************************************************************************************************************************************************************************************************************************************************************2eee87, X-Amz-Source-Arn=arn:aws:execute-api:us-east-1:391035843039:h6da3w6ume/production/PUT/chargers, X-Amz-Security-Token=IQoJb3JpZ2luX2VjEHUaCXVzLWVhc3QtMSJGMEQCIGg1nSqMYnXEeNhENFLXdkkkvvQ4fJ/2ygk/VMNV+k3zAiACq2v9iwQH3emHPn0wFauPHjK4OA2bwszfaV67w2GTsCrWBAiO//////// [TRUNCATED]
2022-12-01T13:55:18.207Z (535d3986-4db3-4cfa-9533-a5f34fc01b4f) Endpoint request body after transformations: {
"id":  "21",
"City":  "Vola",
"Model":  "c12bs",
"Street":  "Kulturplass 62",
"SN":  "AD129F245K",
"Output":  "48",
"PostCode": "19024"
}

2022-12-01T13:55:18.207Z (535d3986-4db3-4cfa-9533-a5f34fc01b4f) Sending request to https://lambda.us-east-1.amazonaws.com/2015-03-31/functions/arn:aws:lambda:us-east-1:391035843039:function:ChargingNetworkPutLF/invocations
2022-12-01T13:55:18.232Z (535d3986-4db3-4cfa-9533-a5f34fc01b4f) Received response. Status: 200, Integration latency: 25 ms
2022-12-01T13:55:18.232Z (535d3986-4db3-4cfa-9533-a5f34fc01b4f) Endpoint response headers: {Date=Thu, 01 Dec 2022 13:55:18 GMT, Content-Type=application/json, Content-Length=104, Connection=keep-alive, x-amzn-RequestId=4e4f3f16-14bc-453c-8c0a-dd24442f5a18, x-amzn-Remapped-Content-Length=0, X-Amz-Executed-Version=$LATEST, X-Amzn-Trace-Id=root=1-6388b246-45e3a6741c344223560d8bcc;sampled=0}
2022-12-01T13:55:18.232Z (535d3986-4db3-4cfa-9533-a5f34fc01b4f) Endpoint response body before transformations: {"statusCode": 200, "body": "\"\\\"errorMessage\\\": \\\"One or more parameter values are not valid!\""}
2022-12-01T13:55:18.232Z (535d3986-4db3-4cfa-9533-a5f34fc01b4f) Method response body after transformations: {"statusCode": 200, "body": "\"\\\"errorMessage\\\": \\\"One or more parameter values are not valid!\""}
2022-12-01T13:55:18.232Z (535d3986-4db3-4cfa-9533-a5f34fc01b4f) Method response headers: {X-Amzn-Trace-Id=Root=1-6388b246-45e3a6741c344223560d8bcc;Sampled=0, Content-Type=application/json}
2022-12-01T13:55:18.232Z (535d3986-4db3-4cfa-9533-a5f34fc01b4f) Successfully completed execution
2022-12-01T13:55:18.232Z (535d3986-4db3-4cfa-9533-a5f34fc01b4f) Method completed with status: 200
2022-12-01T13:55:18.232Z (535d3986-4db3-4cfa-9533-a5f34fc01b4f) AWS Integration Endpoint RequestId : 4e4f3f16-14bc-453c-8c0a-dd24442f5a18
