2022-11-28T21:50:02.689Z (e8cc6720-7545-483e-b3b4-d0a9a4d9407b) Extended Request Id: cVP5sF-hIAMFaCA=
2022-11-28T21:50:02.689Z (e8cc6720-7545-483e-b3b4-d0a9a4d9407b) Verifying Usage Plan for request: e8cc6720-7545-483e-b3b4-d0a9a4d9407b. API Key:  API Stage: h6da3w6ume/production
2022-11-28T21:50:02.691Z (e8cc6720-7545-483e-b3b4-d0a9a4d9407b) API Key  authorized because method 'PUT /chargers' does not require API Key. Request will not contribute to throttle or quota limits
2022-11-28T21:50:02.691Z (e8cc6720-7545-483e-b3b4-d0a9a4d9407b) Usage Plan check succeeded for API Key  and API Stage h6da3w6ume/production
2022-11-28T21:50:02.691Z (e8cc6720-7545-483e-b3b4-d0a9a4d9407b) Starting execution for request: e8cc6720-7545-483e-b3b4-d0a9a4d9407b
2022-11-28T21:50:02.691Z (e8cc6720-7545-483e-b3b4-d0a9a4d9407b) HTTP Method: PUT, Resource Path: /chargers
2022-11-28T21:50:02.691Z (e8cc6720-7545-483e-b3b4-d0a9a4d9407b) Method request path: {}
2022-11-28T21:50:02.691Z (e8cc6720-7545-483e-b3b4-d0a9a4d9407b) Method request query string: {City=Korsa, Model=c12b, Output=50, PostCode=19021, SN=MD129F644F, Street=Solli 29, id=13}
2022-11-28T21:50:02.691Z (e8cc6720-7545-483e-b3b4-d0a9a4d9407b) Method request headers: {Accept=*/*, User-Agent=python-requests/2.22.0, X-Forwarded-Proto=https, X-Forwarded-For=185.78.69.118, Host=api.elbrusgroup.net, Accept-Encoding=gzip, deflate, X-Forwarded-Port=443, X-Amzn-Trace-Id=Root=1-63852d0a-13fb1de74ccdac341ed092c0}
2022-11-28T21:50:02.691Z (e8cc6720-7545-483e-b3b4-d0a9a4d9407b) Method request body before transformations: 
2022-11-28T21:50:02.692Z (e8cc6720-7545-483e-b3b4-d0a9a4d9407b) Endpoint request URI: https://lambda.us-east-1.amazonaws.com/2015-03-31/functions/arn:aws:lambda:us-east-1:391035843039:function:ChargingNetworkPutLF/invocations
2022-11-28T21:50:02.692Z (e8cc6720-7545-483e-b3b4-d0a9a4d9407b) Endpoint request headers: {X-Amz-Date=20221128T215002Z, x-amzn-apigateway-api-id=h6da3w6ume, Accept=application/json, User-Agent=AmazonAPIGateway_h6da3w6ume, Host=lambda.us-east-1.amazonaws.com, X-Amz-Content-Sha256=46277664646a2b6efe5bd6a92540994bfe30ea30e83d365ccdc08a442e7f65fc, X-Amzn-Trace-Id=Root=1-63852d0a-13fb1de74ccdac341ed092c0, x-amzn-lambda-integration-tag=e8cc6720-7545-483e-b3b4-d0a9a4d9407b, Authorization=*********************************************************************************************************************************************************************************************************************************************************************************************************************************************74c1ac, X-Amz-Source-Arn=arn:aws:execute-api:us-east-1:391035843039:h6da3w6ume/production/PUT/chargers, X-Amz-Security-Token=IQoJb3JpZ2luX2VjEDUaCXVzLWVhc3QtMSJHMEUCIANRZuwfX5O0X5WA9mBqQOApFPsmjYqmpcPTiIA9ge9zAiEA3jB0GfgT52gAnMQzxrcaKmtADu7zRbxQVcBZT68lsK0qzAQIThAAGgwz [TRUNCATED]
2022-11-28T21:50:02.692Z (e8cc6720-7545-483e-b3b4-d0a9a4d9407b) Endpoint request body after transformations: {
"id":  "13",
"City":  "Korsa",
"Model":  "c12b",
"Street":  "Solli 29",
"SN":  "MD129F644F",
"Output":  "50",
"PostCode": "19021"
}

2022-11-28T21:50:02.692Z (e8cc6720-7545-483e-b3b4-d0a9a4d9407b) Sending request to https://lambda.us-east-1.amazonaws.com/2015-03-31/functions/arn:aws:lambda:us-east-1:391035843039:function:ChargingNetworkPutLF/invocations
2022-11-28T21:50:02.704Z (e8cc6720-7545-483e-b3b4-d0a9a4d9407b) Received response. Status: 200, Integration latency: 12 ms
2022-11-28T21:50:02.704Z (e8cc6720-7545-483e-b3b4-d0a9a4d9407b) Endpoint response headers: {Date=Mon, 28 Nov 2022 21:50:02 GMT, Content-Type=application/json, Content-Length=104, Connection=keep-alive, x-amzn-RequestId=8c20310e-8471-4b04-9ed0-a6090bc28bed, x-amzn-Remapped-Content-Length=0, X-Amz-Executed-Version=$LATEST, X-Amzn-Trace-Id=root=1-63852d0a-13fb1de74ccdac341ed092c0;sampled=0}
2022-11-28T21:50:02.704Z (e8cc6720-7545-483e-b3b4-d0a9a4d9407b) Endpoint response body before transformations: {"statusCode": 200, "body": "\"\\\"errorMessage\\\": \\\"One or more parameter values are not valid!\""}
2022-11-28T21:50:02.704Z (e8cc6720-7545-483e-b3b4-d0a9a4d9407b) Method response body after transformations: {"statusCode": 200, "body": "\"\\\"errorMessage\\\": \\\"One or more parameter values are not valid!\""}
2022-11-28T21:50:02.704Z (e8cc6720-7545-483e-b3b4-d0a9a4d9407b) Method response headers: {X-Amzn-Trace-Id=Root=1-63852d0a-13fb1de74ccdac341ed092c0;Sampled=0, Content-Type=application/json}
2022-11-28T21:50:02.704Z (e8cc6720-7545-483e-b3b4-d0a9a4d9407b) Successfully completed execution
2022-11-28T21:50:02.704Z (e8cc6720-7545-483e-b3b4-d0a9a4d9407b) Method completed with status: 200
2022-11-28T21:50:02.704Z (e8cc6720-7545-483e-b3b4-d0a9a4d9407b) AWS Integration Endpoint RequestId : 8c20310e-8471-4b04-9ed0-a6090bc28bed
