2022-12-01T13:55:11.612Z (c2ef64c8-40f4-4313-bb8a-0c04c86cd765) Extended Request Id: ceDJ-GhUoAMFabg=
2022-12-01T13:55:11.612Z (c2ef64c8-40f4-4313-bb8a-0c04c86cd765) Verifying Usage Plan for request: c2ef64c8-40f4-4313-bb8a-0c04c86cd765. API Key:  API Stage: h6da3w6ume/production
2022-12-01T13:55:11.613Z (c2ef64c8-40f4-4313-bb8a-0c04c86cd765) API Key  authorized because method 'PUT /chargers' does not require API Key. Request will not contribute to throttle or quota limits
2022-12-01T13:55:11.613Z (c2ef64c8-40f4-4313-bb8a-0c04c86cd765) Usage Plan check succeeded for API Key  and API Stage h6da3w6ume/production
2022-12-01T13:55:11.614Z (c2ef64c8-40f4-4313-bb8a-0c04c86cd765) Starting execution for request: c2ef64c8-40f4-4313-bb8a-0c04c86cd765
2022-12-01T13:55:11.614Z (c2ef64c8-40f4-4313-bb8a-0c04c86cd765) HTTP Method: PUT, Resource Path: /chargers
2022-12-01T13:55:11.614Z (c2ef64c8-40f4-4313-bb8a-0c04c86cd765) Method request path: {}
2022-12-01T13:55:11.614Z (c2ef64c8-40f4-4313-bb8a-0c04c86cd765) Method request query string: {City=Korsa, Model=c12a, Output=22, PostCode=19021, SN=MD329F667H, Street=Korsveien 3, id=6}
2022-12-01T13:55:11.614Z (c2ef64c8-40f4-4313-bb8a-0c04c86cd765) Method request headers: {Accept=*/*, User-Agent=python-requests/2.22.0, X-Forwarded-Proto=https, X-Forwarded-For=195.159.241.26, Host=api.elbrusgroup.net, Accept-Encoding=gzip, deflate, X-Forwarded-Port=443, X-Amzn-Trace-Id=Root=1-6388b23f-3d59b79745143647181dbbc1}
2022-12-01T13:55:11.614Z (c2ef64c8-40f4-4313-bb8a-0c04c86cd765) Method request body before transformations: 
2022-12-01T13:55:11.614Z (c2ef64c8-40f4-4313-bb8a-0c04c86cd765) Endpoint request URI: https://lambda.us-east-1.amazonaws.com/2015-03-31/functions/arn:aws:lambda:us-east-1:391035843039:function:ChargingNetworkPutLF/invocations
2022-12-01T13:55:11.614Z (c2ef64c8-40f4-4313-bb8a-0c04c86cd765) Endpoint request headers: {X-Amz-Date=20221201T135511Z, x-amzn-apigateway-api-id=h6da3w6ume, Accept=application/json, User-Agent=AmazonAPIGateway_h6da3w6ume, Host=lambda.us-east-1.amazonaws.com, X-Amz-Content-Sha256=91d24654de2237204ca5effed0e0b8e6cac6a4a33ac6640245801750ea0931d2, X-Amzn-Trace-Id=Root=1-6388b23f-3d59b79745143647181dbbc1, x-amzn-lambda-integration-tag=c2ef64c8-40f4-4313-bb8a-0c04c86cd765, Authorization=*********************************************************************************************************************************************************************************************************************************************************************************************************************************************26ab46, X-Amz-Source-Arn=arn:aws:execute-api:us-east-1:391035843039:h6da3w6ume/production/PUT/chargers, X-Amz-Security-Token=IQoJb3JpZ2luX2VjEHUaCXVzLWVhc3QtMSJIMEYCIQD6071LE59f2OataA8KWizGQOJ/kLL9hI9SXBMhx10w5gIhAKEvekAyWuL2v3IX4a6d2uQvj7fY3qD3mYID/wRMeIB7KtUECI7///// [TRUNCATED]
2022-12-01T13:55:11.614Z (c2ef64c8-40f4-4313-bb8a-0c04c86cd765) Endpoint request body after transformations: {
"id":  "6",
"City":  "Korsa",
"Model":  "c12a",
"Street":  "Korsveien 3",
"SN":  "MD329F667H",
"Output":  "22",
"PostCode": "19021"
}

2022-12-01T13:55:11.614Z (c2ef64c8-40f4-4313-bb8a-0c04c86cd765) Sending request to https://lambda.us-east-1.amazonaws.com/2015-03-31/functions/arn:aws:lambda:us-east-1:391035843039:function:ChargingNetworkPutLF/invocations
2022-12-01T13:55:11.625Z (c2ef64c8-40f4-4313-bb8a-0c04c86cd765) Received response. Status: 200, Integration latency: 11 ms
2022-12-01T13:55:11.625Z (c2ef64c8-40f4-4313-bb8a-0c04c86cd765) Endpoint response headers: {Date=Thu, 01 Dec 2022 13:55:11 GMT, Content-Type=application/json, Content-Length=104, Connection=keep-alive, x-amzn-RequestId=b3672684-d9db-4898-839c-3d8096fd2c42, x-amzn-Remapped-Content-Length=0, X-Amz-Executed-Version=$LATEST, X-Amzn-Trace-Id=root=1-6388b23f-3d59b79745143647181dbbc1;sampled=0}
2022-12-01T13:55:11.625Z (c2ef64c8-40f4-4313-bb8a-0c04c86cd765) Endpoint response body before transformations: {"statusCode": 200, "body": "\"\\\"errorMessage\\\": \\\"One or more parameter values are not valid!\""}
2022-12-01T13:55:11.625Z (c2ef64c8-40f4-4313-bb8a-0c04c86cd765) Method response body after transformations: {"statusCode": 200, "body": "\"\\\"errorMessage\\\": \\\"One or more parameter values are not valid!\""}
2022-12-01T13:55:11.625Z (c2ef64c8-40f4-4313-bb8a-0c04c86cd765) Method response headers: {X-Amzn-Trace-Id=Root=1-6388b23f-3d59b79745143647181dbbc1;Sampled=0, Content-Type=application/json}
2022-12-01T13:55:11.625Z (c2ef64c8-40f4-4313-bb8a-0c04c86cd765) Successfully completed execution
2022-12-01T13:55:11.625Z (c2ef64c8-40f4-4313-bb8a-0c04c86cd765) Method completed with status: 200
2022-12-01T13:55:11.625Z (c2ef64c8-40f4-4313-bb8a-0c04c86cd765) AWS Integration Endpoint RequestId : b3672684-d9db-4898-839c-3d8096fd2c42
