2022-12-11T23:07:53.739Z (9fdd456b-9ca2-4dad-acce-e1600869f7a4) Extended Request Id: dARfjG9MoAMFbdA=
2022-12-11T23:07:53.739Z (9fdd456b-9ca2-4dad-acce-e1600869f7a4) Verifying Usage Plan for request: 9fdd456b-9ca2-4dad-acce-e1600869f7a4. API Key:  API Stage: h6da3w6ume/production
2022-12-11T23:07:53.741Z (9fdd456b-9ca2-4dad-acce-e1600869f7a4) API Key  authorized because method 'PUT /chargers' does not require API Key. Request will not contribute to throttle or quota limits
2022-12-11T23:07:53.741Z (9fdd456b-9ca2-4dad-acce-e1600869f7a4) Usage Plan check succeeded for API Key  and API Stage h6da3w6ume/production
2022-12-11T23:07:53.741Z (9fdd456b-9ca2-4dad-acce-e1600869f7a4) Starting execution for request: 9fdd456b-9ca2-4dad-acce-e1600869f7a4
2022-12-11T23:07:53.741Z (9fdd456b-9ca2-4dad-acce-e1600869f7a4) HTTP Method: PUT, Resource Path: /chargers/
2022-12-11T23:07:53.741Z (9fdd456b-9ca2-4dad-acce-e1600869f7a4) Method request path: {}
2022-12-11T23:07:53.741Z (9fdd456b-9ca2-4dad-acce-e1600869f7a4) Method request query string: {City=Korsa, Model=c12b, Output=50, PostCode=19021, SN=MD129F643D, Street=Solli 29, id=11}
2022-12-11T23:07:53.741Z (9fdd456b-9ca2-4dad-acce-e1600869f7a4) Method request headers: {Accept=*/*, User-Agent=python-requests/2.22.0, X-Forwarded-Proto=https, X-Forwarded-For=185.78.69.118, Host=api.elbrusgroup.net, Accept-Encoding=gzip, deflate, X-Forwarded-Port=443, X-Amzn-Trace-Id=Root=1-639662c9-2ff2e9297469d9ef7d952aa9}
2022-12-11T23:07:53.741Z (9fdd456b-9ca2-4dad-acce-e1600869f7a4) Method request body before transformations: 
2022-12-11T23:07:53.741Z (9fdd456b-9ca2-4dad-acce-e1600869f7a4) Endpoint request URI: https://lambda.us-east-1.amazonaws.com/2015-03-31/functions/arn:aws:lambda:us-east-1:391035843039:function:ChargingNetworkPutLF/invocations
2022-12-11T23:07:53.741Z (9fdd456b-9ca2-4dad-acce-e1600869f7a4) Endpoint request headers: {X-Amz-Date=20221211T230753Z, x-amzn-apigateway-api-id=h6da3w6ume, Accept=application/json, User-Agent=AmazonAPIGateway_h6da3w6ume, Host=lambda.us-east-1.amazonaws.com, X-Amz-Content-Sha256=95d0edff4bd8eeecbb0ccf8a6e33b5b1c703711f5af0d88b1439ccfc38984cf2, X-Amzn-Trace-Id=Root=1-639662c9-2ff2e9297469d9ef7d952aa9, x-amzn-lambda-integration-tag=9fdd456b-9ca2-4dad-acce-e1600869f7a4, Authorization=*********************************************************************************************************************************************************************************************************************************************************************************************************************************************be9c58, X-Amz-Source-Arn=arn:aws:execute-api:us-east-1:391035843039:h6da3w6ume/production/PUT/chargers, X-Amz-Security-Token=IQoJb3JpZ2luX2VjEG8aCXVzLWVhc3QtMSJGMEQCICRbGu8DPKSBR3eLCb4QHY433ycY5hYpRU66/HE9VidIAiAjJJ84cBN3hPE3skrUP9HPBw5hOoUg+b9GD7txHXgQZSrVBAiX//////// [TRUNCATED]
2022-12-11T23:07:53.741Z (9fdd456b-9ca2-4dad-acce-e1600869f7a4) Endpoint request body after transformations: {
"id":  "11",
"City":  "Korsa",
"Model":  "c12b",
"Street":  "Solli 29",
"SN":  "MD129F643D",
"Output":  "50",
"PostCode": "19021"
}

2022-12-11T23:07:53.741Z (9fdd456b-9ca2-4dad-acce-e1600869f7a4) Sending request to https://lambda.us-east-1.amazonaws.com/2015-03-31/functions/arn:aws:lambda:us-east-1:391035843039:function:ChargingNetworkPutLF/invocations
2022-12-11T23:07:53.754Z (9fdd456b-9ca2-4dad-acce-e1600869f7a4) Received response. Status: 200, Integration latency: 13 ms
2022-12-11T23:07:53.754Z (9fdd456b-9ca2-4dad-acce-e1600869f7a4) Endpoint response headers: {Date=Sun, 11 Dec 2022 23:07:53 GMT, Content-Type=application/json, Content-Length=104, Connection=keep-alive, x-amzn-RequestId=b4bb5068-6bce-454e-8af1-8c69194b631b, x-amzn-Remapped-Content-Length=0, X-Amz-Executed-Version=$LATEST, X-Amzn-Trace-Id=root=1-639662c9-2ff2e9297469d9ef7d952aa9;sampled=0}
2022-12-11T23:07:53.754Z (9fdd456b-9ca2-4dad-acce-e1600869f7a4) Endpoint response body before transformations: {"statusCode": 200, "body": "\"\\\"errorMessage\\\": \\\"One or more parameter values are not valid!\""}
2022-12-11T23:07:53.754Z (9fdd456b-9ca2-4dad-acce-e1600869f7a4) Method response body after transformations: {"statusCode": 200, "body": "\"\\\"errorMessage\\\": \\\"One or more parameter values are not valid!\""}
2022-12-11T23:07:53.754Z (9fdd456b-9ca2-4dad-acce-e1600869f7a4) Method response headers: {X-Amzn-Trace-Id=Root=1-639662c9-2ff2e9297469d9ef7d952aa9;Sampled=0, Content-Type=application/json}
2022-12-11T23:07:53.754Z (9fdd456b-9ca2-4dad-acce-e1600869f7a4) Successfully completed execution
2022-12-11T23:07:53.754Z (9fdd456b-9ca2-4dad-acce-e1600869f7a4) Method completed with status: 200
2022-12-11T23:07:53.754Z (9fdd456b-9ca2-4dad-acce-e1600869f7a4) AWS Integration Endpoint RequestId : b4bb5068-6bce-454e-8af1-8c69194b631b
