2022-11-28T21:50:11.106Z (27dd6414-c799-4103-86b0-ca7d3f745129) Extended Request Id: cVP7BFvjoAMF3MA=
2022-11-28T21:50:11.106Z (27dd6414-c799-4103-86b0-ca7d3f745129) Verifying Usage Plan for request: 27dd6414-c799-4103-86b0-ca7d3f745129. API Key:  API Stage: h6da3w6ume/production
2022-11-28T21:50:11.108Z (27dd6414-c799-4103-86b0-ca7d3f745129) API Key  authorized because method 'PUT /chargers' does not require API Key. Request will not contribute to throttle or quota limits
2022-11-28T21:50:11.108Z (27dd6414-c799-4103-86b0-ca7d3f745129) Usage Plan check succeeded for API Key  and API Stage h6da3w6ume/production
2022-11-28T21:50:11.109Z (27dd6414-c799-4103-86b0-ca7d3f745129) Starting execution for request: 27dd6414-c799-4103-86b0-ca7d3f745129
2022-11-28T21:50:11.109Z (27dd6414-c799-4103-86b0-ca7d3f745129) HTTP Method: PUT, Resource Path: /chargers
2022-11-28T21:50:11.109Z (27dd6414-c799-4103-86b0-ca7d3f745129) Method request path: {}
2022-11-28T21:50:11.109Z (27dd6414-c799-4103-86b0-ca7d3f745129) Method request query string: {City=Vola, Model=c12bs, Output=48, PostCode=19024, SN=AD129F232M, Street=Kulturplass 62, id=23}
2022-11-28T21:50:11.109Z (27dd6414-c799-4103-86b0-ca7d3f745129) Method request headers: {Accept=*/*, User-Agent=python-requests/2.22.0, X-Forwarded-Proto=https, X-Forwarded-For=185.78.69.118, Host=api.elbrusgroup.net, Accept-Encoding=gzip, deflate, X-Forwarded-Port=443, X-Amzn-Trace-Id=Root=1-63852d13-55e53d424c90299026dd79e4}
2022-11-28T21:50:11.109Z (27dd6414-c799-4103-86b0-ca7d3f745129) Method request body before transformations: 
2022-11-28T21:50:11.109Z (27dd6414-c799-4103-86b0-ca7d3f745129) Endpoint request URI: https://lambda.us-east-1.amazonaws.com/2015-03-31/functions/arn:aws:lambda:us-east-1:391035843039:function:ChargingNetworkPutLF/invocations
2022-11-28T21:50:11.109Z (27dd6414-c799-4103-86b0-ca7d3f745129) Endpoint request headers: {X-Amz-Date=20221128T215011Z, x-amzn-apigateway-api-id=h6da3w6ume, Accept=application/json, User-Agent=AmazonAPIGateway_h6da3w6ume, Host=lambda.us-east-1.amazonaws.com, X-Amz-Content-Sha256=8303c0fd6c06c7d898380ca9e30d92573899e6ba88de3d5e72634e48a3b15fe6, X-Amzn-Trace-Id=Root=1-63852d13-55e53d424c90299026dd79e4, x-amzn-lambda-integration-tag=27dd6414-c799-4103-86b0-ca7d3f745129, Authorization=*********************************************************************************************************************************************************************************************************************************************************************************************************************************************fd18e4, X-Amz-Source-Arn=arn:aws:execute-api:us-east-1:391035843039:h6da3w6ume/production/PUT/chargers, X-Amz-Security-Token=IQoJb3JpZ2luX2VjEDYaCXVzLWVhc3QtMSJGMEQCIHj/OIRZnDSSBenpeAHrCpcOQNJP71C2HyqCYtlrm90RAiBWQb6o8xyYOLjjiqp24aRz2R65cXuEELrG64eWh0CzhyrMBAhOEAAaDDM5 [TRUNCATED]
2022-11-28T21:50:11.109Z (27dd6414-c799-4103-86b0-ca7d3f745129) Endpoint request body after transformations: {
"id":  "23",
"City":  "Vola",
"Model":  "c12bs",
"Street":  "Kulturplass 62",
"SN":  "AD129F232M",
"Output":  "48",
"PostCode": "19024"
}

2022-11-28T21:50:11.109Z (27dd6414-c799-4103-86b0-ca7d3f745129) Sending request to https://lambda.us-east-1.amazonaws.com/2015-03-31/functions/arn:aws:lambda:us-east-1:391035843039:function:ChargingNetworkPutLF/invocations
2022-11-28T21:50:11.123Z (27dd6414-c799-4103-86b0-ca7d3f745129) Received response. Status: 200, Integration latency: 14 ms
2022-11-28T21:50:11.123Z (27dd6414-c799-4103-86b0-ca7d3f745129) Endpoint response headers: {Date=Mon, 28 Nov 2022 21:50:11 GMT, Content-Type=application/json, Content-Length=104, Connection=keep-alive, x-amzn-RequestId=e2594c43-cbe3-4d62-840a-40d6618ebd8b, x-amzn-Remapped-Content-Length=0, X-Amz-Executed-Version=$LATEST, X-Amzn-Trace-Id=root=1-63852d13-55e53d424c90299026dd79e4;sampled=0}
2022-11-28T21:50:11.123Z (27dd6414-c799-4103-86b0-ca7d3f745129) Endpoint response body before transformations: {"statusCode": 200, "body": "\"\\\"errorMessage\\\": \\\"One or more parameter values are not valid!\""}
2022-11-28T21:50:11.123Z (27dd6414-c799-4103-86b0-ca7d3f745129) Method response body after transformations: {"statusCode": 200, "body": "\"\\\"errorMessage\\\": \\\"One or more parameter values are not valid!\""}
2022-11-28T21:50:11.123Z (27dd6414-c799-4103-86b0-ca7d3f745129) Method response headers: {X-Amzn-Trace-Id=Root=1-63852d13-55e53d424c90299026dd79e4;Sampled=0, Content-Type=application/json}
2022-11-28T21:50:11.123Z (27dd6414-c799-4103-86b0-ca7d3f745129) Successfully completed execution
2022-11-28T21:50:11.123Z (27dd6414-c799-4103-86b0-ca7d3f745129) Method completed with status: 200
2022-11-28T21:50:11.123Z (27dd6414-c799-4103-86b0-ca7d3f745129) AWS Integration Endpoint RequestId : e2594c43-cbe3-4d62-840a-40d6618ebd8b
