2022-12-11T23:07:51.851Z (fb2687be-6e6f-4968-960f-0cba2cf6e0ac) Extended Request Id: dARfQHoJoAMFxog=
2022-12-11T23:07:51.851Z (fb2687be-6e6f-4968-960f-0cba2cf6e0ac) Verifying Usage Plan for request: fb2687be-6e6f-4968-960f-0cba2cf6e0ac. API Key:  API Stage: h6da3w6ume/production
2022-12-11T23:07:51.852Z (fb2687be-6e6f-4968-960f-0cba2cf6e0ac) API Key  authorized because method 'PUT /chargers' does not require API Key. Request will not contribute to throttle or quota limits
2022-12-11T23:07:51.852Z (fb2687be-6e6f-4968-960f-0cba2cf6e0ac) Usage Plan check succeeded for API Key  and API Stage h6da3w6ume/production
2022-12-11T23:07:51.853Z (fb2687be-6e6f-4968-960f-0cba2cf6e0ac) Starting execution for request: fb2687be-6e6f-4968-960f-0cba2cf6e0ac
2022-12-11T23:07:51.853Z (fb2687be-6e6f-4968-960f-0cba2cf6e0ac) HTTP Method: PUT, Resource Path: /chargers/
2022-12-11T23:07:51.853Z (fb2687be-6e6f-4968-960f-0cba2cf6e0ac) Method request path: {}
2022-12-11T23:07:51.853Z (fb2687be-6e6f-4968-960f-0cba2cf6e0ac) Method request query string: {City=Korsa, Model=c12xl, Output=150, PostCode=19021, SN=MD129F651X, Street=Solli 29, id=8}
2022-12-11T23:07:51.853Z (fb2687be-6e6f-4968-960f-0cba2cf6e0ac) Method request headers: {Accept=*/*, User-Agent=python-requests/2.22.0, X-Forwarded-Proto=https, X-Forwarded-For=185.78.69.118, Host=api.elbrusgroup.net, Accept-Encoding=gzip, deflate, X-Forwarded-Port=443, X-Amzn-Trace-Id=Root=1-639662c7-5270a5ca5d190de444cbc4e5}
2022-12-11T23:07:51.853Z (fb2687be-6e6f-4968-960f-0cba2cf6e0ac) Method request body before transformations: 
2022-12-11T23:07:51.853Z (fb2687be-6e6f-4968-960f-0cba2cf6e0ac) Endpoint request URI: https://lambda.us-east-1.amazonaws.com/2015-03-31/functions/arn:aws:lambda:us-east-1:391035843039:function:ChargingNetworkPutLF/invocations
2022-12-11T23:07:51.853Z (fb2687be-6e6f-4968-960f-0cba2cf6e0ac) Endpoint request headers: {X-Amz-Date=20221211T230751Z, x-amzn-apigateway-api-id=h6da3w6ume, Accept=application/json, User-Agent=AmazonAPIGateway_h6da3w6ume, Host=lambda.us-east-1.amazonaws.com, X-Amz-Content-Sha256=316e71fce5098cdb7aecd71a009258afd832f8bbec070ce4296547efb967f6b1, X-Amzn-Trace-Id=Root=1-639662c7-5270a5ca5d190de444cbc4e5, x-amzn-lambda-integration-tag=fb2687be-6e6f-4968-960f-0cba2cf6e0ac, Authorization=*********************************************************************************************************************************************************************************************************************************************************************************************************************************************c0b5f7, X-Amz-Source-Arn=arn:aws:execute-api:us-east-1:391035843039:h6da3w6ume/production/PUT/chargers, X-Amz-Security-Token=IQoJb3JpZ2luX2VjEG4aCXVzLWVhc3QtMSJHMEUCIQD6+7vCbV6LDjdU5kwbwG+F3Kh9v2MioFzd/nyfEtX4BQIgM5qXi1EGTINvppYdq4cYSm6WFocTEmwLmzegcmSFIEcq1QQIl/////// [TRUNCATED]
2022-12-11T23:07:51.853Z (fb2687be-6e6f-4968-960f-0cba2cf6e0ac) Endpoint request body after transformations: {
"id":  "8",
"City":  "Korsa",
"Model":  "c12xl",
"Street":  "Solli 29",
"SN":  "MD129F651X",
"Output":  "150",
"PostCode": "19021"
}

2022-12-11T23:07:51.853Z (fb2687be-6e6f-4968-960f-0cba2cf6e0ac) Sending request to https://lambda.us-east-1.amazonaws.com/2015-03-31/functions/arn:aws:lambda:us-east-1:391035843039:function:ChargingNetworkPutLF/invocations
2022-12-11T23:07:51.867Z (fb2687be-6e6f-4968-960f-0cba2cf6e0ac) Received response. Status: 200, Integration latency: 14 ms
2022-12-11T23:07:51.867Z (fb2687be-6e6f-4968-960f-0cba2cf6e0ac) Endpoint response headers: {Date=Sun, 11 Dec 2022 23:07:51 GMT, Content-Type=application/json, Content-Length=104, Connection=keep-alive, x-amzn-RequestId=1df9e4ab-89a3-4d48-956d-65990a57a940, x-amzn-Remapped-Content-Length=0, X-Amz-Executed-Version=$LATEST, X-Amzn-Trace-Id=root=1-639662c7-5270a5ca5d190de444cbc4e5;sampled=0}
2022-12-11T23:07:51.867Z (fb2687be-6e6f-4968-960f-0cba2cf6e0ac) Endpoint response body before transformations: {"statusCode": 200, "body": "\"\\\"errorMessage\\\": \\\"One or more parameter values are not valid!\""}
2022-12-11T23:07:51.867Z (fb2687be-6e6f-4968-960f-0cba2cf6e0ac) Method response body after transformations: {"statusCode": 200, "body": "\"\\\"errorMessage\\\": \\\"One or more parameter values are not valid!\""}
2022-12-11T23:07:51.867Z (fb2687be-6e6f-4968-960f-0cba2cf6e0ac) Method response headers: {X-Amzn-Trace-Id=Root=1-639662c7-5270a5ca5d190de444cbc4e5;Sampled=0, Content-Type=application/json}
2022-12-11T23:07:51.867Z (fb2687be-6e6f-4968-960f-0cba2cf6e0ac) Successfully completed execution
2022-12-11T23:07:51.867Z (fb2687be-6e6f-4968-960f-0cba2cf6e0ac) Method completed with status: 200
2022-12-11T23:07:51.867Z (fb2687be-6e6f-4968-960f-0cba2cf6e0ac) AWS Integration Endpoint RequestId : 1df9e4ab-89a3-4d48-956d-65990a57a940
