2022-12-11T23:08:00.731Z (d3fb4a2b-0861-4fd5-b2fb-65541c865830) Extended Request Id: dARgpFysIAMFcKw=
2022-12-11T23:08:00.731Z (d3fb4a2b-0861-4fd5-b2fb-65541c865830) Verifying Usage Plan for request: d3fb4a2b-0861-4fd5-b2fb-65541c865830. API Key:  API Stage: h6da3w6ume/production
2022-12-11T23:08:00.733Z (d3fb4a2b-0861-4fd5-b2fb-65541c865830) API Key  authorized because method 'PUT /chargers' does not require API Key. Request will not contribute to throttle or quota limits
2022-12-11T23:08:00.733Z (d3fb4a2b-0861-4fd5-b2fb-65541c865830) Usage Plan check succeeded for API Key  and API Stage h6da3w6ume/production
2022-12-11T23:08:00.733Z (d3fb4a2b-0861-4fd5-b2fb-65541c865830) Starting execution for request: d3fb4a2b-0861-4fd5-b2fb-65541c865830
2022-12-11T23:08:00.733Z (d3fb4a2b-0861-4fd5-b2fb-65541c865830) HTTP Method: PUT, Resource Path: /chargers/
2022-12-11T23:08:00.733Z (d3fb4a2b-0861-4fd5-b2fb-65541c865830) Method request path: {}
2022-12-11T23:08:00.733Z (d3fb4a2b-0861-4fd5-b2fb-65541c865830) Method request query string: {City=Vola, Model=c12bs, Output=48, PostCode=19024, SN=AD129F232M, Street=Kulturplass 62, id=23}
2022-12-11T23:08:00.733Z (d3fb4a2b-0861-4fd5-b2fb-65541c865830) Method request headers: {Accept=*/*, User-Agent=python-requests/2.22.0, X-Forwarded-Proto=https, X-Forwarded-For=185.78.69.118, Host=api.elbrusgroup.net, Accept-Encoding=gzip, deflate, X-Forwarded-Port=443, X-Amzn-Trace-Id=Root=1-639662d0-4f0f44ee68dd11883a8d5479}
2022-12-11T23:08:00.733Z (d3fb4a2b-0861-4fd5-b2fb-65541c865830) Method request body before transformations: 
2022-12-11T23:08:00.733Z (d3fb4a2b-0861-4fd5-b2fb-65541c865830) Endpoint request URI: https://lambda.us-east-1.amazonaws.com/2015-03-31/functions/arn:aws:lambda:us-east-1:391035843039:function:ChargingNetworkPutLF/invocations
2022-12-11T23:08:00.733Z (d3fb4a2b-0861-4fd5-b2fb-65541c865830) Endpoint request headers: {X-Amz-Date=20221211T230800Z, x-amzn-apigateway-api-id=h6da3w6ume, Accept=application/json, User-Agent=AmazonAPIGateway_h6da3w6ume, Host=lambda.us-east-1.amazonaws.com, X-Amz-Content-Sha256=8303c0fd6c06c7d898380ca9e30d92573899e6ba88de3d5e72634e48a3b15fe6, X-Amzn-Trace-Id=Root=1-639662d0-4f0f44ee68dd11883a8d5479, x-amzn-lambda-integration-tag=d3fb4a2b-0861-4fd5-b2fb-65541c865830, Authorization=*********************************************************************************************************************************************************************************************************************************************************************************************************************************************5f920b, X-Amz-Source-Arn=arn:aws:execute-api:us-east-1:391035843039:h6da3w6ume/production/PUT/chargers, X-Amz-Security-Token=IQoJb3JpZ2luX2VjEG8aCXVzLWVhc3QtMSJGMEQCIHuwMBq4gt9AkBBQGapa2M1rOAquyuISnSU6vxqkgfG7AiBFBBtUO3tpVpQZF6M6IHtM56dIBpuX3XMt4RJ2lxUyLCrVBAiX//////// [TRUNCATED]
2022-12-11T23:08:00.733Z (d3fb4a2b-0861-4fd5-b2fb-65541c865830) Endpoint request body after transformations: {
"id":  "23",
"City":  "Vola",
"Model":  "c12bs",
"Street":  "Kulturplass 62",
"SN":  "AD129F232M",
"Output":  "48",
"PostCode": "19024"
}

2022-12-11T23:08:00.733Z (d3fb4a2b-0861-4fd5-b2fb-65541c865830) Sending request to https://lambda.us-east-1.amazonaws.com/2015-03-31/functions/arn:aws:lambda:us-east-1:391035843039:function:ChargingNetworkPutLF/invocations
2022-12-11T23:08:00.746Z (d3fb4a2b-0861-4fd5-b2fb-65541c865830) Received response. Status: 200, Integration latency: 13 ms
2022-12-11T23:08:00.746Z (d3fb4a2b-0861-4fd5-b2fb-65541c865830) Endpoint response headers: {Date=Sun, 11 Dec 2022 23:08:00 GMT, Content-Type=application/json, Content-Length=104, Connection=keep-alive, x-amzn-RequestId=6ada0e17-c5c9-4486-a1cb-17bb81984a96, x-amzn-Remapped-Content-Length=0, X-Amz-Executed-Version=$LATEST, X-Amzn-Trace-Id=root=1-639662d0-4f0f44ee68dd11883a8d5479;sampled=0}
2022-12-11T23:08:00.746Z (d3fb4a2b-0861-4fd5-b2fb-65541c865830) Endpoint response body before transformations: {"statusCode": 200, "body": "\"\\\"errorMessage\\\": \\\"One or more parameter values are not valid!\""}
2022-12-11T23:08:00.746Z (d3fb4a2b-0861-4fd5-b2fb-65541c865830) Method response body after transformations: {"statusCode": 200, "body": "\"\\\"errorMessage\\\": \\\"One or more parameter values are not valid!\""}
2022-12-11T23:08:00.746Z (d3fb4a2b-0861-4fd5-b2fb-65541c865830) Method response headers: {X-Amzn-Trace-Id=Root=1-639662d0-4f0f44ee68dd11883a8d5479;Sampled=0, Content-Type=application/json}
2022-12-11T23:08:00.746Z (d3fb4a2b-0861-4fd5-b2fb-65541c865830) Successfully completed execution
2022-12-11T23:08:00.746Z (d3fb4a2b-0861-4fd5-b2fb-65541c865830) Method completed with status: 200
2022-12-11T23:08:00.746Z (d3fb4a2b-0861-4fd5-b2fb-65541c865830) AWS Integration Endpoint RequestId : 6ada0e17-c5c9-4486-a1cb-17bb81984a96
