2022-12-01T13:55:19.944Z (c63b0445-3af5-4755-bf31-3d0be5cede3e) Extended Request Id: ceDLRHLnIAMFQqg=
2022-12-01T13:55:19.944Z (c63b0445-3af5-4755-bf31-3d0be5cede3e) Verifying Usage Plan for request: c63b0445-3af5-4755-bf31-3d0be5cede3e. API Key:  API Stage: h6da3w6ume/production
2022-12-01T13:55:19.946Z (c63b0445-3af5-4755-bf31-3d0be5cede3e) API Key  authorized because method 'PUT /chargers' does not require API Key. Request will not contribute to throttle or quota limits
2022-12-01T13:55:19.946Z (c63b0445-3af5-4755-bf31-3d0be5cede3e) Usage Plan check succeeded for API Key  and API Stage h6da3w6ume/production
2022-12-01T13:55:19.946Z (c63b0445-3af5-4755-bf31-3d0be5cede3e) Starting execution for request: c63b0445-3af5-4755-bf31-3d0be5cede3e
2022-12-01T13:55:19.946Z (c63b0445-3af5-4755-bf31-3d0be5cede3e) HTTP Method: PUT, Resource Path: /chargers
2022-12-01T13:55:19.946Z (c63b0445-3af5-4755-bf31-3d0be5cede3e) Method request path: {}
2022-12-01T13:55:19.946Z (c63b0445-3af5-4755-bf31-3d0be5cede3e) Method request query string: {City=Vola, Model=c12bs, Output=48, PostCode=19024, SN=AD129F294S, Street=Kulturplass 62, id=25}
2022-12-01T13:55:19.946Z (c63b0445-3af5-4755-bf31-3d0be5cede3e) Method request headers: {Accept=*/*, User-Agent=python-requests/2.22.0, X-Forwarded-Proto=https, X-Forwarded-For=195.159.241.26, Host=api.elbrusgroup.net, Accept-Encoding=gzip, deflate, X-Forwarded-Port=443, X-Amzn-Trace-Id=Root=1-6388b247-09add6fa3a6e59ed0496f029}
2022-12-01T13:55:19.946Z (c63b0445-3af5-4755-bf31-3d0be5cede3e) Method request body before transformations: 
2022-12-01T13:55:19.946Z (c63b0445-3af5-4755-bf31-3d0be5cede3e) Endpoint request URI: https://lambda.us-east-1.amazonaws.com/2015-03-31/functions/arn:aws:lambda:us-east-1:391035843039:function:ChargingNetworkPutLF/invocations
2022-12-01T13:55:19.946Z (c63b0445-3af5-4755-bf31-3d0be5cede3e) Endpoint request headers: {X-Amz-Date=20221201T135519Z, x-amzn-apigateway-api-id=h6da3w6ume, Accept=application/json, User-Agent=AmazonAPIGateway_h6da3w6ume, Host=lambda.us-east-1.amazonaws.com, X-Amz-Content-Sha256=eb6777428d2fc4809fcdca0328db52466094e23d6f1ebb7864fa8a33d5e44f23, X-Amzn-Trace-Id=Root=1-6388b247-09add6fa3a6e59ed0496f029, x-amzn-lambda-integration-tag=c63b0445-3af5-4755-bf31-3d0be5cede3e, Authorization=*********************************************************************************************************************************************************************************************************************************************************************************************************************************************74cfc5, X-Amz-Source-Arn=arn:aws:execute-api:us-east-1:391035843039:h6da3w6ume/production/PUT/chargers, X-Amz-Security-Token=IQoJb3JpZ2luX2VjEHUaCXVzLWVhc3QtMSJIMEYCIQD4IAK6HWT9ltJtHbFVVxzKKtfFiO0ksUIONfmd+5tMyAIhAKuSDaj2SRvFGy1+7PEt6iBLcSqi9p7G4Dt5XYkDOOD0KtUECI7///// [TRUNCATED]
2022-12-01T13:55:19.946Z (c63b0445-3af5-4755-bf31-3d0be5cede3e) Endpoint request body after transformations: {
"id":  "25",
"City":  "Vola",
"Model":  "c12bs",
"Street":  "Kulturplass 62",
"SN":  "AD129F294S",
"Output":  "48",
"PostCode": "19024"
}

2022-12-01T13:55:19.946Z (c63b0445-3af5-4755-bf31-3d0be5cede3e) Sending request to https://lambda.us-east-1.amazonaws.com/2015-03-31/functions/arn:aws:lambda:us-east-1:391035843039:function:ChargingNetworkPutLF/invocations
2022-12-01T13:55:19.962Z (c63b0445-3af5-4755-bf31-3d0be5cede3e) Received response. Status: 200, Integration latency: 15 ms
2022-12-01T13:55:19.962Z (c63b0445-3af5-4755-bf31-3d0be5cede3e) Endpoint response headers: {Date=Thu, 01 Dec 2022 13:55:19 GMT, Content-Type=application/json, Content-Length=104, Connection=keep-alive, x-amzn-RequestId=f123ace9-c1c5-4ced-8ba6-791fb5381da5, x-amzn-Remapped-Content-Length=0, X-Amz-Executed-Version=$LATEST, X-Amzn-Trace-Id=root=1-6388b247-09add6fa3a6e59ed0496f029;sampled=0}
2022-12-01T13:55:19.962Z (c63b0445-3af5-4755-bf31-3d0be5cede3e) Endpoint response body before transformations: {"statusCode": 200, "body": "\"\\\"errorMessage\\\": \\\"One or more parameter values are not valid!\""}
2022-12-01T13:55:19.962Z (c63b0445-3af5-4755-bf31-3d0be5cede3e) Method response body after transformations: {"statusCode": 200, "body": "\"\\\"errorMessage\\\": \\\"One or more parameter values are not valid!\""}
2022-12-01T13:55:19.962Z (c63b0445-3af5-4755-bf31-3d0be5cede3e) Method response headers: {X-Amzn-Trace-Id=Root=1-6388b247-09add6fa3a6e59ed0496f029;Sampled=0, Content-Type=application/json}
2022-12-01T13:55:19.962Z (c63b0445-3af5-4755-bf31-3d0be5cede3e) Successfully completed execution
2022-12-01T13:55:19.962Z (c63b0445-3af5-4755-bf31-3d0be5cede3e) Method completed with status: 200
2022-12-01T13:55:19.962Z (c63b0445-3af5-4755-bf31-3d0be5cede3e) AWS Integration Endpoint RequestId : f123ace9-c1c5-4ced-8ba6-791fb5381da5
