2022-12-11T23:07:49.978Z (b72c0da7-de72-4bdd-8fc4-c04986f37214) Extended Request Id: dARe9GlbIAMFzJA=
2022-12-11T23:07:49.978Z (b72c0da7-de72-4bdd-8fc4-c04986f37214) Verifying Usage Plan for request: b72c0da7-de72-4bdd-8fc4-c04986f37214. API Key:  API Stage: h6da3w6ume/production
2022-12-11T23:07:49.979Z (b72c0da7-de72-4bdd-8fc4-c04986f37214) API Key  authorized because method 'PUT /chargers' does not require API Key. Request will not contribute to throttle or quota limits
2022-12-11T23:07:49.979Z (b72c0da7-de72-4bdd-8fc4-c04986f37214) Usage Plan check succeeded for API Key  and API Stage h6da3w6ume/production
2022-12-11T23:07:49.980Z (b72c0da7-de72-4bdd-8fc4-c04986f37214) Starting execution for request: b72c0da7-de72-4bdd-8fc4-c04986f37214
2022-12-11T23:07:49.980Z (b72c0da7-de72-4bdd-8fc4-c04986f37214) HTTP Method: PUT, Resource Path: /chargers/
2022-12-11T23:07:49.980Z (b72c0da7-de72-4bdd-8fc4-c04986f37214) Method request path: {}
2022-12-11T23:07:49.980Z (b72c0da7-de72-4bdd-8fc4-c04986f37214) Method request query string: {City=Korsa, Model=c12a, Output=22, PostCode=19021, SN=MD729F871H, Street=Korsveien 3, id=5}
2022-12-11T23:07:49.980Z (b72c0da7-de72-4bdd-8fc4-c04986f37214) Method request headers: {Accept=*/*, User-Agent=python-requests/2.22.0, X-Forwarded-Proto=https, X-Forwarded-For=185.78.69.118, Host=api.elbrusgroup.net, Accept-Encoding=gzip, deflate, X-Forwarded-Port=443, X-Amzn-Trace-Id=Root=1-639662c5-09fb07c603fd04801db67a7c}
2022-12-11T23:07:49.980Z (b72c0da7-de72-4bdd-8fc4-c04986f37214) Method request body before transformations: 
2022-12-11T23:07:49.980Z (b72c0da7-de72-4bdd-8fc4-c04986f37214) Endpoint request URI: https://lambda.us-east-1.amazonaws.com/2015-03-31/functions/arn:aws:lambda:us-east-1:391035843039:function:ChargingNetworkPutLF/invocations
2022-12-11T23:07:49.980Z (b72c0da7-de72-4bdd-8fc4-c04986f37214) Endpoint request headers: {X-Amz-Date=20221211T230749Z, x-amzn-apigateway-api-id=h6da3w6ume, Accept=application/json, User-Agent=AmazonAPIGateway_h6da3w6ume, Host=lambda.us-east-1.amazonaws.com, X-Amz-Content-Sha256=d70eebb8ce8d753eb3be1172911eedf9b0b0634dac43e0cdbf15db42bbd19e38, X-Amzn-Trace-Id=Root=1-639662c5-09fb07c603fd04801db67a7c, x-amzn-lambda-integration-tag=b72c0da7-de72-4bdd-8fc4-c04986f37214, Authorization=*********************************************************************************************************************************************************************************************************************************************************************************************************************************************12a9f8, X-Amz-Source-Arn=arn:aws:execute-api:us-east-1:391035843039:h6da3w6ume/production/PUT/chargers, X-Amz-Security-Token=IQoJb3JpZ2luX2VjEG4aCXVzLWVhc3QtMSJHMEUCIBmOPHsantDkPC/hpl9eSVN/4QuqLOqTw3XyInd1mVf3AiEAtyigfNSPR9GiZR0QKXUWgBaYDTq0K9KvCdKAKqS8klgq1QQIl/////// [TRUNCATED]
2022-12-11T23:07:49.980Z (b72c0da7-de72-4bdd-8fc4-c04986f37214) Endpoint request body after transformations: {
"id":  "5",
"City":  "Korsa",
"Model":  "c12a",
"Street":  "Korsveien 3",
"SN":  "MD729F871H",
"Output":  "22",
"PostCode": "19021"
}

2022-12-11T23:07:49.980Z (b72c0da7-de72-4bdd-8fc4-c04986f37214) Sending request to https://lambda.us-east-1.amazonaws.com/2015-03-31/functions/arn:aws:lambda:us-east-1:391035843039:function:ChargingNetworkPutLF/invocations
2022-12-11T23:07:49.992Z (b72c0da7-de72-4bdd-8fc4-c04986f37214) Received response. Status: 200, Integration latency: 12 ms
2022-12-11T23:07:49.992Z (b72c0da7-de72-4bdd-8fc4-c04986f37214) Endpoint response headers: {Date=Sun, 11 Dec 2022 23:07:49 GMT, Content-Type=application/json, Content-Length=104, Connection=keep-alive, x-amzn-RequestId=00adc1eb-f747-4251-8eb7-a5494d4b5fc0, x-amzn-Remapped-Content-Length=0, X-Amz-Executed-Version=$LATEST, X-Amzn-Trace-Id=root=1-639662c5-09fb07c603fd04801db67a7c;sampled=0}
2022-12-11T23:07:49.992Z (b72c0da7-de72-4bdd-8fc4-c04986f37214) Endpoint response body before transformations: {"statusCode": 200, "body": "\"\\\"errorMessage\\\": \\\"One or more parameter values are not valid!\""}
2022-12-11T23:07:49.992Z (b72c0da7-de72-4bdd-8fc4-c04986f37214) Method response body after transformations: {"statusCode": 200, "body": "\"\\\"errorMessage\\\": \\\"One or more parameter values are not valid!\""}
2022-12-11T23:07:49.992Z (b72c0da7-de72-4bdd-8fc4-c04986f37214) Method response headers: {X-Amzn-Trace-Id=Root=1-639662c5-09fb07c603fd04801db67a7c;Sampled=0, Content-Type=application/json}
2022-12-11T23:07:49.992Z (b72c0da7-de72-4bdd-8fc4-c04986f37214) Successfully completed execution
2022-12-11T23:07:49.992Z (b72c0da7-de72-4bdd-8fc4-c04986f37214) Method completed with status: 200
2022-12-11T23:07:49.992Z (b72c0da7-de72-4bdd-8fc4-c04986f37214) AWS Integration Endpoint RequestId : 00adc1eb-f747-4251-8eb7-a5494d4b5fc0
