2022-12-11T23:08:00.218Z (ad2c1120-ba6e-4d82-96e0-b8fe584ba608) Extended Request Id: dARgkHtpoAMF2Qg=
2022-12-11T23:08:00.218Z (ad2c1120-ba6e-4d82-96e0-b8fe584ba608) Verifying Usage Plan for request: ad2c1120-ba6e-4d82-96e0-b8fe584ba608. API Key:  API Stage: h6da3w6ume/production
2022-12-11T23:08:00.219Z (ad2c1120-ba6e-4d82-96e0-b8fe584ba608) API Key  authorized because method 'PUT /chargers' does not require API Key. Request will not contribute to throttle or quota limits
2022-12-11T23:08:00.219Z (ad2c1120-ba6e-4d82-96e0-b8fe584ba608) Usage Plan check succeeded for API Key  and API Stage h6da3w6ume/production
2022-12-11T23:08:00.219Z (ad2c1120-ba6e-4d82-96e0-b8fe584ba608) Starting execution for request: ad2c1120-ba6e-4d82-96e0-b8fe584ba608
2022-12-11T23:08:00.219Z (ad2c1120-ba6e-4d82-96e0-b8fe584ba608) HTTP Method: PUT, Resource Path: /chargers/
2022-12-11T23:08:00.219Z (ad2c1120-ba6e-4d82-96e0-b8fe584ba608) Method request path: {}
2022-12-11T23:08:00.219Z (ad2c1120-ba6e-4d82-96e0-b8fe584ba608) Method request query string: {City=Vola, Model=c12bs, Output=48, PostCode=19024, SN=AD129F241L, Street=Kulturplass 62, id=22}
2022-12-11T23:08:00.219Z (ad2c1120-ba6e-4d82-96e0-b8fe584ba608) Method request headers: {Accept=*/*, User-Agent=python-requests/2.22.0, X-Forwarded-Proto=https, X-Forwarded-For=185.78.69.118, Host=api.elbrusgroup.net, Accept-Encoding=gzip, deflate, X-Forwarded-Port=443, X-Amzn-Trace-Id=Root=1-639662d0-56b035ce3308accd15f46420}
2022-12-11T23:08:00.219Z (ad2c1120-ba6e-4d82-96e0-b8fe584ba608) Method request body before transformations: 
2022-12-11T23:08:00.219Z (ad2c1120-ba6e-4d82-96e0-b8fe584ba608) Endpoint request URI: https://lambda.us-east-1.amazonaws.com/2015-03-31/functions/arn:aws:lambda:us-east-1:391035843039:function:ChargingNetworkPutLF/invocations
2022-12-11T23:08:00.219Z (ad2c1120-ba6e-4d82-96e0-b8fe584ba608) Endpoint request headers: {X-Amz-Date=20221211T230800Z, x-amzn-apigateway-api-id=h6da3w6ume, Accept=application/json, User-Agent=AmazonAPIGateway_h6da3w6ume, Host=lambda.us-east-1.amazonaws.com, X-Amz-Content-Sha256=42ad18c760829b5bb2d4064461d353a6e3d9325495628a9a0eb880caff020c11, X-Amzn-Trace-Id=Root=1-639662d0-56b035ce3308accd15f46420, x-amzn-lambda-integration-tag=ad2c1120-ba6e-4d82-96e0-b8fe584ba608, Authorization=*********************************************************************************************************************************************************************************************************************************************************************************************************************************************f0b24e, X-Amz-Source-Arn=arn:aws:execute-api:us-east-1:391035843039:h6da3w6ume/production/PUT/chargers, X-Amz-Security-Token=IQoJb3JpZ2luX2VjEG4aCXVzLWVhc3QtMSJHMEUCIQD/f5IEPCKvW+/YDZdsjIOM9iuL1YgnoFWJRPDLGwQHmAIgKP8CuwrJzePy9c448wHMgNW4ql7S145RDWSkTl5IVV8q1QQIl/////// [TRUNCATED]
2022-12-11T23:08:00.219Z (ad2c1120-ba6e-4d82-96e0-b8fe584ba608) Endpoint request body after transformations: {
"id":  "22",
"City":  "Vola",
"Model":  "c12bs",
"Street":  "Kulturplass 62",
"SN":  "AD129F241L",
"Output":  "48",
"PostCode": "19024"
}

2022-12-11T23:08:00.219Z (ad2c1120-ba6e-4d82-96e0-b8fe584ba608) Sending request to https://lambda.us-east-1.amazonaws.com/2015-03-31/functions/arn:aws:lambda:us-east-1:391035843039:function:ChargingNetworkPutLF/invocations
2022-12-11T23:08:00.232Z (ad2c1120-ba6e-4d82-96e0-b8fe584ba608) Received response. Status: 200, Integration latency: 13 ms
2022-12-11T23:08:00.232Z (ad2c1120-ba6e-4d82-96e0-b8fe584ba608) Endpoint response headers: {Date=Sun, 11 Dec 2022 23:08:00 GMT, Content-Type=application/json, Content-Length=104, Connection=keep-alive, x-amzn-RequestId=b9b41368-1910-42e6-8911-2d3b50a07c4e, x-amzn-Remapped-Content-Length=0, X-Amz-Executed-Version=$LATEST, X-Amzn-Trace-Id=root=1-639662d0-56b035ce3308accd15f46420;sampled=0}
2022-12-11T23:08:00.232Z (ad2c1120-ba6e-4d82-96e0-b8fe584ba608) Endpoint response body before transformations: {"statusCode": 200, "body": "\"\\\"errorMessage\\\": \\\"One or more parameter values are not valid!\""}
2022-12-11T23:08:00.232Z (ad2c1120-ba6e-4d82-96e0-b8fe584ba608) Method response body after transformations: {"statusCode": 200, "body": "\"\\\"errorMessage\\\": \\\"One or more parameter values are not valid!\""}
2022-12-11T23:08:00.232Z (ad2c1120-ba6e-4d82-96e0-b8fe584ba608) Method response headers: {X-Amzn-Trace-Id=Root=1-639662d0-56b035ce3308accd15f46420;Sampled=0, Content-Type=application/json}
2022-12-11T23:08:00.232Z (ad2c1120-ba6e-4d82-96e0-b8fe584ba608) Successfully completed execution
2022-12-11T23:08:00.232Z (ad2c1120-ba6e-4d82-96e0-b8fe584ba608) Method completed with status: 200
2022-12-11T23:08:00.232Z (ad2c1120-ba6e-4d82-96e0-b8fe584ba608) AWS Integration Endpoint RequestId : b9b41368-1910-42e6-8911-2d3b50a07c4e
