2022-12-01T13:55:15.092Z (be1ea390-8862-4499-8d32-ea74e3e923e4) Extended Request Id: ceDKgGnAIAMFeRw=
2022-12-01T13:55:15.092Z (be1ea390-8862-4499-8d32-ea74e3e923e4) Verifying Usage Plan for request: be1ea390-8862-4499-8d32-ea74e3e923e4. API Key:  API Stage: h6da3w6ume/production
2022-12-01T13:55:15.094Z (be1ea390-8862-4499-8d32-ea74e3e923e4) API Key  authorized because method 'PUT /chargers' does not require API Key. Request will not contribute to throttle or quota limits
2022-12-01T13:55:15.094Z (be1ea390-8862-4499-8d32-ea74e3e923e4) Usage Plan check succeeded for API Key  and API Stage h6da3w6ume/production
2022-12-01T13:55:15.094Z (be1ea390-8862-4499-8d32-ea74e3e923e4) Starting execution for request: be1ea390-8862-4499-8d32-ea74e3e923e4
2022-12-01T13:55:15.094Z (be1ea390-8862-4499-8d32-ea74e3e923e4) HTTP Method: PUT, Resource Path: /chargers
2022-12-01T13:55:15.094Z (be1ea390-8862-4499-8d32-ea74e3e923e4) Method request path: {}
2022-12-01T13:55:15.094Z (be1ea390-8862-4499-8d32-ea74e3e923e4) Method request query string: {City=Vola, Model=c12b, Output=50, PostCode=19024, SN=MD129F547A, Street=Smievegen 16, id=14}
2022-12-01T13:55:15.094Z (be1ea390-8862-4499-8d32-ea74e3e923e4) Method request headers: {Accept=*/*, User-Agent=python-requests/2.22.0, X-Forwarded-Proto=https, X-Forwarded-For=195.159.241.26, Host=api.elbrusgroup.net, Accept-Encoding=gzip, deflate, X-Forwarded-Port=443, X-Amzn-Trace-Id=Root=1-6388b243-0eef45555128afac267aea33}
2022-12-01T13:55:15.094Z (be1ea390-8862-4499-8d32-ea74e3e923e4) Method request body before transformations: 
2022-12-01T13:55:15.095Z (be1ea390-8862-4499-8d32-ea74e3e923e4) Endpoint request URI: https://lambda.us-east-1.amazonaws.com/2015-03-31/functions/arn:aws:lambda:us-east-1:391035843039:function:ChargingNetworkPutLF/invocations
2022-12-01T13:55:15.095Z (be1ea390-8862-4499-8d32-ea74e3e923e4) Endpoint request headers: {X-Amz-Date=20221201T135515Z, x-amzn-apigateway-api-id=h6da3w6ume, Accept=application/json, User-Agent=AmazonAPIGateway_h6da3w6ume, Host=lambda.us-east-1.amazonaws.com, X-Amz-Content-Sha256=a28ea0fdee93850fe5c3aec5d3665d0424ea194917e9371ae818e5c96bd3fa83, X-Amzn-Trace-Id=Root=1-6388b243-0eef45555128afac267aea33, x-amzn-lambda-integration-tag=be1ea390-8862-4499-8d32-ea74e3e923e4, Authorization=*********************************************************************************************************************************************************************************************************************************************************************************************************************************************0a9c9f, X-Amz-Source-Arn=arn:aws:execute-api:us-east-1:391035843039:h6da3w6ume/production/PUT/chargers, X-Amz-Security-Token=IQoJb3JpZ2luX2VjEHUaCXVzLWVhc3QtMSJGMEQCIHpaqpoOeuj9dsrP5uJ5ez8O/3y74ocY9mag0gxVHRIJAiBRfXaNJJuiTjCdSmKhNKnImue4oCn5/f8pAT6mc6pVKirVBAiO//////// [TRUNCATED]
2022-12-01T13:55:15.095Z (be1ea390-8862-4499-8d32-ea74e3e923e4) Endpoint request body after transformations: {
"id":  "14",
"City":  "Vola",
"Model":  "c12b",
"Street":  "Smievegen 16",
"SN":  "MD129F547A",
"Output":  "50",
"PostCode": "19024"
}

2022-12-01T13:55:15.095Z (be1ea390-8862-4499-8d32-ea74e3e923e4) Sending request to https://lambda.us-east-1.amazonaws.com/2015-03-31/functions/arn:aws:lambda:us-east-1:391035843039:function:ChargingNetworkPutLF/invocations
2022-12-01T13:55:15.110Z (be1ea390-8862-4499-8d32-ea74e3e923e4) Received response. Status: 200, Integration latency: 15 ms
2022-12-01T13:55:15.110Z (be1ea390-8862-4499-8d32-ea74e3e923e4) Endpoint response headers: {Date=Thu, 01 Dec 2022 13:55:15 GMT, Content-Type=application/json, Content-Length=104, Connection=keep-alive, x-amzn-RequestId=e9fccc56-12fa-4316-bb0e-2737f69a6d52, x-amzn-Remapped-Content-Length=0, X-Amz-Executed-Version=$LATEST, X-Amzn-Trace-Id=root=1-6388b243-0eef45555128afac267aea33;sampled=0}
2022-12-01T13:55:15.110Z (be1ea390-8862-4499-8d32-ea74e3e923e4) Endpoint response body before transformations: {"statusCode": 200, "body": "\"\\\"errorMessage\\\": \\\"One or more parameter values are not valid!\""}
2022-12-01T13:55:15.110Z (be1ea390-8862-4499-8d32-ea74e3e923e4) Method response body after transformations: {"statusCode": 200, "body": "\"\\\"errorMessage\\\": \\\"One or more parameter values are not valid!\""}
2022-12-01T13:55:15.110Z (be1ea390-8862-4499-8d32-ea74e3e923e4) Method response headers: {X-Amzn-Trace-Id=Root=1-6388b243-0eef45555128afac267aea33;Sampled=0, Content-Type=application/json}
2022-12-01T13:55:15.110Z (be1ea390-8862-4499-8d32-ea74e3e923e4) Successfully completed execution
2022-12-01T13:55:15.110Z (be1ea390-8862-4499-8d32-ea74e3e923e4) Method completed with status: 200
2022-12-01T13:55:15.110Z (be1ea390-8862-4499-8d32-ea74e3e923e4) AWS Integration Endpoint RequestId : e9fccc56-12fa-4316-bb0e-2737f69a6d52
