2022-11-28T21:49:57.476Z (128d1193-2031-4610-aa73-009f58c8373c) Extended Request Id: cVP44GdyIAMF9gA=
2022-11-28T21:49:57.476Z (128d1193-2031-4610-aa73-009f58c8373c) Verifying Usage Plan for request: 128d1193-2031-4610-aa73-009f58c8373c. API Key:  API Stage: h6da3w6ume/production
2022-11-28T21:49:57.478Z (128d1193-2031-4610-aa73-009f58c8373c) API Key  authorized because method 'PUT /chargers' does not require API Key. Request will not contribute to throttle or quota limits
2022-11-28T21:49:57.478Z (128d1193-2031-4610-aa73-009f58c8373c) Usage Plan check succeeded for API Key  and API Stage h6da3w6ume/production
2022-11-28T21:49:57.479Z (128d1193-2031-4610-aa73-009f58c8373c) Starting execution for request: 128d1193-2031-4610-aa73-009f58c8373c
2022-11-28T21:49:57.479Z (128d1193-2031-4610-aa73-009f58c8373c) HTTP Method: PUT, Resource Path: /chargers
2022-11-28T21:49:57.479Z (128d1193-2031-4610-aa73-009f58c8373c) Method request path: {}
2022-11-28T21:49:57.479Z (128d1193-2031-4610-aa73-009f58c8373c) Method request query string: {City=Korsa, Model=c12a, Output=22, PostCode=19021, SN=MD139F647H, Street=Korsveien 3, id=4}
2022-11-28T21:49:57.479Z (128d1193-2031-4610-aa73-009f58c8373c) Method request headers: {Accept=*/*, User-Agent=python-requests/2.22.0, X-Forwarded-Proto=https, X-Forwarded-For=185.78.69.118, Host=api.elbrusgroup.net, Accept-Encoding=gzip, deflate, X-Forwarded-Port=443, X-Amzn-Trace-Id=Root=1-63852d05-53c37a50487d2b8d7b469b72}
2022-11-28T21:49:57.479Z (128d1193-2031-4610-aa73-009f58c8373c) Method request body before transformations: 
2022-11-28T21:49:57.479Z (128d1193-2031-4610-aa73-009f58c8373c) Endpoint request URI: https://lambda.us-east-1.amazonaws.com/2015-03-31/functions/arn:aws:lambda:us-east-1:391035843039:function:ChargingNetworkPutLF/invocations
2022-11-28T21:49:57.479Z (128d1193-2031-4610-aa73-009f58c8373c) Endpoint request headers: {X-Amz-Date=20221128T214957Z, x-amzn-apigateway-api-id=h6da3w6ume, Accept=application/json, User-Agent=AmazonAPIGateway_h6da3w6ume, Host=lambda.us-east-1.amazonaws.com, X-Amz-Content-Sha256=03961605d00032d57a06222f2b4240f7e1e2be587f8f9027fc8e28a50da10230, X-Amzn-Trace-Id=Root=1-63852d05-53c37a50487d2b8d7b469b72, x-amzn-lambda-integration-tag=128d1193-2031-4610-aa73-009f58c8373c, Authorization=*********************************************************************************************************************************************************************************************************************************************************************************************************************************************ed8e1c, X-Amz-Source-Arn=arn:aws:execute-api:us-east-1:391035843039:h6da3w6ume/production/PUT/chargers, X-Amz-Security-Token=IQoJb3JpZ2luX2VjEDUaCXVzLWVhc3QtMSJGMEQCIFxbSYUshicc+TD0FCa4W1CjSsWX0Uv770kJBvsKrGtjAiALWvik5UgadbPcWM+3FCzvg5ct2rVQVQ8tQ6nPh8K0lSrMBAhNEAAaDDM5 [TRUNCATED]
2022-11-28T21:49:57.479Z (128d1193-2031-4610-aa73-009f58c8373c) Endpoint request body after transformations: {
"id":  "4",
"City":  "Korsa",
"Model":  "c12a",
"Street":  "Korsveien 3",
"SN":  "MD139F647H",
"Output":  "22",
"PostCode": "19021"
}

2022-11-28T21:49:57.479Z (128d1193-2031-4610-aa73-009f58c8373c) Sending request to https://lambda.us-east-1.amazonaws.com/2015-03-31/functions/arn:aws:lambda:us-east-1:391035843039:function:ChargingNetworkPutLF/invocations
2022-11-28T21:49:57.494Z (128d1193-2031-4610-aa73-009f58c8373c) Received response. Status: 200, Integration latency: 15 ms
2022-11-28T21:49:57.494Z (128d1193-2031-4610-aa73-009f58c8373c) Endpoint response headers: {Date=Mon, 28 Nov 2022 21:49:57 GMT, Content-Type=application/json, Content-Length=104, Connection=keep-alive, x-amzn-RequestId=7c1bd8d6-3574-4061-a9c8-31ee25bca11d, x-amzn-Remapped-Content-Length=0, X-Amz-Executed-Version=$LATEST, X-Amzn-Trace-Id=root=1-63852d05-53c37a50487d2b8d7b469b72;sampled=0}
2022-11-28T21:49:57.494Z (128d1193-2031-4610-aa73-009f58c8373c) Endpoint response body before transformations: {"statusCode": 200, "body": "\"\\\"errorMessage\\\": \\\"One or more parameter values are not valid!\""}
2022-11-28T21:49:57.494Z (128d1193-2031-4610-aa73-009f58c8373c) Method response body after transformations: {"statusCode": 200, "body": "\"\\\"errorMessage\\\": \\\"One or more parameter values are not valid!\""}
2022-11-28T21:49:57.494Z (128d1193-2031-4610-aa73-009f58c8373c) Method response headers: {X-Amzn-Trace-Id=Root=1-63852d05-53c37a50487d2b8d7b469b72;Sampled=0, Content-Type=application/json}
2022-11-28T21:49:57.494Z (128d1193-2031-4610-aa73-009f58c8373c) Successfully completed execution
2022-11-28T21:49:57.494Z (128d1193-2031-4610-aa73-009f58c8373c) Method completed with status: 200
2022-11-28T21:49:57.494Z (128d1193-2031-4610-aa73-009f58c8373c) AWS Integration Endpoint RequestId : 7c1bd8d6-3574-4061-a9c8-31ee25bca11d
