2022-11-28T21:49:16.292Z (71991cb2-507c-49f9-84de-812dac489fa1) Extended Request Id: cVPycGpWIAMFk-Q=
2022-11-28T21:49:16.293Z (71991cb2-507c-49f9-84de-812dac489fa1) Verifying Usage Plan for request: 71991cb2-507c-49f9-84de-812dac489fa1. API Key:  API Stage: h6da3w6ume/production
2022-11-28T21:49:16.293Z (71991cb2-507c-49f9-84de-812dac489fa1) API Key  authorized because method 'GET /chargers' does not require API Key. Request will not contribute to throttle or quota limits
2022-11-28T21:49:16.293Z (71991cb2-507c-49f9-84de-812dac489fa1) Usage Plan check succeeded for API Key  and API Stage h6da3w6ume/production
2022-11-28T21:49:16.293Z (71991cb2-507c-49f9-84de-812dac489fa1) Starting execution for request: 71991cb2-507c-49f9-84de-812dac489fa1
2022-11-28T21:49:16.293Z (71991cb2-507c-49f9-84de-812dac489fa1) HTTP Method: GET, Resource Path: /chargers/
2022-11-28T21:49:16.293Z (71991cb2-507c-49f9-84de-812dac489fa1) Method request path: {}
2022-11-28T21:49:16.293Z (71991cb2-507c-49f9-84de-812dac489fa1) Method request query string: {id=1}
2022-11-28T21:49:16.293Z (71991cb2-507c-49f9-84de-812dac489fa1) Method request headers: {sec-fetch-mode=navigate, sec-fetch-site=none, accept-language=en-US,en;q=0.5, User-Agent=Mozilla/5.0 (X11; Ubuntu; Linux x86_64; rv:107.0) Gecko/20100101 Firefox/107.0, X-Forwarded-Proto=https, Host=api.elbrusgroup.net, sec-fetch-user=?1, X-Forwarded-Port=443, X-Amzn-Trace-Id=Root=1-63852cdc-74137f4378c81c836516534f, accept=text/html,application/xhtml+xml,application/xml;q=0.9,image/avif,image/webp,*/*;q=0.8, upgrade-insecure-requests=1, X-Forwarded-For=185.78.69.118, accept-encoding=gzip, deflate, br, sec-fetch-dest=document}
2022-11-28T21:49:16.293Z (71991cb2-507c-49f9-84de-812dac489fa1) Method request body before transformations: 
2022-11-28T21:49:16.294Z (71991cb2-507c-49f9-84de-812dac489fa1) Endpoint request URI: https://lambda.us-east-1.amazonaws.com/2015-03-31/functions/arn:aws:lambda:us-east-1:391035843039:function:ChargingNetworkGetLF/invocations
2022-11-28T21:49:16.294Z (71991cb2-507c-49f9-84de-812dac489fa1) Endpoint request headers: {X-Amz-Date=20221128T214916Z, x-amzn-apigateway-api-id=h6da3w6ume, Accept=application/json, User-Agent=AmazonAPIGateway_h6da3w6ume, Host=lambda.us-east-1.amazonaws.com, X-Amz-Content-Sha256=9f6ff083bcc20d419bdcb7ba1d2f05d7fb69ec38d7394a16b8d5798cc22236f8, X-Amzn-Trace-Id=Root=1-63852cdc-74137f4378c81c836516534f, x-amzn-lambda-integration-tag=71991cb2-507c-49f9-84de-812dac489fa1, Authorization=*********************************************************************************************************************************************************************************************************************************************************************************************************************************************2e571a, X-Amz-Source-Arn=arn:aws:execute-api:us-east-1:391035843039:h6da3w6ume/production/GET/chargers, X-Amz-Security-Token=IQoJb3JpZ2luX2VjEDYaCXVzLWVhc3QtMSJHMEUCIELBaP0ORqXl0oH55krwktQeKjbBeimorV2kHvi324FdAiEAveyGWwYkwJHOjsWn+nf2ZVJzd/8poLBNC27xWiucSDoqzQQITxAAGgwz [TRUNCATED]
2022-11-28T21:49:16.294Z (71991cb2-507c-49f9-84de-812dac489fa1) Endpoint request body after transformations: {
  "id":  "1"
}
2022-11-28T21:49:16.294Z (71991cb2-507c-49f9-84de-812dac489fa1) Sending request to https://lambda.us-east-1.amazonaws.com/2015-03-31/functions/arn:aws:lambda:us-east-1:391035843039:function:ChargingNetworkGetLF/invocations
2022-11-28T21:49:16.309Z (71991cb2-507c-49f9-84de-812dac489fa1) Received response. Status: 200, Integration latency: 15 ms
2022-11-28T21:49:16.309Z (71991cb2-507c-49f9-84de-812dac489fa1) Endpoint response headers: {Date=Mon, 28 Nov 2022 21:49:16 GMT, Content-Type=application/json, Content-Length=104, Connection=keep-alive, x-amzn-RequestId=887c0b30-0711-448b-a80f-73cedf10b116, x-amzn-Remapped-Content-Length=0, X-Amz-Executed-Version=$LATEST, X-Amzn-Trace-Id=root=1-63852cdc-74137f4378c81c836516534f;sampled=0}
2022-11-28T21:49:16.309Z (71991cb2-507c-49f9-84de-812dac489fa1) Endpoint response body before transformations: {"statusCode": 200, "body": "\"\\\"errorMessage\\\": \\\"One or more parameter values are not valid!\""}
2022-11-28T21:49:16.309Z (71991cb2-507c-49f9-84de-812dac489fa1) Method response body after transformations: {"statusCode": 200, "body": "\"\\\"errorMessage\\\": \\\"One or more parameter values are not valid!\""}
2022-11-28T21:49:16.309Z (71991cb2-507c-49f9-84de-812dac489fa1) Method response headers: {X-Amzn-Trace-Id=Root=1-63852cdc-74137f4378c81c836516534f;Sampled=0, Content-Type=application/json}
2022-11-28T21:49:16.309Z (71991cb2-507c-49f9-84de-812dac489fa1) Successfully completed execution
2022-11-28T21:49:16.309Z (71991cb2-507c-49f9-84de-812dac489fa1) Method completed with status: 200
2022-11-28T21:49:16.309Z (71991cb2-507c-49f9-84de-812dac489fa1) AWS Integration Endpoint RequestId : 887c0b30-0711-448b-a80f-73cedf10b116
