2022-11-28T21:50:35.897Z (9aa3fcfa-2a71-4e7b-a840-0382861899a6) Extended Request Id: cVP-4Gf8oAMF3Gg=
2022-11-28T21:50:35.898Z (9aa3fcfa-2a71-4e7b-a840-0382861899a6) Verifying Usage Plan for request: 9aa3fcfa-2a71-4e7b-a840-0382861899a6. API Key:  API Stage: h6da3w6ume/production
2022-11-28T21:50:35.899Z (9aa3fcfa-2a71-4e7b-a840-0382861899a6) API Key  authorized because method 'GET /chargers' does not require API Key. Request will not contribute to throttle or quota limits
2022-11-28T21:50:35.899Z (9aa3fcfa-2a71-4e7b-a840-0382861899a6) Usage Plan check succeeded for API Key  and API Stage h6da3w6ume/production
2022-11-28T21:50:35.899Z (9aa3fcfa-2a71-4e7b-a840-0382861899a6) Starting execution for request: 9aa3fcfa-2a71-4e7b-a840-0382861899a6
2022-11-28T21:50:35.899Z (9aa3fcfa-2a71-4e7b-a840-0382861899a6) HTTP Method: GET, Resource Path: /chargers
2022-11-28T21:50:35.899Z (9aa3fcfa-2a71-4e7b-a840-0382861899a6) Method request path: {}
2022-11-28T21:50:35.899Z (9aa3fcfa-2a71-4e7b-a840-0382861899a6) Method request query string: {id=1}
2022-11-28T21:50:35.899Z (9aa3fcfa-2a71-4e7b-a840-0382861899a6) Method request headers: {Accept=*/*, User-Agent=python-requests/2.22.0, X-Forwarded-Proto=https, X-Forwarded-For=185.78.69.118, Host=api.elbrusgroup.net, Accept-Encoding=gzip, deflate, X-Forwarded-Port=443, X-Amzn-Trace-Id=Root=1-63852d2b-2e2922570fb026dd4f10426c}
2022-11-28T21:50:35.899Z (9aa3fcfa-2a71-4e7b-a840-0382861899a6) Method request body before transformations: 
2022-11-28T21:50:35.899Z (9aa3fcfa-2a71-4e7b-a840-0382861899a6) Endpoint request URI: https://lambda.us-east-1.amazonaws.com/2015-03-31/functions/arn:aws:lambda:us-east-1:391035843039:function:ChargingNetworkGetLF/invocations
2022-11-28T21:50:35.899Z (9aa3fcfa-2a71-4e7b-a840-0382861899a6) Endpoint request headers: {X-Amz-Date=20221128T215035Z, x-amzn-apigateway-api-id=h6da3w6ume, Accept=application/json, User-Agent=AmazonAPIGateway_h6da3w6ume, Host=lambda.us-east-1.amazonaws.com, X-Amz-Content-Sha256=9f6ff083bcc20d419bdcb7ba1d2f05d7fb69ec38d7394a16b8d5798cc22236f8, X-Amzn-Trace-Id=Root=1-63852d2b-2e2922570fb026dd4f10426c, x-amzn-lambda-integration-tag=9aa3fcfa-2a71-4e7b-a840-0382861899a6, Authorization=*********************************************************************************************************************************************************************************************************************************************************************************************************************************************39c338, X-Amz-Source-Arn=arn:aws:execute-api:us-east-1:391035843039:h6da3w6ume/production/GET/chargers, X-Amz-Security-Token=IQoJb3JpZ2luX2VjEDYaCXVzLWVhc3QtMSJGMEQCICJOytaCZTaebqUyWLYpMoo3fKUaSffevVLVDTXgE+uPAiB2bI7WAJfro8HbqbH4JDRSqWzPk1vIDqwuJ+CRiEJ8JSrMBAhOEAAaDDM5 [TRUNCATED]
2022-11-28T21:50:35.899Z (9aa3fcfa-2a71-4e7b-a840-0382861899a6) Endpoint request body after transformations: {
  "id":  "1"
}
2022-11-28T21:50:35.899Z (9aa3fcfa-2a71-4e7b-a840-0382861899a6) Sending request to https://lambda.us-east-1.amazonaws.com/2015-03-31/functions/arn:aws:lambda:us-east-1:391035843039:function:ChargingNetworkGetLF/invocations
2022-11-28T21:50:35.916Z (9aa3fcfa-2a71-4e7b-a840-0382861899a6) Received response. Status: 200, Integration latency: 17 ms
2022-11-28T21:50:35.916Z (9aa3fcfa-2a71-4e7b-a840-0382861899a6) Endpoint response headers: {Date=Mon, 28 Nov 2022 21:50:35 GMT, Content-Type=application/json, Content-Length=104, Connection=keep-alive, x-amzn-RequestId=61bceb37-a49b-4aac-8d84-426f68d1de79, x-amzn-Remapped-Content-Length=0, X-Amz-Executed-Version=$LATEST, X-Amzn-Trace-Id=root=1-63852d2b-2e2922570fb026dd4f10426c;sampled=0}
2022-11-28T21:50:35.916Z (9aa3fcfa-2a71-4e7b-a840-0382861899a6) Endpoint response body before transformations: {"statusCode": 200, "body": "\"\\\"errorMessage\\\": \\\"One or more parameter values are not valid!\""}
2022-11-28T21:50:35.916Z (9aa3fcfa-2a71-4e7b-a840-0382861899a6) Method response body after transformations: {"statusCode": 200, "body": "\"\\\"errorMessage\\\": \\\"One or more parameter values are not valid!\""}
2022-11-28T21:50:35.916Z (9aa3fcfa-2a71-4e7b-a840-0382861899a6) Method response headers: {X-Amzn-Trace-Id=Root=1-63852d2b-2e2922570fb026dd4f10426c;Sampled=0, Content-Type=application/json}
2022-11-28T21:50:35.916Z (9aa3fcfa-2a71-4e7b-a840-0382861899a6) Successfully completed execution
2022-11-28T21:50:35.916Z (9aa3fcfa-2a71-4e7b-a840-0382861899a6) Method completed with status: 200
2022-11-28T21:50:35.916Z (9aa3fcfa-2a71-4e7b-a840-0382861899a6) AWS Integration Endpoint RequestId : 61bceb37-a49b-4aac-8d84-426f68d1de79
