2022-12-11T23:07:51.216Z (4149ba47-8e6a-4ceb-9b49-f2ad62f618f8) Extended Request Id: dARfKEN3oAMFpxQ=
2022-12-11T23:07:51.216Z (4149ba47-8e6a-4ceb-9b49-f2ad62f618f8) Verifying Usage Plan for request: 4149ba47-8e6a-4ceb-9b49-f2ad62f618f8. API Key:  API Stage: h6da3w6ume/production
2022-12-11T23:07:51.217Z (4149ba47-8e6a-4ceb-9b49-f2ad62f618f8) API Key  authorized because method 'PUT /chargers' does not require API Key. Request will not contribute to throttle or quota limits
2022-12-11T23:07:51.217Z (4149ba47-8e6a-4ceb-9b49-f2ad62f618f8) Usage Plan check succeeded for API Key  and API Stage h6da3w6ume/production
2022-12-11T23:07:51.217Z (4149ba47-8e6a-4ceb-9b49-f2ad62f618f8) Starting execution for request: 4149ba47-8e6a-4ceb-9b49-f2ad62f618f8
2022-12-11T23:07:51.217Z (4149ba47-8e6a-4ceb-9b49-f2ad62f618f8) HTTP Method: PUT, Resource Path: /chargers/
2022-12-11T23:07:51.217Z (4149ba47-8e6a-4ceb-9b49-f2ad62f618f8) Method request path: {}
2022-12-11T23:07:51.217Z (4149ba47-8e6a-4ceb-9b49-f2ad62f618f8) Method request query string: {City=Korsa, Model=c12a, Output=22, PostCode=19021, SN=MD129X649H, Street=Korsveien 3, id=7}
2022-12-11T23:07:51.217Z (4149ba47-8e6a-4ceb-9b49-f2ad62f618f8) Method request headers: {Accept=*/*, User-Agent=python-requests/2.22.0, X-Forwarded-Proto=https, X-Forwarded-For=185.78.69.118, Host=api.elbrusgroup.net, Accept-Encoding=gzip, deflate, X-Forwarded-Port=443, X-Amzn-Trace-Id=Root=1-639662c7-4e5c39af0fd6716a5bbefc67}
2022-12-11T23:07:51.217Z (4149ba47-8e6a-4ceb-9b49-f2ad62f618f8) Method request body before transformations: 
2022-12-11T23:07:51.218Z (4149ba47-8e6a-4ceb-9b49-f2ad62f618f8) Endpoint request URI: https://lambda.us-east-1.amazonaws.com/2015-03-31/functions/arn:aws:lambda:us-east-1:391035843039:function:ChargingNetworkPutLF/invocations
2022-12-11T23:07:51.218Z (4149ba47-8e6a-4ceb-9b49-f2ad62f618f8) Endpoint request headers: {X-Amz-Date=20221211T230751Z, x-amzn-apigateway-api-id=h6da3w6ume, Accept=application/json, User-Agent=AmazonAPIGateway_h6da3w6ume, Host=lambda.us-east-1.amazonaws.com, X-Amz-Content-Sha256=56bf3e7a47a27f7002587c58c6d732d01fdbf27d8b735ac793414a51cdd3af3c, X-Amzn-Trace-Id=Root=1-639662c7-4e5c39af0fd6716a5bbefc67, x-amzn-lambda-integration-tag=4149ba47-8e6a-4ceb-9b49-f2ad62f618f8, Authorization=*********************************************************************************************************************************************************************************************************************************************************************************************************************************************3d4b9a, X-Amz-Source-Arn=arn:aws:execute-api:us-east-1:391035843039:h6da3w6ume/production/PUT/chargers, X-Amz-Security-Token=IQoJb3JpZ2luX2VjEG8aCXVzLWVhc3QtMSJIMEYCIQDi5hRuxr83LBDt3cpLT92qYultc8T3+xNSfnWj6vLt+AIhAKSTrOg4X4Cn5qIiVkKCnLhxhNuudAmffvf0zaXIzHwIKtYECJj///// [TRUNCATED]
2022-12-11T23:07:51.218Z (4149ba47-8e6a-4ceb-9b49-f2ad62f618f8) Endpoint request body after transformations: {
"id":  "7",
"City":  "Korsa",
"Model":  "c12a",
"Street":  "Korsveien 3",
"SN":  "MD129X649H",
"Output":  "22",
"PostCode": "19021"
}

2022-12-11T23:07:51.218Z (4149ba47-8e6a-4ceb-9b49-f2ad62f618f8) Sending request to https://lambda.us-east-1.amazonaws.com/2015-03-31/functions/arn:aws:lambda:us-east-1:391035843039:function:ChargingNetworkPutLF/invocations
2022-12-11T23:07:51.230Z (4149ba47-8e6a-4ceb-9b49-f2ad62f618f8) Received response. Status: 200, Integration latency: 12 ms
2022-12-11T23:07:51.230Z (4149ba47-8e6a-4ceb-9b49-f2ad62f618f8) Endpoint response headers: {Date=Sun, 11 Dec 2022 23:07:51 GMT, Content-Type=application/json, Content-Length=104, Connection=keep-alive, x-amzn-RequestId=e2043066-1662-4f0f-bd1d-bc2197dadb50, x-amzn-Remapped-Content-Length=0, X-Amz-Executed-Version=$LATEST, X-Amzn-Trace-Id=root=1-639662c7-4e5c39af0fd6716a5bbefc67;sampled=0}
2022-12-11T23:07:51.230Z (4149ba47-8e6a-4ceb-9b49-f2ad62f618f8) Endpoint response body before transformations: {"statusCode": 200, "body": "\"\\\"errorMessage\\\": \\\"One or more parameter values are not valid!\""}
2022-12-11T23:07:51.231Z (4149ba47-8e6a-4ceb-9b49-f2ad62f618f8) Method response body after transformations: {"statusCode": 200, "body": "\"\\\"errorMessage\\\": \\\"One or more parameter values are not valid!\""}
2022-12-11T23:07:51.231Z (4149ba47-8e6a-4ceb-9b49-f2ad62f618f8) Method response headers: {X-Amzn-Trace-Id=Root=1-639662c7-4e5c39af0fd6716a5bbefc67;Sampled=0, Content-Type=application/json}
2022-12-11T23:07:51.231Z (4149ba47-8e6a-4ceb-9b49-f2ad62f618f8) Successfully completed execution
2022-12-11T23:07:51.231Z (4149ba47-8e6a-4ceb-9b49-f2ad62f618f8) Method completed with status: 200
2022-12-11T23:07:51.231Z (4149ba47-8e6a-4ceb-9b49-f2ad62f618f8) AWS Integration Endpoint RequestId : e2043066-1662-4f0f-bd1d-bc2197dadb50
