2022-11-28T21:49:58.444Z (b7343ff9-5c20-40c4-a95d-bd6b9a273abc) Extended Request Id: cVP5CFtEoAMFV3w=
2022-11-28T21:49:58.444Z (b7343ff9-5c20-40c4-a95d-bd6b9a273abc) Verifying Usage Plan for request: b7343ff9-5c20-40c4-a95d-bd6b9a273abc. API Key:  API Stage: h6da3w6ume/production
2022-11-28T21:49:58.446Z (b7343ff9-5c20-40c4-a95d-bd6b9a273abc) API Key  authorized because method 'PUT /chargers' does not require API Key. Request will not contribute to throttle or quota limits
2022-11-28T21:49:58.446Z (b7343ff9-5c20-40c4-a95d-bd6b9a273abc) Usage Plan check succeeded for API Key  and API Stage h6da3w6ume/production
2022-11-28T21:49:58.446Z (b7343ff9-5c20-40c4-a95d-bd6b9a273abc) Starting execution for request: b7343ff9-5c20-40c4-a95d-bd6b9a273abc
2022-11-28T21:49:58.446Z (b7343ff9-5c20-40c4-a95d-bd6b9a273abc) HTTP Method: PUT, Resource Path: /chargers
2022-11-28T21:49:58.446Z (b7343ff9-5c20-40c4-a95d-bd6b9a273abc) Method request path: {}
2022-11-28T21:49:58.446Z (b7343ff9-5c20-40c4-a95d-bd6b9a273abc) Method request query string: {City=Korsa, Model=c12a, Output=22, PostCode=19021, SN=MD329F667H, Street=Korsveien 3, id=6}
2022-11-28T21:49:58.446Z (b7343ff9-5c20-40c4-a95d-bd6b9a273abc) Method request headers: {Accept=*/*, User-Agent=python-requests/2.22.0, X-Forwarded-Proto=https, X-Forwarded-For=185.78.69.118, Host=api.elbrusgroup.net, Accept-Encoding=gzip, deflate, X-Forwarded-Port=443, X-Amzn-Trace-Id=Root=1-63852d06-42b354f4785d8a6a4e87f12f}
2022-11-28T21:49:58.446Z (b7343ff9-5c20-40c4-a95d-bd6b9a273abc) Method request body before transformations: 
2022-11-28T21:49:58.446Z (b7343ff9-5c20-40c4-a95d-bd6b9a273abc) Endpoint request URI: https://lambda.us-east-1.amazonaws.com/2015-03-31/functions/arn:aws:lambda:us-east-1:391035843039:function:ChargingNetworkPutLF/invocations
2022-11-28T21:49:58.446Z (b7343ff9-5c20-40c4-a95d-bd6b9a273abc) Endpoint request headers: {X-Amz-Date=20221128T214958Z, x-amzn-apigateway-api-id=h6da3w6ume, Accept=application/json, User-Agent=AmazonAPIGateway_h6da3w6ume, Host=lambda.us-east-1.amazonaws.com, X-Amz-Content-Sha256=91d24654de2237204ca5effed0e0b8e6cac6a4a33ac6640245801750ea0931d2, X-Amzn-Trace-Id=Root=1-63852d06-42b354f4785d8a6a4e87f12f, x-amzn-lambda-integration-tag=b7343ff9-5c20-40c4-a95d-bd6b9a273abc, Authorization=*********************************************************************************************************************************************************************************************************************************************************************************************************************************************a382da, X-Amz-Source-Arn=arn:aws:execute-api:us-east-1:391035843039:h6da3w6ume/production/PUT/chargers, X-Amz-Security-Token=IQoJb3JpZ2luX2VjEDUaCXVzLWVhc3QtMSJHMEUCIQD36RLiC5Tu7fSOJGxm3ZWy02oXm5igyy91U7HPtnmAewIgQ/04tFqP7O2dobTy/C5VXBiFD31M8yIXx7+F5jm+nLMqzAQITRAAGgwz [TRUNCATED]
2022-11-28T21:49:58.446Z (b7343ff9-5c20-40c4-a95d-bd6b9a273abc) Endpoint request body after transformations: {
"id":  "6",
"City":  "Korsa",
"Model":  "c12a",
"Street":  "Korsveien 3",
"SN":  "MD329F667H",
"Output":  "22",
"PostCode": "19021"
}

2022-11-28T21:49:58.446Z (b7343ff9-5c20-40c4-a95d-bd6b9a273abc) Sending request to https://lambda.us-east-1.amazonaws.com/2015-03-31/functions/arn:aws:lambda:us-east-1:391035843039:function:ChargingNetworkPutLF/invocations
2022-11-28T21:49:58.460Z (b7343ff9-5c20-40c4-a95d-bd6b9a273abc) Received response. Status: 200, Integration latency: 14 ms
2022-11-28T21:49:58.460Z (b7343ff9-5c20-40c4-a95d-bd6b9a273abc) Endpoint response headers: {Date=Mon, 28 Nov 2022 21:49:58 GMT, Content-Type=application/json, Content-Length=104, Connection=keep-alive, x-amzn-RequestId=3d92c71f-2a18-4abd-aa42-c8a7eb526555, x-amzn-Remapped-Content-Length=0, X-Amz-Executed-Version=$LATEST, X-Amzn-Trace-Id=root=1-63852d06-42b354f4785d8a6a4e87f12f;sampled=0}
2022-11-28T21:49:58.460Z (b7343ff9-5c20-40c4-a95d-bd6b9a273abc) Endpoint response body before transformations: {"statusCode": 200, "body": "\"\\\"errorMessage\\\": \\\"One or more parameter values are not valid!\""}
2022-11-28T21:49:58.460Z (b7343ff9-5c20-40c4-a95d-bd6b9a273abc) Method response body after transformations: {"statusCode": 200, "body": "\"\\\"errorMessage\\\": \\\"One or more parameter values are not valid!\""}
2022-11-28T21:49:58.460Z (b7343ff9-5c20-40c4-a95d-bd6b9a273abc) Method response headers: {X-Amzn-Trace-Id=Root=1-63852d06-42b354f4785d8a6a4e87f12f;Sampled=0, Content-Type=application/json}
2022-11-28T21:49:58.460Z (b7343ff9-5c20-40c4-a95d-bd6b9a273abc) Successfully completed execution
2022-11-28T21:49:58.460Z (b7343ff9-5c20-40c4-a95d-bd6b9a273abc) Method completed with status: 200
2022-11-28T21:49:58.460Z (b7343ff9-5c20-40c4-a95d-bd6b9a273abc) AWS Integration Endpoint RequestId : 3d92c71f-2a18-4abd-aa42-c8a7eb526555
