2022-11-28T21:49:55.655Z (bd8a15cf-356b-41bd-8c36-9dc8c5a8394e) Extended Request Id: cVP4mHXDIAMFqHA=
2022-11-28T21:49:55.655Z (bd8a15cf-356b-41bd-8c36-9dc8c5a8394e) Verifying Usage Plan for request: bd8a15cf-356b-41bd-8c36-9dc8c5a8394e. API Key:  API Stage: h6da3w6ume/production
2022-11-28T21:49:55.656Z (bd8a15cf-356b-41bd-8c36-9dc8c5a8394e) API Key  authorized because method 'PUT /chargers' does not require API Key. Request will not contribute to throttle or quota limits
2022-11-28T21:49:55.656Z (bd8a15cf-356b-41bd-8c36-9dc8c5a8394e) Usage Plan check succeeded for API Key  and API Stage h6da3w6ume/production
2022-11-28T21:49:55.656Z (bd8a15cf-356b-41bd-8c36-9dc8c5a8394e) Starting execution for request: bd8a15cf-356b-41bd-8c36-9dc8c5a8394e
2022-11-28T21:49:55.656Z (bd8a15cf-356b-41bd-8c36-9dc8c5a8394e) HTTP Method: PUT, Resource Path: /chargers
2022-11-28T21:49:55.656Z (bd8a15cf-356b-41bd-8c36-9dc8c5a8394e) Method request path: {}
2022-11-28T21:49:55.656Z (bd8a15cf-356b-41bd-8c36-9dc8c5a8394e) Method request query string: {City=Korsa, Model=c12a, Output=22, PostCode=19021, SN=MD129F643H, Street=Korsveien 3, id=1}
2022-11-28T21:49:55.656Z (bd8a15cf-356b-41bd-8c36-9dc8c5a8394e) Method request headers: {Accept=*/*, User-Agent=python-requests/2.22.0, X-Forwarded-Proto=https, X-Forwarded-For=185.78.69.118, Host=api.elbrusgroup.net, Accept-Encoding=gzip, deflate, X-Forwarded-Port=443, X-Amzn-Trace-Id=Root=1-63852d03-3edd5a2f1806480b6a7db18a}
2022-11-28T21:49:55.656Z (bd8a15cf-356b-41bd-8c36-9dc8c5a8394e) Method request body before transformations: 
2022-11-28T21:49:55.657Z (bd8a15cf-356b-41bd-8c36-9dc8c5a8394e) Endpoint request URI: https://lambda.us-east-1.amazonaws.com/2015-03-31/functions/arn:aws:lambda:us-east-1:391035843039:function:ChargingNetworkPutLF/invocations
2022-11-28T21:49:55.657Z (bd8a15cf-356b-41bd-8c36-9dc8c5a8394e) Endpoint request headers: {X-Amz-Date=20221128T214955Z, x-amzn-apigateway-api-id=h6da3w6ume, Accept=application/json, User-Agent=AmazonAPIGateway_h6da3w6ume, Host=lambda.us-east-1.amazonaws.com, X-Amz-Content-Sha256=75492035b5091b53354f46b28fbc6e790db8bf8f8cc244599b3248dcfb6b1ffd, X-Amzn-Trace-Id=Root=1-63852d03-3edd5a2f1806480b6a7db18a, x-amzn-lambda-integration-tag=bd8a15cf-356b-41bd-8c36-9dc8c5a8394e, Authorization=*********************************************************************************************************************************************************************************************************************************************************************************************************************************************465882, X-Amz-Source-Arn=arn:aws:execute-api:us-east-1:391035843039:h6da3w6ume/production/PUT/chargers, X-Amz-Security-Token=IQoJb3JpZ2luX2VjEDUaCXVzLWVhc3QtMSJHMEUCICrLcM/ZxVPb38iFm6KEp1fT+zGejtW4Sw/z7AYMnMKbAiEAmXtxGy2ENWzZGvyn1q/3Rxc6uvc24pP+0NZQQYDZcwUqzQQIThAAGgwz [TRUNCATED]
2022-11-28T21:49:55.657Z (bd8a15cf-356b-41bd-8c36-9dc8c5a8394e) Endpoint request body after transformations: {
"id":  "1",
"City":  "Korsa",
"Model":  "c12a",
"Street":  "Korsveien 3",
"SN":  "MD129F643H",
"Output":  "22",
"PostCode": "19021"
}

2022-11-28T21:49:55.657Z (bd8a15cf-356b-41bd-8c36-9dc8c5a8394e) Sending request to https://lambda.us-east-1.amazonaws.com/2015-03-31/functions/arn:aws:lambda:us-east-1:391035843039:function:ChargingNetworkPutLF/invocations
2022-11-28T21:49:55.887Z (bd8a15cf-356b-41bd-8c36-9dc8c5a8394e) Received response. Status: 200, Integration latency: 230 ms
2022-11-28T21:49:55.887Z (bd8a15cf-356b-41bd-8c36-9dc8c5a8394e) Endpoint response headers: {Date=Mon, 28 Nov 2022 21:49:55 GMT, Content-Type=application/json, Content-Length=104, Connection=keep-alive, x-amzn-RequestId=c3e049fe-78b7-4832-9624-d02e64bc3aa0, x-amzn-Remapped-Content-Length=0, X-Amz-Executed-Version=$LATEST, X-Amzn-Trace-Id=root=1-63852d03-3edd5a2f1806480b6a7db18a;sampled=0}
2022-11-28T21:49:55.887Z (bd8a15cf-356b-41bd-8c36-9dc8c5a8394e) Endpoint response body before transformations: {"statusCode": 200, "body": "\"\\\"errorMessage\\\": \\\"One or more parameter values are not valid!\""}
2022-11-28T21:49:55.887Z (bd8a15cf-356b-41bd-8c36-9dc8c5a8394e) Method response body after transformations: {"statusCode": 200, "body": "\"\\\"errorMessage\\\": \\\"One or more parameter values are not valid!\""}
2022-11-28T21:49:55.887Z (bd8a15cf-356b-41bd-8c36-9dc8c5a8394e) Method response headers: {X-Amzn-Trace-Id=Root=1-63852d03-3edd5a2f1806480b6a7db18a;Sampled=0, Content-Type=application/json}
2022-11-28T21:49:55.887Z (bd8a15cf-356b-41bd-8c36-9dc8c5a8394e) Successfully completed execution
2022-11-28T21:49:55.887Z (bd8a15cf-356b-41bd-8c36-9dc8c5a8394e) Method completed with status: 200
2022-11-28T21:49:55.887Z (bd8a15cf-356b-41bd-8c36-9dc8c5a8394e) AWS Integration Endpoint RequestId : c3e049fe-78b7-4832-9624-d02e64bc3aa0
