2022-12-11T23:07:47.293Z (e637e0d1-1c18-41f8-9d3c-2017d02d89fa) Extended Request Id: dAReiGapIAMFRXA=
2022-12-11T23:07:47.293Z (e637e0d1-1c18-41f8-9d3c-2017d02d89fa) Verifying Usage Plan for request: e637e0d1-1c18-41f8-9d3c-2017d02d89fa. API Key:  API Stage: h6da3w6ume/production
2022-12-11T23:07:47.295Z (e637e0d1-1c18-41f8-9d3c-2017d02d89fa) API Key  authorized because method 'PUT /chargers' does not require API Key. Request will not contribute to throttle or quota limits
2022-12-11T23:07:47.295Z (e637e0d1-1c18-41f8-9d3c-2017d02d89fa) Usage Plan check succeeded for API Key  and API Stage h6da3w6ume/production
2022-12-11T23:07:47.295Z (e637e0d1-1c18-41f8-9d3c-2017d02d89fa) Starting execution for request: e637e0d1-1c18-41f8-9d3c-2017d02d89fa
2022-12-11T23:07:47.295Z (e637e0d1-1c18-41f8-9d3c-2017d02d89fa) HTTP Method: PUT, Resource Path: /chargers/
2022-12-11T23:07:47.295Z (e637e0d1-1c18-41f8-9d3c-2017d02d89fa) Method request path: {}
2022-12-11T23:07:47.295Z (e637e0d1-1c18-41f8-9d3c-2017d02d89fa) Method request query string: {City=Korsa, Model=c12a, Output=22, PostCode=19021, SN=MD129F643H, Street=Korsveien 3, id=1}
2022-12-11T23:07:47.295Z (e637e0d1-1c18-41f8-9d3c-2017d02d89fa) Method request headers: {Accept=*/*, User-Agent=python-requests/2.22.0, X-Forwarded-Proto=https, X-Forwarded-For=185.78.69.118, Host=api.elbrusgroup.net, Accept-Encoding=gzip, deflate, X-Forwarded-Port=443, X-Amzn-Trace-Id=Root=1-639662c3-380cc0a13149663f540f54b1}
2022-12-11T23:07:47.295Z (e637e0d1-1c18-41f8-9d3c-2017d02d89fa) Method request body before transformations: 
2022-12-11T23:07:47.295Z (e637e0d1-1c18-41f8-9d3c-2017d02d89fa) Endpoint request URI: https://lambda.us-east-1.amazonaws.com/2015-03-31/functions/arn:aws:lambda:us-east-1:391035843039:function:ChargingNetworkPutLF/invocations
2022-12-11T23:07:47.295Z (e637e0d1-1c18-41f8-9d3c-2017d02d89fa) Endpoint request headers: {X-Amz-Date=20221211T230747Z, x-amzn-apigateway-api-id=h6da3w6ume, Accept=application/json, User-Agent=AmazonAPIGateway_h6da3w6ume, Host=lambda.us-east-1.amazonaws.com, X-Amz-Content-Sha256=75492035b5091b53354f46b28fbc6e790db8bf8f8cc244599b3248dcfb6b1ffd, X-Amzn-Trace-Id=Root=1-639662c3-380cc0a13149663f540f54b1, x-amzn-lambda-integration-tag=e637e0d1-1c18-41f8-9d3c-2017d02d89fa, Authorization=*********************************************************************************************************************************************************************************************************************************************************************************************************************************************2bce0f, X-Amz-Source-Arn=arn:aws:execute-api:us-east-1:391035843039:h6da3w6ume/production/PUT/chargers, X-Amz-Security-Token=IQoJb3JpZ2luX2VjEG8aCXVzLWVhc3QtMSJHMEUCIHgPk9PqgexM9UbErKbe6mk07Jt55ATzPpbDluzmEBA9AiEAxpsz0kl0k1b2m+xa6Nqh0obQ5ifHO13M8H1jB5+rCUcq1QQIl/////// [TRUNCATED]
2022-12-11T23:07:47.295Z (e637e0d1-1c18-41f8-9d3c-2017d02d89fa) Endpoint request body after transformations: {
"id":  "1",
"City":  "Korsa",
"Model":  "c12a",
"Street":  "Korsveien 3",
"SN":  "MD129F643H",
"Output":  "22",
"PostCode": "19021"
}

2022-12-11T23:07:47.295Z (e637e0d1-1c18-41f8-9d3c-2017d02d89fa) Sending request to https://lambda.us-east-1.amazonaws.com/2015-03-31/functions/arn:aws:lambda:us-east-1:391035843039:function:ChargingNetworkPutLF/invocations
2022-12-11T23:07:47.525Z (e637e0d1-1c18-41f8-9d3c-2017d02d89fa) Received response. Status: 200, Integration latency: 230 ms
2022-12-11T23:07:47.525Z (e637e0d1-1c18-41f8-9d3c-2017d02d89fa) Endpoint response headers: {Date=Sun, 11 Dec 2022 23:07:47 GMT, Content-Type=application/json, Content-Length=104, Connection=keep-alive, x-amzn-RequestId=5c90cd66-481f-4989-ab43-8f3c01537bf7, x-amzn-Remapped-Content-Length=0, X-Amz-Executed-Version=$LATEST, X-Amzn-Trace-Id=root=1-639662c3-380cc0a13149663f540f54b1;sampled=0}
2022-12-11T23:07:47.525Z (e637e0d1-1c18-41f8-9d3c-2017d02d89fa) Endpoint response body before transformations: {"statusCode": 200, "body": "\"\\\"errorMessage\\\": \\\"One or more parameter values are not valid!\""}
2022-12-11T23:07:47.525Z (e637e0d1-1c18-41f8-9d3c-2017d02d89fa) Method response body after transformations: {"statusCode": 200, "body": "\"\\\"errorMessage\\\": \\\"One or more parameter values are not valid!\""}
2022-12-11T23:07:47.525Z (e637e0d1-1c18-41f8-9d3c-2017d02d89fa) Method response headers: {X-Amzn-Trace-Id=Root=1-639662c3-380cc0a13149663f540f54b1;Sampled=0, Content-Type=application/json}
2022-12-11T23:07:47.525Z (e637e0d1-1c18-41f8-9d3c-2017d02d89fa) Successfully completed execution
2022-12-11T23:07:47.525Z (e637e0d1-1c18-41f8-9d3c-2017d02d89fa) Method completed with status: 200
2022-12-11T23:07:47.525Z (e637e0d1-1c18-41f8-9d3c-2017d02d89fa) AWS Integration Endpoint RequestId : 5c90cd66-481f-4989-ab43-8f3c01537bf7
