2022-11-28T20:16:39.863Z (903f24b9-187f-467d-a4f3-14085d18e75d) Extended Request Id: cVCOQGRwIAMFmYg=
2022-11-28T20:16:39.863Z (903f24b9-187f-467d-a4f3-14085d18e75d) Verifying Usage Plan for request: 903f24b9-187f-467d-a4f3-14085d18e75d. API Key:  API Stage: h6da3w6ume/production
2022-11-28T20:16:39.865Z (903f24b9-187f-467d-a4f3-14085d18e75d) API Key  authorized because method 'GET /chargers' does not require API Key. Request will not contribute to throttle or quota limits
2022-11-28T20:16:39.865Z (903f24b9-187f-467d-a4f3-14085d18e75d) Usage Plan check succeeded for API Key  and API Stage h6da3w6ume/production
2022-11-28T20:16:39.866Z (903f24b9-187f-467d-a4f3-14085d18e75d) Starting execution for request: 903f24b9-187f-467d-a4f3-14085d18e75d
2022-11-28T20:16:39.866Z (903f24b9-187f-467d-a4f3-14085d18e75d) HTTP Method: GET, Resource Path: /chargers/
2022-11-28T20:16:39.866Z (903f24b9-187f-467d-a4f3-14085d18e75d) Method request path: {}
2022-11-28T20:16:39.866Z (903f24b9-187f-467d-a4f3-14085d18e75d) Method request query string: {id=1}
2022-11-28T20:16:39.866Z (903f24b9-187f-467d-a4f3-14085d18e75d) Method request headers: {sec-fetch-mode=navigate, sec-fetch-site=none, accept-language=en-US,en;q=0.5, User-Agent=Mozilla/5.0 (X11; Ubuntu; Linux x86_64; rv:107.0) Gecko/20100101 Firefox/107.0, X-Forwarded-Proto=https, Host=api.elbrusgroup.net, sec-fetch-user=?1, X-Forwarded-Port=443, X-Amzn-Trace-Id=Root=1-63851727-2d82fda413d9cb2626df0afc, accept=text/html,application/xhtml+xml,application/xml;q=0.9,image/avif,image/webp,*/*;q=0.8, upgrade-insecure-requests=1, X-Forwarded-For=185.78.69.118, accept-encoding=gzip, deflate, br, sec-fetch-dest=document}
2022-11-28T20:16:39.866Z (903f24b9-187f-467d-a4f3-14085d18e75d) Method request body before transformations: 
2022-11-28T20:16:39.866Z (903f24b9-187f-467d-a4f3-14085d18e75d) Endpoint request URI: https://lambda.us-east-1.amazonaws.com/2015-03-31/functions/arn:aws:lambda:us-east-1:391035843039:function:ChargingNetworkGetLF/invocations
2022-11-28T20:16:39.866Z (903f24b9-187f-467d-a4f3-14085d18e75d) Endpoint request headers: {X-Amz-Date=20221128T201639Z, x-amzn-apigateway-api-id=h6da3w6ume, Accept=application/json, User-Agent=AmazonAPIGateway_h6da3w6ume, Host=lambda.us-east-1.amazonaws.com, X-Amz-Content-Sha256=9f6ff083bcc20d419bdcb7ba1d2f05d7fb69ec38d7394a16b8d5798cc22236f8, X-Amzn-Trace-Id=Root=1-63851727-2d82fda413d9cb2626df0afc, x-amzn-lambda-integration-tag=903f24b9-187f-467d-a4f3-14085d18e75d, Authorization=*********************************************************************************************************************************************************************************************************************************************************************************************************************************************e13755, X-Amz-Source-Arn=arn:aws:execute-api:us-east-1:391035843039:h6da3w6ume/production/GET/chargers, X-Amz-Security-Token=IQoJb3JpZ2luX2VjEDQaCXVzLWVhc3QtMSJGMEQCIFciDSPN4NSqQ6lDDxacUR9200Efml4fxDAeyju7T73kAiA4nsFrO9k+k9fUppV3lrFiDIreXWFXIk494lGUuzK5uirNBAhNEAAaDDM5 [TRUNCATED]
2022-11-28T20:16:39.866Z (903f24b9-187f-467d-a4f3-14085d18e75d) Endpoint request body after transformations: {
  "id":  "1"
}
2022-11-28T20:16:39.866Z (903f24b9-187f-467d-a4f3-14085d18e75d) Sending request to https://lambda.us-east-1.amazonaws.com/2015-03-31/functions/arn:aws:lambda:us-east-1:391035843039:function:ChargingNetworkGetLF/invocations
2022-11-28T20:16:39.881Z (903f24b9-187f-467d-a4f3-14085d18e75d) Received response. Status: 200, Integration latency: 15 ms
2022-11-28T20:16:39.881Z (903f24b9-187f-467d-a4f3-14085d18e75d) Endpoint response headers: {Date=Mon, 28 Nov 2022 20:16:39 GMT, Content-Type=application/json, Content-Length=104, Connection=keep-alive, x-amzn-RequestId=ae8a51cc-786d-42d3-9436-1014d9853d50, x-amzn-Remapped-Content-Length=0, X-Amz-Executed-Version=$LATEST, X-Amzn-Trace-Id=root=1-63851727-2d82fda413d9cb2626df0afc;sampled=0}
2022-11-28T20:16:39.881Z (903f24b9-187f-467d-a4f3-14085d18e75d) Endpoint response body before transformations: {"statusCode": 200, "body": "\"\\\"errorMessage\\\": \\\"One or more parameter values are not valid!\""}
2022-11-28T20:16:39.881Z (903f24b9-187f-467d-a4f3-14085d18e75d) Method response body after transformations: {"statusCode": 200, "body": "\"\\\"errorMessage\\\": \\\"One or more parameter values are not valid!\""}
2022-11-28T20:16:39.881Z (903f24b9-187f-467d-a4f3-14085d18e75d) Method response headers: {X-Amzn-Trace-Id=Root=1-63851727-2d82fda413d9cb2626df0afc;Sampled=0, Content-Type=application/json}
2022-11-28T20:16:39.881Z (903f24b9-187f-467d-a4f3-14085d18e75d) Successfully completed execution
2022-11-28T20:16:39.881Z (903f24b9-187f-467d-a4f3-14085d18e75d) Method completed with status: 200
2022-11-28T20:16:39.881Z (903f24b9-187f-467d-a4f3-14085d18e75d) AWS Integration Endpoint RequestId : ae8a51cc-786d-42d3-9436-1014d9853d50
