2022-11-28T21:50:24.196Z (cebea2ef-9589-47ce-aeed-4cc68ca9ed07) Extended Request Id: cVP9DHuSoAMF7mQ=
2022-11-28T21:50:24.196Z (cebea2ef-9589-47ce-aeed-4cc68ca9ed07) Verifying Usage Plan for request: cebea2ef-9589-47ce-aeed-4cc68ca9ed07. API Key: **********************************5SgLnc API Stage: h6da3w6ume/production
2022-11-28T21:50:24.207Z (cebea2ef-9589-47ce-aeed-4cc68ca9ed07) Usage Plan check succeeded for API Key **********************************5SgLnc and API Stage h6da3w6ume/production
2022-11-28T21:50:24.208Z (cebea2ef-9589-47ce-aeed-4cc68ca9ed07) Starting execution for request: cebea2ef-9589-47ce-aeed-4cc68ca9ed07
2022-11-28T21:50:24.208Z (cebea2ef-9589-47ce-aeed-4cc68ca9ed07) HTTP Method: DELETE, Resource Path: /chargers/
2022-11-28T21:50:24.208Z (cebea2ef-9589-47ce-aeed-4cc68ca9ed07) API Key: **********************************5SgLnc
2022-11-28T21:50:24.208Z (cebea2ef-9589-47ce-aeed-4cc68ca9ed07) API Key ID: mn33y0mpha
2022-11-28T21:50:24.208Z (cebea2ef-9589-47ce-aeed-4cc68ca9ed07) Method request path: {}
2022-11-28T21:50:24.208Z (cebea2ef-9589-47ce-aeed-4cc68ca9ed07) Method request query string: {id=1}
2022-11-28T21:50:24.208Z (cebea2ef-9589-47ce-aeed-4cc68ca9ed07) Method request headers: {Accept=*/*, x-api-key=**********************************5SgLnc, User-Agent=python-requests/2.22.0, X-Forwarded-Proto=https, X-Forwarded-For=185.78.69.118, Host=api.elbrusgroup.net, Accept-Encoding=gzip, deflate, X-Forwarded-Port=443, X-Amzn-Trace-Id=Root=1-63852d20-56f3635a308635483f7a90a6}
2022-11-28T21:50:24.208Z (cebea2ef-9589-47ce-aeed-4cc68ca9ed07) Method request body before transformations: 
2022-11-28T21:50:24.208Z (cebea2ef-9589-47ce-aeed-4cc68ca9ed07) Endpoint request URI: https://lambda.us-east-1.amazonaws.com/2015-03-31/functions/arn:aws:lambda:us-east-1:391035843039:function:ChargingNetworkDeleteLF/invocations
2022-11-28T21:50:24.208Z (cebea2ef-9589-47ce-aeed-4cc68ca9ed07) Endpoint request headers: {x-amzn-lambda-integration-tag=cebea2ef-9589-47ce-aeed-4cc68ca9ed07, Authorization=***********************************************************************************************************************************************************************************************************************************************************************************************************574b88, X-Amz-Date=20221128T215024Z, x-amzn-apigateway-api-id=h6da3w6ume, X-Amz-Source-Arn=arn:aws:execute-api:us-east-1:391035843039:h6da3w6ume/production/DELETE/chargers, Accept=application/json, User-Agent=AmazonAPIGateway_h6da3w6ume, X-Amz-Security-Token=IQoJb3JpZ2luX2VjEDUaCXVzLWVhc3QtMSJHMEUCIBoVff40f09AHt0JeEMBzbOiCg3QHmXQHvbAsv0lu2zjAiEA1IEbeJLrI+iJvgav2UwmsbmaG+fBh7r/gq4rEyApJW4qzAQIThAAGgwzOTIyMjA1NzY2NTAiDNCCoF8fUlPNk8WvfyqpBMzoeZyf3OA/6vSq03AiwpneG8EOJK+/8OE6dVhIwvg+JIOrMQ1x5DvguVMZYlD3r6bTYl92GfttngQpDd4/wjhDeu8af2di3wdXVzkMlUMZi/pRBze09xx0ege64GbrCtpIIQNhbDO8vKUdtsX4lPS1yMjTa8z//iQJIvKrPMsPBcf2T [TRUNCATED]
2022-11-28T21:50:24.208Z (cebea2ef-9589-47ce-aeed-4cc68ca9ed07) Endpoint request body after transformations: 
2022-11-28T21:50:24.208Z (cebea2ef-9589-47ce-aeed-4cc68ca9ed07) Sending request to https://lambda.us-east-1.amazonaws.com/2015-03-31/functions/arn:aws:lambda:us-east-1:391035843039:function:ChargingNetworkDeleteLF/invocations
2022-11-28T21:50:24.222Z (cebea2ef-9589-47ce-aeed-4cc68ca9ed07) Received response. Status: 200, Integration latency: 14 ms
2022-11-28T21:50:24.222Z (cebea2ef-9589-47ce-aeed-4cc68ca9ed07) Endpoint response headers: {Date=Mon, 28 Nov 2022 21:50:24 GMT, Content-Type=application/json, Content-Length=110, Connection=keep-alive, x-amzn-RequestId=07ac3479-5f4a-4295-b125-87a7592ebd40, x-amzn-Remapped-Content-Length=0, X-Amz-Executed-Version=$LATEST, X-Amzn-Trace-Id=root=1-63852d20-56f3635a308635483f7a90a6;sampled=0}
2022-11-28T21:50:24.222Z (cebea2ef-9589-47ce-aeed-4cc68ca9ed07) Endpoint response body before transformations: {"statusCode": 200, "body": "\"One or more parameter values are not valid! Please, use correct formatting!\""}
2022-11-28T21:50:24.222Z (cebea2ef-9589-47ce-aeed-4cc68ca9ed07) Method response body after transformations: {"statusCode": 200, "body": "\"One or more parameter values are not valid! Please, use correct formatting!\""}
2022-11-28T21:50:24.222Z (cebea2ef-9589-47ce-aeed-4cc68ca9ed07) Method response headers: {X-Amzn-Trace-Id=Root=1-63852d20-56f3635a308635483f7a90a6;Sampled=0, Content-Type=application/json}
2022-11-28T21:50:24.222Z (cebea2ef-9589-47ce-aeed-4cc68ca9ed07) Successfully completed execution
2022-11-28T21:50:24.222Z (cebea2ef-9589-47ce-aeed-4cc68ca9ed07) Method completed with status: 200
2022-11-28T21:50:24.222Z (cebea2ef-9589-47ce-aeed-4cc68ca9ed07) AWS Integration Endpoint RequestId : 07ac3479-5f4a-4295-b125-87a7592ebd40
