2022-12-01T13:55:16.833Z (df4bdb2d-991e-4360-bc86-60064cb21e2c) Extended Request Id: ceDKyGD7oAMFj1Q=
2022-12-01T13:55:16.834Z (df4bdb2d-991e-4360-bc86-60064cb21e2c) Verifying Usage Plan for request: df4bdb2d-991e-4360-bc86-60064cb21e2c. API Key:  API Stage: h6da3w6ume/production
2022-12-01T13:55:16.835Z (df4bdb2d-991e-4360-bc86-60064cb21e2c) API Key  authorized because method 'PUT /chargers' does not require API Key. Request will not contribute to throttle or quota limits
2022-12-01T13:55:16.835Z (df4bdb2d-991e-4360-bc86-60064cb21e2c) Usage Plan check succeeded for API Key  and API Stage h6da3w6ume/production
2022-12-01T13:55:16.835Z (df4bdb2d-991e-4360-bc86-60064cb21e2c) Starting execution for request: df4bdb2d-991e-4360-bc86-60064cb21e2c
2022-12-01T13:55:16.835Z (df4bdb2d-991e-4360-bc86-60064cb21e2c) HTTP Method: PUT, Resource Path: /chargers
2022-12-01T13:55:16.835Z (df4bdb2d-991e-4360-bc86-60064cb21e2c) Method request path: {}
2022-12-01T13:55:16.835Z (df4bdb2d-991e-4360-bc86-60064cb21e2c) Method request query string: {City=Vola, Model=c12b, Output=50, PostCode=19024, SN=MD129F567D, Street=Smievegen 16, id=18}
2022-12-01T13:55:16.835Z (df4bdb2d-991e-4360-bc86-60064cb21e2c) Method request headers: {Accept=*/*, User-Agent=python-requests/2.22.0, X-Forwarded-Proto=https, X-Forwarded-For=195.159.241.26, Host=api.elbrusgroup.net, Accept-Encoding=gzip, deflate, X-Forwarded-Port=443, X-Amzn-Trace-Id=Root=1-6388b244-6e2168a26295686f717501d5}
2022-12-01T13:55:16.835Z (df4bdb2d-991e-4360-bc86-60064cb21e2c) Method request body before transformations: 
2022-12-01T13:55:16.835Z (df4bdb2d-991e-4360-bc86-60064cb21e2c) Endpoint request URI: https://lambda.us-east-1.amazonaws.com/2015-03-31/functions/arn:aws:lambda:us-east-1:391035843039:function:ChargingNetworkPutLF/invocations
2022-12-01T13:55:16.835Z (df4bdb2d-991e-4360-bc86-60064cb21e2c) Endpoint request headers: {X-Amz-Date=20221201T135516Z, x-amzn-apigateway-api-id=h6da3w6ume, Accept=application/json, User-Agent=AmazonAPIGateway_h6da3w6ume, Host=lambda.us-east-1.amazonaws.com, X-Amz-Content-Sha256=2e3ef2eb0be5fcc3b35cd3da7473b750a9399a10fe148c4a794df5e134a34928, X-Amzn-Trace-Id=Root=1-6388b244-6e2168a26295686f717501d5, x-amzn-lambda-integration-tag=df4bdb2d-991e-4360-bc86-60064cb21e2c, Authorization=*********************************************************************************************************************************************************************************************************************************************************************************************************************************************55f917, X-Amz-Source-Arn=arn:aws:execute-api:us-east-1:391035843039:h6da3w6ume/production/PUT/chargers, X-Amz-Security-Token=IQoJb3JpZ2luX2VjEHYaCXVzLWVhc3QtMSJHMEUCIQDxt80sEkenMbHNLbenkswDEYya0rudwD9TnF13yb0GUAIgRg4DAQ5EJpP8AKn018qB1XnxmRZdA+LGyGgIB2KiY9Aq1gQIj/////// [TRUNCATED]
2022-12-01T13:55:16.835Z (df4bdb2d-991e-4360-bc86-60064cb21e2c) Endpoint request body after transformations: {
"id":  "18",
"City":  "Vola",
"Model":  "c12b",
"Street":  "Smievegen 16",
"SN":  "MD129F567D",
"Output":  "50",
"PostCode": "19024"
}

2022-12-01T13:55:16.835Z (df4bdb2d-991e-4360-bc86-60064cb21e2c) Sending request to https://lambda.us-east-1.amazonaws.com/2015-03-31/functions/arn:aws:lambda:us-east-1:391035843039:function:ChargingNetworkPutLF/invocations
2022-12-01T13:55:16.850Z (df4bdb2d-991e-4360-bc86-60064cb21e2c) Received response. Status: 200, Integration latency: 15 ms
2022-12-01T13:55:16.851Z (df4bdb2d-991e-4360-bc86-60064cb21e2c) Endpoint response headers: {Date=Thu, 01 Dec 2022 13:55:16 GMT, Content-Type=application/json, Content-Length=104, Connection=keep-alive, x-amzn-RequestId=5607584a-e9a9-4554-9941-0baa996ba82a, x-amzn-Remapped-Content-Length=0, X-Amz-Executed-Version=$LATEST, X-Amzn-Trace-Id=root=1-6388b244-6e2168a26295686f717501d5;sampled=0}
2022-12-01T13:55:16.851Z (df4bdb2d-991e-4360-bc86-60064cb21e2c) Endpoint response body before transformations: {"statusCode": 200, "body": "\"\\\"errorMessage\\\": \\\"One or more parameter values are not valid!\""}
2022-12-01T13:55:16.851Z (df4bdb2d-991e-4360-bc86-60064cb21e2c) Method response body after transformations: {"statusCode": 200, "body": "\"\\\"errorMessage\\\": \\\"One or more parameter values are not valid!\""}
2022-12-01T13:55:16.851Z (df4bdb2d-991e-4360-bc86-60064cb21e2c) Method response headers: {X-Amzn-Trace-Id=Root=1-6388b244-6e2168a26295686f717501d5;Sampled=0, Content-Type=application/json}
2022-12-01T13:55:16.851Z (df4bdb2d-991e-4360-bc86-60064cb21e2c) Successfully completed execution
2022-12-01T13:55:16.851Z (df4bdb2d-991e-4360-bc86-60064cb21e2c) Method completed with status: 200
2022-12-01T13:55:16.851Z (df4bdb2d-991e-4360-bc86-60064cb21e2c) AWS Integration Endpoint RequestId : 5607584a-e9a9-4554-9941-0baa996ba82a
