2022-11-28T20:11:45.153Z (bb64f2af-3854-43a4-9cc9-25b3d8a29a1a) Extended Request Id: cVBgNEX9oAMFd3Q=
2022-11-28T20:11:45.153Z (bb64f2af-3854-43a4-9cc9-25b3d8a29a1a) Verifying Usage Plan for request: bb64f2af-3854-43a4-9cc9-25b3d8a29a1a. API Key:  API Stage: h6da3w6ume/production
2022-11-28T20:11:45.154Z (bb64f2af-3854-43a4-9cc9-25b3d8a29a1a) API Key  authorized because method 'GET /chargers' does not require API Key. Request will not contribute to throttle or quota limits
2022-11-28T20:11:45.154Z (bb64f2af-3854-43a4-9cc9-25b3d8a29a1a) Usage Plan check succeeded for API Key  and API Stage h6da3w6ume/production
2022-11-28T20:11:45.155Z (bb64f2af-3854-43a4-9cc9-25b3d8a29a1a) Starting execution for request: bb64f2af-3854-43a4-9cc9-25b3d8a29a1a
2022-11-28T20:11:45.155Z (bb64f2af-3854-43a4-9cc9-25b3d8a29a1a) HTTP Method: GET, Resource Path: /chargers/
2022-11-28T20:11:45.155Z (bb64f2af-3854-43a4-9cc9-25b3d8a29a1a) Method request path: {}
2022-11-28T20:11:45.155Z (bb64f2af-3854-43a4-9cc9-25b3d8a29a1a) Method request query string: {id=1}
2022-11-28T20:11:45.155Z (bb64f2af-3854-43a4-9cc9-25b3d8a29a1a) Method request headers: {sec-fetch-mode=navigate, sec-fetch-site=none, accept-language=en-US,en;q=0.5, User-Agent=Mozilla/5.0 (X11; Ubuntu; Linux x86_64; rv:107.0) Gecko/20100101 Firefox/107.0, X-Forwarded-Proto=https, Host=api.elbrusgroup.net, sec-fetch-user=?1, X-Forwarded-Port=443, X-Amzn-Trace-Id=Root=1-63851601-653bd1792f00c678353e5c60, accept=text/html,application/xhtml+xml,application/xml;q=0.9,image/avif,image/webp,*/*;q=0.8, upgrade-insecure-requests=1, X-Forwarded-For=185.78.69.118, accept-encoding=gzip, deflate, br, sec-fetch-dest=document}
2022-11-28T20:11:45.155Z (bb64f2af-3854-43a4-9cc9-25b3d8a29a1a) Method request body before transformations: 
2022-11-28T20:11:45.155Z (bb64f2af-3854-43a4-9cc9-25b3d8a29a1a) Endpoint request URI: https://lambda.us-east-1.amazonaws.com/2015-03-31/functions/arn:aws:lambda:us-east-1:391035843039:function:ChargingNetworkGetLF/invocations
2022-11-28T20:11:45.155Z (bb64f2af-3854-43a4-9cc9-25b3d8a29a1a) Endpoint request headers: {X-Amz-Date=20221128T201145Z, x-amzn-apigateway-api-id=h6da3w6ume, Accept=application/json, User-Agent=AmazonAPIGateway_h6da3w6ume, Host=lambda.us-east-1.amazonaws.com, X-Amz-Content-Sha256=9f6ff083bcc20d419bdcb7ba1d2f05d7fb69ec38d7394a16b8d5798cc22236f8, X-Amzn-Trace-Id=Root=1-63851601-653bd1792f00c678353e5c60, x-amzn-lambda-integration-tag=bb64f2af-3854-43a4-9cc9-25b3d8a29a1a, Authorization=*********************************************************************************************************************************************************************************************************************************************************************************************************************************************943ee5, X-Amz-Source-Arn=arn:aws:execute-api:us-east-1:391035843039:h6da3w6ume/production/GET/chargers, X-Amz-Security-Token=IQoJb3JpZ2luX2VjEDMaCXVzLWVhc3QtMSJIMEYCIQDjYs5WUnR9IWtjkMMwdHbu0fvk1B4oU5XhRAUQOfzzGAIhAOTM79LbMh4C6RlgqdFP4uFjGrrvaotXrwom789kFF68KswECEwQABoM [TRUNCATED]
2022-11-28T20:11:45.155Z (bb64f2af-3854-43a4-9cc9-25b3d8a29a1a) Endpoint request body after transformations: {
  "id":  "1"
}
2022-11-28T20:11:45.155Z (bb64f2af-3854-43a4-9cc9-25b3d8a29a1a) Sending request to https://lambda.us-east-1.amazonaws.com/2015-03-31/functions/arn:aws:lambda:us-east-1:391035843039:function:ChargingNetworkGetLF/invocations
2022-11-28T20:11:45.172Z (bb64f2af-3854-43a4-9cc9-25b3d8a29a1a) Received response. Status: 200, Integration latency: 17 ms
2022-11-28T20:11:45.172Z (bb64f2af-3854-43a4-9cc9-25b3d8a29a1a) Endpoint response headers: {Date=Mon, 28 Nov 2022 20:11:45 GMT, Content-Type=application/json, Content-Length=104, Connection=keep-alive, x-amzn-RequestId=9b250052-69de-4811-87ce-ef0f5f31cad5, x-amzn-Remapped-Content-Length=0, X-Amz-Executed-Version=$LATEST, X-Amzn-Trace-Id=root=1-63851601-653bd1792f00c678353e5c60;sampled=0}
2022-11-28T20:11:45.172Z (bb64f2af-3854-43a4-9cc9-25b3d8a29a1a) Endpoint response body before transformations: {"statusCode": 200, "body": "\"\\\"errorMessage\\\": \\\"One or more parameter values are not valid!\""}
2022-11-28T20:11:45.172Z (bb64f2af-3854-43a4-9cc9-25b3d8a29a1a) Method response body after transformations: {"statusCode": 200, "body": "\"\\\"errorMessage\\\": \\\"One or more parameter values are not valid!\""}
2022-11-28T20:11:45.172Z (bb64f2af-3854-43a4-9cc9-25b3d8a29a1a) Method response headers: {X-Amzn-Trace-Id=Root=1-63851601-653bd1792f00c678353e5c60;Sampled=0, Content-Type=application/json}
2022-11-28T20:11:45.172Z (bb64f2af-3854-43a4-9cc9-25b3d8a29a1a) Successfully completed execution
2022-11-28T20:11:45.172Z (bb64f2af-3854-43a4-9cc9-25b3d8a29a1a) Method completed with status: 200
2022-11-28T20:11:45.172Z (bb64f2af-3854-43a4-9cc9-25b3d8a29a1a) AWS Integration Endpoint RequestId : 9b250052-69de-4811-87ce-ef0f5f31cad5
