2022-12-01T13:55:09.195Z (58b41866-51df-4366-badb-34e668d1999d) Extended Request Id: ceDJlFASIAMFoUg=
2022-12-01T13:55:09.195Z (58b41866-51df-4366-badb-34e668d1999d) Verifying Usage Plan for request: 58b41866-51df-4366-badb-34e668d1999d. API Key:  API Stage: h6da3w6ume/production
2022-12-01T13:55:09.197Z (58b41866-51df-4366-badb-34e668d1999d) API Key  authorized because method 'PUT /chargers' does not require API Key. Request will not contribute to throttle or quota limits
2022-12-01T13:55:09.197Z (58b41866-51df-4366-badb-34e668d1999d) Usage Plan check succeeded for API Key  and API Stage h6da3w6ume/production
2022-12-01T13:55:09.197Z (58b41866-51df-4366-badb-34e668d1999d) Starting execution for request: 58b41866-51df-4366-badb-34e668d1999d
2022-12-01T13:55:09.197Z (58b41866-51df-4366-badb-34e668d1999d) HTTP Method: PUT, Resource Path: /chargers
2022-12-01T13:55:09.197Z (58b41866-51df-4366-badb-34e668d1999d) Method request path: {}
2022-12-01T13:55:09.197Z (58b41866-51df-4366-badb-34e668d1999d) Method request query string: {City=Korsa, Model=c12a, Output=22, PostCode=19021, SN=MD129F643H, Street=Korsveien 3, id=1}
2022-12-01T13:55:09.197Z (58b41866-51df-4366-badb-34e668d1999d) Method request headers: {Accept=*/*, User-Agent=python-requests/2.22.0, X-Forwarded-Proto=https, X-Forwarded-For=195.159.241.26, Host=api.elbrusgroup.net, Accept-Encoding=gzip, deflate, X-Forwarded-Port=443, X-Amzn-Trace-Id=Root=1-6388b23d-2f20aa9708fdb8e20e7d13da}
2022-12-01T13:55:09.197Z (58b41866-51df-4366-badb-34e668d1999d) Method request body before transformations: 
2022-12-01T13:55:09.198Z (58b41866-51df-4366-badb-34e668d1999d) Endpoint request URI: https://lambda.us-east-1.amazonaws.com/2015-03-31/functions/arn:aws:lambda:us-east-1:391035843039:function:ChargingNetworkPutLF/invocations
2022-12-01T13:55:09.198Z (58b41866-51df-4366-badb-34e668d1999d) Endpoint request headers: {X-Amz-Date=20221201T135509Z, x-amzn-apigateway-api-id=h6da3w6ume, Accept=application/json, User-Agent=AmazonAPIGateway_h6da3w6ume, Host=lambda.us-east-1.amazonaws.com, X-Amz-Content-Sha256=75492035b5091b53354f46b28fbc6e790db8bf8f8cc244599b3248dcfb6b1ffd, X-Amzn-Trace-Id=Root=1-6388b23d-2f20aa9708fdb8e20e7d13da, x-amzn-lambda-integration-tag=58b41866-51df-4366-badb-34e668d1999d, Authorization=*********************************************************************************************************************************************************************************************************************************************************************************************************************************************a002be, X-Amz-Source-Arn=arn:aws:execute-api:us-east-1:391035843039:h6da3w6ume/production/PUT/chargers, X-Amz-Security-Token=IQoJb3JpZ2luX2VjEHUaCXVzLWVhc3QtMSJIMEYCIQD/Xi/+i0eS6icpL6JLpc/8Y4ioPYlr9izD/4hiBLyqJwIhAI9TQ0tMKLgvnKwIKb99HjxcsTNji+izo2v4KRNn9/cNKtYECI7///// [TRUNCATED]
2022-12-01T13:55:09.198Z (58b41866-51df-4366-badb-34e668d1999d) Endpoint request body after transformations: {
"id":  "1",
"City":  "Korsa",
"Model":  "c12a",
"Street":  "Korsveien 3",
"SN":  "MD129F643H",
"Output":  "22",
"PostCode": "19021"
}

2022-12-01T13:55:09.198Z (58b41866-51df-4366-badb-34e668d1999d) Sending request to https://lambda.us-east-1.amazonaws.com/2015-03-31/functions/arn:aws:lambda:us-east-1:391035843039:function:ChargingNetworkPutLF/invocations
2022-12-01T13:55:09.439Z (58b41866-51df-4366-badb-34e668d1999d) Received response. Status: 200, Integration latency: 241 ms
2022-12-01T13:55:09.439Z (58b41866-51df-4366-badb-34e668d1999d) Endpoint response headers: {Date=Thu, 01 Dec 2022 13:55:09 GMT, Content-Type=application/json, Content-Length=104, Connection=keep-alive, x-amzn-RequestId=c1ab5584-0e6b-46a4-bc3b-01caa054ef90, x-amzn-Remapped-Content-Length=0, X-Amz-Executed-Version=$LATEST, X-Amzn-Trace-Id=root=1-6388b23d-2f20aa9708fdb8e20e7d13da;sampled=0}
2022-12-01T13:55:09.439Z (58b41866-51df-4366-badb-34e668d1999d) Endpoint response body before transformations: {"statusCode": 200, "body": "\"\\\"errorMessage\\\": \\\"One or more parameter values are not valid!\""}
2022-12-01T13:55:09.439Z (58b41866-51df-4366-badb-34e668d1999d) Method response body after transformations: {"statusCode": 200, "body": "\"\\\"errorMessage\\\": \\\"One or more parameter values are not valid!\""}
2022-12-01T13:55:09.439Z (58b41866-51df-4366-badb-34e668d1999d) Method response headers: {X-Amzn-Trace-Id=Root=1-6388b23d-2f20aa9708fdb8e20e7d13da;Sampled=0, Content-Type=application/json}
2022-12-01T13:55:09.439Z (58b41866-51df-4366-badb-34e668d1999d) Successfully completed execution
2022-12-01T13:55:09.439Z (58b41866-51df-4366-badb-34e668d1999d) Method completed with status: 200
2022-12-01T13:55:09.439Z (58b41866-51df-4366-badb-34e668d1999d) AWS Integration Endpoint RequestId : c1ab5584-0e6b-46a4-bc3b-01caa054ef90
