2022-12-11T23:07:55.829Z (c1a433b0-736e-4f75-8827-0c8af11df440) Extended Request Id: dARf4HjoIAMF7Mw=
2022-12-11T23:07:55.829Z (c1a433b0-736e-4f75-8827-0c8af11df440) Verifying Usage Plan for request: c1a433b0-736e-4f75-8827-0c8af11df440. API Key:  API Stage: h6da3w6ume/production
2022-12-11T23:07:55.832Z (c1a433b0-736e-4f75-8827-0c8af11df440) API Key  authorized because method 'PUT /chargers' does not require API Key. Request will not contribute to throttle or quota limits
2022-12-11T23:07:55.832Z (c1a433b0-736e-4f75-8827-0c8af11df440) Usage Plan check succeeded for API Key  and API Stage h6da3w6ume/production
2022-12-11T23:07:55.832Z (c1a433b0-736e-4f75-8827-0c8af11df440) Starting execution for request: c1a433b0-736e-4f75-8827-0c8af11df440
2022-12-11T23:07:55.832Z (c1a433b0-736e-4f75-8827-0c8af11df440) HTTP Method: PUT, Resource Path: /chargers/
2022-12-11T23:07:55.832Z (c1a433b0-736e-4f75-8827-0c8af11df440) Method request path: {}
2022-12-11T23:07:55.832Z (c1a433b0-736e-4f75-8827-0c8af11df440) Method request query string: {City=Vola, Model=c12b, Output=50, PostCode=19024, SN=MD129F547B, Street=Smievegen 16, id=15}
2022-12-11T23:07:55.832Z (c1a433b0-736e-4f75-8827-0c8af11df440) Method request headers: {Accept=*/*, User-Agent=python-requests/2.22.0, X-Forwarded-Proto=https, X-Forwarded-For=185.78.69.118, Host=api.elbrusgroup.net, Accept-Encoding=gzip, deflate, X-Forwarded-Port=443, X-Amzn-Trace-Id=Root=1-639662cb-6034636f376cbba477324754}
2022-12-11T23:07:55.832Z (c1a433b0-736e-4f75-8827-0c8af11df440) Method request body before transformations: 
2022-12-11T23:07:55.832Z (c1a433b0-736e-4f75-8827-0c8af11df440) Endpoint request URI: https://lambda.us-east-1.amazonaws.com/2015-03-31/functions/arn:aws:lambda:us-east-1:391035843039:function:ChargingNetworkPutLF/invocations
2022-12-11T23:07:55.832Z (c1a433b0-736e-4f75-8827-0c8af11df440) Endpoint request headers: {X-Amz-Date=20221211T230755Z, x-amzn-apigateway-api-id=h6da3w6ume, Accept=application/json, User-Agent=AmazonAPIGateway_h6da3w6ume, Host=lambda.us-east-1.amazonaws.com, X-Amz-Content-Sha256=4a79c5d002d345121acc8c3b4b07d3e5f9529ee439cb2b848cc1c62eee49919c, X-Amzn-Trace-Id=Root=1-639662cb-6034636f376cbba477324754, x-amzn-lambda-integration-tag=c1a433b0-736e-4f75-8827-0c8af11df440, Authorization=*********************************************************************************************************************************************************************************************************************************************************************************************************************************************3d6f73, X-Amz-Source-Arn=arn:aws:execute-api:us-east-1:391035843039:h6da3w6ume/production/PUT/chargers, X-Amz-Security-Token=IQoJb3JpZ2luX2VjEG4aCXVzLWVhc3QtMSJHMEUCIQDg3Ip8p8jd5YAcuWRhWuPhMbwQ2ozy7oh11Hxyso6RugIgMwLT/zJl3YrRp9gmRV+VtMCW5ASSQMcqMkeGUl+uD0Iq1QQIl/////// [TRUNCATED]
2022-12-11T23:07:55.832Z (c1a433b0-736e-4f75-8827-0c8af11df440) Endpoint request body after transformations: {
"id":  "15",
"City":  "Vola",
"Model":  "c12b",
"Street":  "Smievegen 16",
"SN":  "MD129F547B",
"Output":  "50",
"PostCode": "19024"
}

2022-12-11T23:07:55.832Z (c1a433b0-736e-4f75-8827-0c8af11df440) Sending request to https://lambda.us-east-1.amazonaws.com/2015-03-31/functions/arn:aws:lambda:us-east-1:391035843039:function:ChargingNetworkPutLF/invocations
2022-12-11T23:07:55.845Z (c1a433b0-736e-4f75-8827-0c8af11df440) Received response. Status: 200, Integration latency: 13 ms
2022-12-11T23:07:55.845Z (c1a433b0-736e-4f75-8827-0c8af11df440) Endpoint response headers: {Date=Sun, 11 Dec 2022 23:07:55 GMT, Content-Type=application/json, Content-Length=104, Connection=keep-alive, x-amzn-RequestId=36423c49-97b1-4c62-aa82-b86f9e3d2fe3, x-amzn-Remapped-Content-Length=0, X-Amz-Executed-Version=$LATEST, X-Amzn-Trace-Id=root=1-639662cb-6034636f376cbba477324754;sampled=0}
2022-12-11T23:07:55.845Z (c1a433b0-736e-4f75-8827-0c8af11df440) Endpoint response body before transformations: {"statusCode": 200, "body": "\"\\\"errorMessage\\\": \\\"One or more parameter values are not valid!\""}
2022-12-11T23:07:55.845Z (c1a433b0-736e-4f75-8827-0c8af11df440) Method response body after transformations: {"statusCode": 200, "body": "\"\\\"errorMessage\\\": \\\"One or more parameter values are not valid!\""}
2022-12-11T23:07:55.845Z (c1a433b0-736e-4f75-8827-0c8af11df440) Method response headers: {X-Amzn-Trace-Id=Root=1-639662cb-6034636f376cbba477324754;Sampled=0, Content-Type=application/json}
2022-12-11T23:07:55.845Z (c1a433b0-736e-4f75-8827-0c8af11df440) Successfully completed execution
2022-12-11T23:07:55.845Z (c1a433b0-736e-4f75-8827-0c8af11df440) Method completed with status: 200
2022-12-11T23:07:55.845Z (c1a433b0-736e-4f75-8827-0c8af11df440) AWS Integration Endpoint RequestId : 36423c49-97b1-4c62-aa82-b86f9e3d2fe3
