2022-12-01T13:55:14.220Z (4f1cc606-237b-4db9-a6ef-ec4a5337552c) Extended Request Id: ceDKYHleIAMF55A=
2022-12-01T13:55:14.220Z (4f1cc606-237b-4db9-a6ef-ec4a5337552c) Verifying Usage Plan for request: 4f1cc606-237b-4db9-a6ef-ec4a5337552c. API Key:  API Stage: h6da3w6ume/production
2022-12-01T13:55:14.221Z (4f1cc606-237b-4db9-a6ef-ec4a5337552c) API Key  authorized because method 'PUT /chargers' does not require API Key. Request will not contribute to throttle or quota limits
2022-12-01T13:55:14.221Z (4f1cc606-237b-4db9-a6ef-ec4a5337552c) Usage Plan check succeeded for API Key  and API Stage h6da3w6ume/production
2022-12-01T13:55:14.221Z (4f1cc606-237b-4db9-a6ef-ec4a5337552c) Starting execution for request: 4f1cc606-237b-4db9-a6ef-ec4a5337552c
2022-12-01T13:55:14.221Z (4f1cc606-237b-4db9-a6ef-ec4a5337552c) HTTP Method: PUT, Resource Path: /chargers
2022-12-01T13:55:14.221Z (4f1cc606-237b-4db9-a6ef-ec4a5337552c) Method request path: {}
2022-12-01T13:55:14.221Z (4f1cc606-237b-4db9-a6ef-ec4a5337552c) Method request query string: {City=Korsa, Model=c12b, Output=50, PostCode=19021, SN=MD129F64CE, Street=Solli 29, id=12}
2022-12-01T13:55:14.221Z (4f1cc606-237b-4db9-a6ef-ec4a5337552c) Method request headers: {Accept=*/*, User-Agent=python-requests/2.22.0, X-Forwarded-Proto=https, X-Forwarded-For=195.159.241.26, Host=api.elbrusgroup.net, Accept-Encoding=gzip, deflate, X-Forwarded-Port=443, X-Amzn-Trace-Id=Root=1-6388b242-78dc55a93903c182423d9dd6}
2022-12-01T13:55:14.221Z (4f1cc606-237b-4db9-a6ef-ec4a5337552c) Method request body before transformations: 
2022-12-01T13:55:14.222Z (4f1cc606-237b-4db9-a6ef-ec4a5337552c) Endpoint request URI: https://lambda.us-east-1.amazonaws.com/2015-03-31/functions/arn:aws:lambda:us-east-1:391035843039:function:ChargingNetworkPutLF/invocations
2022-12-01T13:55:14.222Z (4f1cc606-237b-4db9-a6ef-ec4a5337552c) Endpoint request headers: {X-Amz-Date=20221201T135514Z, x-amzn-apigateway-api-id=h6da3w6ume, Accept=application/json, User-Agent=AmazonAPIGateway_h6da3w6ume, Host=lambda.us-east-1.amazonaws.com, X-Amz-Content-Sha256=df75acd0ca6ff968abb2165280546a2c05d9882098a74e6afc1299fa7d766573, X-Amzn-Trace-Id=Root=1-6388b242-78dc55a93903c182423d9dd6, x-amzn-lambda-integration-tag=4f1cc606-237b-4db9-a6ef-ec4a5337552c, Authorization=*********************************************************************************************************************************************************************************************************************************************************************************************************************************************4c4c52, X-Amz-Source-Arn=arn:aws:execute-api:us-east-1:391035843039:h6da3w6ume/production/PUT/chargers, X-Amz-Security-Token=IQoJb3JpZ2luX2VjEHUaCXVzLWVhc3QtMSJHMEUCIQCBsZuttYFLXuJ1/k2hoVvCqg5pbfogVsP9sES4xjOpggIgHE1Mf88WZtJX/IbHI1vmD9WEKIImLr2JSQuF7C6Xo44q1QQIjv////// [TRUNCATED]
2022-12-01T13:55:14.222Z (4f1cc606-237b-4db9-a6ef-ec4a5337552c) Endpoint request body after transformations: {
"id":  "12",
"City":  "Korsa",
"Model":  "c12b",
"Street":  "Solli 29",
"SN":  "MD129F64CE",
"Output":  "50",
"PostCode": "19021"
}

2022-12-01T13:55:14.222Z (4f1cc606-237b-4db9-a6ef-ec4a5337552c) Sending request to https://lambda.us-east-1.amazonaws.com/2015-03-31/functions/arn:aws:lambda:us-east-1:391035843039:function:ChargingNetworkPutLF/invocations
2022-12-01T13:55:14.239Z (4f1cc606-237b-4db9-a6ef-ec4a5337552c) Received response. Status: 200, Integration latency: 17 ms
2022-12-01T13:55:14.239Z (4f1cc606-237b-4db9-a6ef-ec4a5337552c) Endpoint response headers: {Date=Thu, 01 Dec 2022 13:55:14 GMT, Content-Type=application/json, Content-Length=104, Connection=keep-alive, x-amzn-RequestId=9019903a-8722-45c9-9118-27960326c44f, x-amzn-Remapped-Content-Length=0, X-Amz-Executed-Version=$LATEST, X-Amzn-Trace-Id=root=1-6388b242-78dc55a93903c182423d9dd6;sampled=0}
2022-12-01T13:55:14.239Z (4f1cc606-237b-4db9-a6ef-ec4a5337552c) Endpoint response body before transformations: {"statusCode": 200, "body": "\"\\\"errorMessage\\\": \\\"One or more parameter values are not valid!\""}
2022-12-01T13:55:14.239Z (4f1cc606-237b-4db9-a6ef-ec4a5337552c) Method response body after transformations: {"statusCode": 200, "body": "\"\\\"errorMessage\\\": \\\"One or more parameter values are not valid!\""}
2022-12-01T13:55:14.239Z (4f1cc606-237b-4db9-a6ef-ec4a5337552c) Method response headers: {X-Amzn-Trace-Id=Root=1-6388b242-78dc55a93903c182423d9dd6;Sampled=0, Content-Type=application/json}
2022-12-01T13:55:14.239Z (4f1cc606-237b-4db9-a6ef-ec4a5337552c) Successfully completed execution
2022-12-01T13:55:14.239Z (4f1cc606-237b-4db9-a6ef-ec4a5337552c) Method completed with status: 200
2022-12-01T13:55:14.239Z (4f1cc606-237b-4db9-a6ef-ec4a5337552c) AWS Integration Endpoint RequestId : 9019903a-8722-45c9-9118-27960326c44f
