2022-12-11T23:07:55.305Z (d13e2977-7907-407f-b3a7-82832714c77e) Extended Request Id: dARfzEQxoAMFzdA=
2022-12-11T23:07:55.305Z (d13e2977-7907-407f-b3a7-82832714c77e) Verifying Usage Plan for request: d13e2977-7907-407f-b3a7-82832714c77e. API Key:  API Stage: h6da3w6ume/production
2022-12-11T23:07:55.306Z (d13e2977-7907-407f-b3a7-82832714c77e) API Key  authorized because method 'PUT /chargers' does not require API Key. Request will not contribute to throttle or quota limits
2022-12-11T23:07:55.306Z (d13e2977-7907-407f-b3a7-82832714c77e) Usage Plan check succeeded for API Key  and API Stage h6da3w6ume/production
2022-12-11T23:07:55.306Z (d13e2977-7907-407f-b3a7-82832714c77e) Starting execution for request: d13e2977-7907-407f-b3a7-82832714c77e
2022-12-11T23:07:55.306Z (d13e2977-7907-407f-b3a7-82832714c77e) HTTP Method: PUT, Resource Path: /chargers/
2022-12-11T23:07:55.306Z (d13e2977-7907-407f-b3a7-82832714c77e) Method request path: {}
2022-12-11T23:07:55.306Z (d13e2977-7907-407f-b3a7-82832714c77e) Method request query string: {City=Vola, Model=c12b, Output=50, PostCode=19024, SN=MD129F547A, Street=Smievegen 16, id=14}
2022-12-11T23:07:55.306Z (d13e2977-7907-407f-b3a7-82832714c77e) Method request headers: {Accept=*/*, User-Agent=python-requests/2.22.0, X-Forwarded-Proto=https, X-Forwarded-For=185.78.69.118, Host=api.elbrusgroup.net, Accept-Encoding=gzip, deflate, X-Forwarded-Port=443, X-Amzn-Trace-Id=Root=1-639662cb-5e93a3d33547090c6fc24b4e}
2022-12-11T23:07:55.306Z (d13e2977-7907-407f-b3a7-82832714c77e) Method request body before transformations: 
2022-12-11T23:07:55.306Z (d13e2977-7907-407f-b3a7-82832714c77e) Endpoint request URI: https://lambda.us-east-1.amazonaws.com/2015-03-31/functions/arn:aws:lambda:us-east-1:391035843039:function:ChargingNetworkPutLF/invocations
2022-12-11T23:07:55.306Z (d13e2977-7907-407f-b3a7-82832714c77e) Endpoint request headers: {X-Amz-Date=20221211T230755Z, x-amzn-apigateway-api-id=h6da3w6ume, Accept=application/json, User-Agent=AmazonAPIGateway_h6da3w6ume, Host=lambda.us-east-1.amazonaws.com, X-Amz-Content-Sha256=a28ea0fdee93850fe5c3aec5d3665d0424ea194917e9371ae818e5c96bd3fa83, X-Amzn-Trace-Id=Root=1-639662cb-5e93a3d33547090c6fc24b4e, x-amzn-lambda-integration-tag=d13e2977-7907-407f-b3a7-82832714c77e, Authorization=*********************************************************************************************************************************************************************************************************************************************************************************************************************************************e43287, X-Amz-Source-Arn=arn:aws:execute-api:us-east-1:391035843039:h6da3w6ume/production/PUT/chargers, X-Amz-Security-Token=IQoJb3JpZ2luX2VjEG8aCXVzLWVhc3QtMSJHMEUCIQD8zLrLgLTgdjE/e2DI2LWMLVccXYzFG32yXoy90fdz4wIgb7ZQfJ5pQB1eUtwzG32mVFXLxVUwu6ttXyyjKJd6/+cq1QQIl/////// [TRUNCATED]
2022-12-11T23:07:55.306Z (d13e2977-7907-407f-b3a7-82832714c77e) Endpoint request body after transformations: {
"id":  "14",
"City":  "Vola",
"Model":  "c12b",
"Street":  "Smievegen 16",
"SN":  "MD129F547A",
"Output":  "50",
"PostCode": "19024"
}

2022-12-11T23:07:55.306Z (d13e2977-7907-407f-b3a7-82832714c77e) Sending request to https://lambda.us-east-1.amazonaws.com/2015-03-31/functions/arn:aws:lambda:us-east-1:391035843039:function:ChargingNetworkPutLF/invocations
2022-12-11T23:07:55.318Z (d13e2977-7907-407f-b3a7-82832714c77e) Received response. Status: 200, Integration latency: 12 ms
2022-12-11T23:07:55.318Z (d13e2977-7907-407f-b3a7-82832714c77e) Endpoint response headers: {Date=Sun, 11 Dec 2022 23:07:55 GMT, Content-Type=application/json, Content-Length=104, Connection=keep-alive, x-amzn-RequestId=a04241ae-f742-4766-acac-49eed1f770b6, x-amzn-Remapped-Content-Length=0, X-Amz-Executed-Version=$LATEST, X-Amzn-Trace-Id=root=1-639662cb-5e93a3d33547090c6fc24b4e;sampled=0}
2022-12-11T23:07:55.318Z (d13e2977-7907-407f-b3a7-82832714c77e) Endpoint response body before transformations: {"statusCode": 200, "body": "\"\\\"errorMessage\\\": \\\"One or more parameter values are not valid!\""}
2022-12-11T23:07:55.318Z (d13e2977-7907-407f-b3a7-82832714c77e) Method response body after transformations: {"statusCode": 200, "body": "\"\\\"errorMessage\\\": \\\"One or more parameter values are not valid!\""}
2022-12-11T23:07:55.318Z (d13e2977-7907-407f-b3a7-82832714c77e) Method response headers: {X-Amzn-Trace-Id=Root=1-639662cb-5e93a3d33547090c6fc24b4e;Sampled=0, Content-Type=application/json}
2022-12-11T23:07:55.318Z (d13e2977-7907-407f-b3a7-82832714c77e) Successfully completed execution
2022-12-11T23:07:55.319Z (d13e2977-7907-407f-b3a7-82832714c77e) Method completed with status: 200
2022-12-11T23:07:55.319Z (d13e2977-7907-407f-b3a7-82832714c77e) AWS Integration Endpoint RequestId : a04241ae-f742-4766-acac-49eed1f770b6
